工作站:USER-TB9MHMEPV7验证:6c6586949e-6c6586949e

{"modtime":"2017-06-13 18:09:20","online":"1","startime":"2017-06-13 18:09:20","lastime":"-0001-11-30 00:00:00"}

工作站:USER-TB9MHMEPV7验证:6c6586949e-6c6586949e

{"modtime":"2017-06-13 18:11:20","online":"1","lastime":"2017-06-13 18:09:20"}

工作站:USER-TB9MHMEPV7验证:6c6586949e-6c6586949e

{"modtime":"2017-06-13 18:13:20","online":"1","lastime":"2017-06-13 18:11:20"}

工作站:USER-TB9MHMEPV7验证:6c6586949e-6c6586949e

{"modtime":"2017-06-13 18:15:20","online":"1","lastime":"2017-06-13 18:13:20"}

工作站:USER-20170525WR验证:f4d88afaf4-f4d88afaf4

{"modtime":"2017-06-13 18:15:46","online":"1","startime":"2017-06-13 18:15:46","lastime":"2017-06-13 18:00:10"}

工作站:USER-20170525WR验证:f4d88afaf4-f4d88afaf4

{"modtime":"2017-06-13 18:17:46","online":"1","lastime":"2017-06-13 18:15:46"}

工作站:USER-20170525WR验证:f4d88afaf4-f4d88afaf4

{"modtime":"2017-06-13 18:19:46","online":"1","lastime":"2017-06-13 18:17:46"}

工作站:USER-TB9MHMEPV7验证:6c6586949e-6c6586949e

{"modtime":"2017-06-13 18:20:39","online":"1","lastime":"2017-06-13 18:15:20"}

工作站:USER-20170525WR验证:f4d88afaf4-f4d88afaf4

{"modtime":"2017-06-13 18:21:46","online":"1","lastime":"2017-06-13 18:19:46"}

工作站:USER-20170525WR验证:f4d88afaf4-f4d88afaf4

{"modtime":"2017-06-13 18:23:46","online":"1","lastime":"2017-06-13 18:21:46"}

工作站:USER-20170525WR验证:f4d88afaf4-f4d88afaf4

{"modtime":"2017-06-13 18:25:46","online":"1","lastime":"2017-06-13 18:23:46"}

工作站:USER-20170525WR验证:f4d88afaf4-f4d88afaf4

{"modtime":"2017-06-13 18:27:46","online":"1","lastime":"2017-06-13 18:25:46"}

工作站:USER-20170525WR验证:f4d88afaf4-f4d88afaf4

{"modtime":"2017-06-13 18:37:32","online":"1","lastime":"2017-06-13 18:27:46"}

工作站:USER-20170525WR验证:f4d88afaf4-f4d88afaf4

{"modtime":"2017-06-13 18:39:32","online":"1","lastime":"2017-06-13 18:37:32"}

工作站:USER-20170525WR验证:f4d88afaf4-f4d88afaf4

{"modtime":"2017-06-13 18:41:32","online":"1","lastime":"2017-06-13 18:39:32"}

工作站:USER-20170525WR验证:f4d88afaf4-f4d88afaf4

{"modtime":"2017-06-13 18:43:32","online":"1","lastime":"2017-06-13 18:41:32"}

工作站:USER-20170525WR验证:f4d88afaf4-f4d88afaf4

{"modtime":"2017-06-13 18:45:32","online":"1","lastime":"2017-06-13 18:43:32"}

工作站:USER-20170525WR验证:f4d88afaf4-f4d88afaf4

{"modtime":"2017-06-13 18:47:32","online":"1","lastime":"2017-06-13 18:45:32"}

工作站:USER-20170525WR验证:f4d88afaf4-f4d88afaf4

{"modtime":"2017-06-13 18:49:32","online":"1","lastime":"2017-06-13 18:47:32"}

工作站:USER-20170525WR验证:f4d88afaf4-f4d88afaf4

{"modtime":"2017-06-13 18:51:32","online":"1","lastime":"2017-06-13 18:49:32"}

工作站:USER-TB9MHMEPV7验证:6c6586949e-6c6586949e

{"modtime":"2017-06-13 18:51:34","online":"1","startime":"2017-06-13 18:51:34","lastime":"-0001-11-30 00:00:00"}

工作站:USER-20170525WR验证:f4d88afaf4-f4d88afaf4

{"modtime":"2017-06-13 18:53:32","online":"1","lastime":"2017-06-13 18:51:32"}

工作站:USER-TB9MHMEPV7验证:6c6586949e-6c6586949e

{"modtime":"2017-06-13 18:53:33","online":"1","lastime":"2017-06-13 18:51:34"}

工作站:USER-20170525WR验证:f4d88afaf4-f4d88afaf4

{"modtime":"2017-06-13 18:55:32","online":"1","lastime":"2017-06-13 18:53:32"}

工作站:USER-TB9MHMEPV7验证:6c6586949e-6c6586949e

{"modtime":"2017-06-13 18:55:34","online":"1","lastime":"2017-06-13 18:53:33"}

工作站:USER-20170525WR验证:f4d88afaf4-f4d88afaf4

{"modtime":"2017-06-13 18:57:32","online":"1","lastime":"2017-06-13 18:55:32"}

工作站:USER-TB9MHMEPV7验证:6c6586949e-6c6586949e

{"modtime":"2017-06-13 18:57:34","online":"1","lastime":"2017-06-13 18:55:34"}

工作站:USER-20170525WR验证:f4d88afaf4-f4d88afaf4

{"modtime":"2017-06-13 18:59:32","online":"1","lastime":"2017-06-13 18:57:32"}

工作站:USER-TB9MHMEPV7验证:6c6586949e-6c6586949e

{"modtime":"2017-06-13 18:59:33","online":"1","lastime":"2017-06-13 18:57:34"}

工作站:USER-20170525WR验证:f4d88afaf4-f4d88afaf4

{"modtime":"2017-06-13 19:01:32","online":"1","lastime":"2017-06-13 18:59:32"}

工作站:USER-TB9MHMEPV7验证:6c6586949e-6c6586949e

{"modtime":"2017-06-13 19:01:33","online":"1","lastime":"2017-06-13 18:59:33"}

工作站:USER-20170525WR验证:f4d88afaf4-f4d88afaf4

{"modtime":"2017-06-13 19:03:32","online":"1","lastime":"2017-06-13 19:01:32"}

工作站:USER-TB9MHMEPV7验证:6c6586949e-6c6586949e

{"modtime":"2017-06-13 19:03:33","online":"1","lastime":"2017-06-13 19:01:33"}

工作站:USER-20170525WR验证:f4d88afaf4-f4d88afaf4

{"modtime":"2017-06-13 19:05:32","online":"1","lastime":"2017-06-13 19:03:32"}

工作站:USER-TB9MHMEPV7验证:6c6586949e-6c6586949e

{"modtime":"2017-06-13 19:05:34","online":"1","lastime":"2017-06-13 19:03:33"}

工作站:USER-20170525WR验证:f4d88afaf4-f4d88afaf4

{"modtime":"2017-06-13 19:07:32","online":"1","lastime":"2017-06-13 19:05:32"}

工作站:USER-TB9MHMEPV7验证:6c6586949e-6c6586949e

{"modtime":"2017-06-13 19:07:33","online":"1","lastime":"2017-06-13 19:05:34"}

工作站:USER-TB9MHMEPV7验证:6c6586949e-6c6586949e

{"modtime":"2017-06-13 19:09:33","online":"1","lastime":"2017-06-13 19:07:33"}

工作站:USER-TB9MHMEPV7验证:6c6586949e-6c6586949e

{"modtime":"2017-06-13 19:11:33","online":"1","lastime":"2017-06-13 19:09:33"}

工作站:USER-20170525WR验证:f4d88afaf4-f4d88afaf4

{"modtime":"2017-06-13 19:12:25","online":"1","lastime":"2017-06-13 19:07:32"}

工作站:USER-TB9MHMEPV7验证:6c6586949e-6c6586949e

{"modtime":"2017-06-13 19:13:33","online":"1","lastime":"2017-06-13 19:11:33"}

工作站:USER-20170525WR验证:f4d88afaf4-f4d88afaf4

{"modtime":"2017-06-13 19:14:25","online":"1","lastime":"2017-06-13 19:12:25"}

工作站:USER-TB9MHMEPV7验证:6c6586949e-6c6586949e

{"modtime":"2017-06-13 19:15:33","online":"1","lastime":"2017-06-13 19:13:33"}

工作站:USER-20170525WR验证:f4d88afaf4-f4d88afaf4

{"modtime":"2017-06-13 19:16:25","online":"1","lastime":"2017-06-13 19:14:25"}

工作站:USER-TB9MHMEPV7验证:6c6586949e-6c6586949e

{"modtime":"2017-06-13 19:17:34","online":"1","lastime":"2017-06-13 19:15:33"}

工作站:USER-20170525WR验证:f4d88afaf4-f4d88afaf4

{"modtime":"2017-06-13 19:18:25","online":"1","lastime":"2017-06-13 19:16:25"}

工作站:USER-TB9MHMEPV7验证:6c6586949e-6c6586949e

{"modtime":"2017-06-13 19:19:34","online":"1","lastime":"2017-06-13 19:17:34"}

工作站:USER-20170525WR验证:f4d88afaf4-f4d88afaf4

{"modtime":"2017-06-13 19:20:25","online":"1","lastime":"2017-06-13 19:18:25"}

工作站:USER-TB9MHMEPV7验证:6c6586949e-6c6586949e

{"modtime":"2017-06-13 19:21:34","online":"1","lastime":"2017-06-13 19:19:34"}

工作站:USER-20170525WR验证:f4d88afaf4-f4d88afaf4

{"modtime":"2017-06-13 19:22:25","online":"1","lastime":"2017-06-13 19:20:25"}

工作站:USER-TB9MHMEPV7验证:6c6586949e-6c6586949e

{"modtime":"2017-06-13 19:23:34","online":"1","lastime":"2017-06-13 19:21:34"}

工作站:USER-20170525WR验证:f4d88afaf4-f4d88afaf4

{"modtime":"2017-06-13 19:24:25","online":"1","lastime":"2017-06-13 19:22:25"}

工作站:USER-TB9MHMEPV7验证:6c6586949e-6c6586949e

{"modtime":"2017-06-13 19:25:34","online":"1","lastime":"2017-06-13 19:23:34"}

工作站:USER-20170525WR验证:f4d88afaf4-f4d88afaf4

{"modtime":"2017-06-13 19:26:25","online":"1","lastime":"2017-06-13 19:24:25"}

工作站:USER-TB9MHMEPV7验证:6c6586949e-6c6586949e

{"modtime":"2017-06-13 19:27:34","online":"1","lastime":"2017-06-13 19:25:34"}

工作站:USER-20170525WR验证:f4d88afaf4-f4d88afaf4

{"modtime":"2017-06-13 19:28:25","online":"1","lastime":"2017-06-13 19:26:25"}

工作站:USER-TB9MHMEPV7验证:6c6586949e-6c6586949e

{"modtime":"2017-06-13 19:29:34","online":"1","lastime":"2017-06-13 19:27:34"}

工作站:USER-20170525WR验证:f4d88afaf4-f4d88afaf4

{"modtime":"2017-06-13 19:30:25","online":"1","lastime":"2017-06-13 19:28:25"}

工作站:USER-TB9MHMEPV7验证:6c6586949e-6c6586949e

{"modtime":"2017-06-13 19:31:33","online":"1","lastime":"2017-06-13 19:29:34"}

工作站:USER-20170525WR验证:f4d88afaf4-f4d88afaf4

{"modtime":"2017-06-13 19:32:25","online":"1","lastime":"2017-06-13 19:30:25"}

工作站:USER-TB9MHMEPV7验证:6c6586949e-6c6586949e

{"modtime":"2017-06-13 19:33:34","online":"1","lastime":"2017-06-13 19:31:33"}

工作站:USER-20170525WR验证:f4d88afaf4-f4d88afaf4

{"modtime":"2017-06-13 19:34:25","online":"1","lastime":"2017-06-13 19:32:25"}

工作站:USER-TB9MHMEPV7验证:6c6586949e-6c6586949e

{"modtime":"2017-06-13 19:35:34","online":"1","lastime":"2017-06-13 19:33:34"}

工作站:USER-20170525WR验证:f4d88afaf4-f4d88afaf4

{"modtime":"2017-06-13 19:36:25","online":"1","lastime":"2017-06-13 19:34:25"}

工作站:USER-TB9MHMEPV7验证:6c6586949e-6c6586949e

{"modtime":"2017-06-13 19:37:33","online":"1","lastime":"2017-06-13 19:35:34"}

工作站:USER-20170525WR验证:f4d88afaf4-f4d88afaf4

{"modtime":"2017-06-13 19:38:25","online":"1","lastime":"2017-06-13 19:36:25"}

工作站:USER-TB9MHMEPV7验证:6c6586949e-6c6586949e

{"modtime":"2017-06-13 19:39:33","online":"1","lastime":"2017-06-13 19:37:33"}

工作站:USER-20170525WR验证:f4d88afaf4-f4d88afaf4

{"modtime":"2017-06-13 19:40:25","online":"1","lastime":"2017-06-13 19:38:25"}

工作站:USER-TB9MHMEPV7验证:6c6586949e-6c6586949e

{"modtime":"2017-06-13 19:41:33","online":"1","lastime":"2017-06-13 19:39:33"}

工作站:USER-20170525WR验证:f4d88afaf4-f4d88afaf4

{"modtime":"2017-06-13 19:42:25","online":"1","lastime":"2017-06-13 19:40:25"}

工作站:USER-TB9MHMEPV7验证:6c6586949e-6c6586949e

{"modtime":"2017-06-13 19:43:34","online":"1","lastime":"2017-06-13 19:41:33"}

工作站:USER-20170525WR验证:f4d88afaf4-f4d88afaf4

{"modtime":"2017-06-13 19:44:25","online":"1","lastime":"2017-06-13 19:42:25"}

工作站:USER-TB9MHMEPV7验证:6c6586949e-6c6586949e

{"modtime":"2017-06-13 19:45:34","online":"1","lastime":"2017-06-13 19:43:34"}

工作站:USER-20170525WR验证:f4d88afaf4-f4d88afaf4

{"modtime":"2017-06-13 19:46:25","online":"1","lastime":"2017-06-13 19:44:25"}

工作站:USER-TB9MHMEPV7验证:6c6586949e-6c6586949e

{"modtime":"2017-06-13 19:47:33","online":"1","lastime":"2017-06-13 19:45:34"}

工作站:USER-20170525WR验证:f4d88afaf4-f4d88afaf4

{"modtime":"2017-06-13 19:48:25","online":"1","lastime":"2017-06-13 19:46:25"}

工作站:USER-TB9MHMEPV7验证:6c6586949e-6c6586949e

{"modtime":"2017-06-13 19:49:34","online":"1","lastime":"2017-06-13 19:47:33"}

工作站:USER-20170525WR验证:f4d88afaf4-f4d88afaf4

{"modtime":"2017-06-13 19:50:25","online":"1","lastime":"2017-06-13 19:48:25"}

工作站:USER-TB9MHMEPV7验证:6c6586949e-6c6586949e

{"modtime":"2017-06-13 19:51:34","online":"1","lastime":"2017-06-13 19:49:34"}

工作站:USER-20170525WR验证:f4d88afaf4-f4d88afaf4

{"modtime":"2017-06-13 19:52:25","online":"1","lastime":"2017-06-13 19:50:25"}

工作站:USER-TB9MHMEPV7验证:6c6586949e-6c6586949e

{"modtime":"2017-06-13 19:53:36","online":"1","lastime":"2017-06-13 19:51:34"}

工作站:USER-20170525WR验证:f4d88afaf4-f4d88afaf4

{"modtime":"2017-06-13 19:54:25","online":"1","lastime":"2017-06-13 19:52:25"}

工作站:USER-TB9MHMEPV7验证:6c6586949e-6c6586949e

{"modtime":"2017-06-13 19:55:34","online":"1","lastime":"2017-06-13 19:53:36"}

工作站:USER-20170525WR验证:f4d88afaf4-f4d88afaf4

{"modtime":"2017-06-13 19:56:25","online":"1","lastime":"2017-06-13 19:54:25"}

工作站:USER-TB9MHMEPV7验证:6c6586949e-6c6586949e

{"modtime":"2017-06-13 19:57:34","online":"1","lastime":"2017-06-13 19:55:34"}

工作站:USER-20170525WR验证:f4d88afaf4-f4d88afaf4

{"modtime":"2017-06-13 19:58:25","online":"1","lastime":"2017-06-13 19:56:25"}

工作站:USER-TB9MHMEPV7验证:6c6586949e-6c6586949e

{"modtime":"2017-06-13 19:59:34","online":"1","lastime":"2017-06-13 19:57:34"}

工作站:USER-20170525WR验证:f4d88afaf4-f4d88afaf4

{"modtime":"2017-06-13 20:00:25","online":"1","lastime":"2017-06-13 19:58:25"}

工作站:USER-TB9MHMEPV7验证:6c6586949e-6c6586949e

{"modtime":"2017-06-13 20:01:33","online":"1","lastime":"2017-06-13 19:59:34"}

工作站:USER-20170525WR验证:f4d88afaf4-f4d88afaf4

{"modtime":"2017-06-13 20:02:25","online":"1","lastime":"2017-06-13 20:00:25"}

工作站:USER-TB9MHMEPV7验证:6c6586949e-6c6586949e

{"modtime":"2017-06-13 20:03:34","online":"1","lastime":"2017-06-13 20:01:33"}

工作站:USER-20170525WR验证:f4d88afaf4-f4d88afaf4

{"modtime":"2017-06-13 20:04:25","online":"1","lastime":"2017-06-13 20:02:25"}

工作站:USER-TB9MHMEPV7验证:6c6586949e-6c6586949e

{"modtime":"2017-06-13 20:05:34","online":"1","lastime":"2017-06-13 20:03:34"}

工作站:USER-20170525WR验证:f4d88afaf4-f4d88afaf4

{"modtime":"2017-06-13 20:06:25","online":"1","lastime":"2017-06-13 20:04:25"}

工作站:USER-TB9MHMEPV7验证:6c6586949e-6c6586949e

{"modtime":"2017-06-13 20:07:35","online":"1","lastime":"2017-06-13 20:05:34"}

工作站:USER-20170525WR验证:f4d88afaf4-f4d88afaf4

{"modtime":"2017-06-13 20:08:25","online":"1","lastime":"2017-06-13 20:06:25"}

工作站:USER-TB9MHMEPV7验证:6c6586949e-6c6586949e

{"modtime":"2017-06-13 20:09:35","online":"1","lastime":"2017-06-13 20:07:35"}

工作站:USER-20170525WR验证:f4d88afaf4-f4d88afaf4

{"modtime":"2017-06-13 20:10:25","online":"1","lastime":"2017-06-13 20:08:25"}

工作站:USER-TB9MHMEPV7验证:6c6586949e-6c6586949e

{"modtime":"2017-06-13 20:11:34","online":"1","lastime":"2017-06-13 20:09:35"}

工作站:USER-20170525WR验证:f4d88afaf4-f4d88afaf4

{"modtime":"2017-06-13 20:12:25","online":"1","lastime":"2017-06-13 20:10:25"}

工作站:USER-TB9MHMEPV7验证:6c6586949e-6c6586949e

{"modtime":"2017-06-13 20:13:34","online":"1","lastime":"2017-06-13 20:11:34"}

工作站:USER-20170525WR验证:f4d88afaf4-f4d88afaf4

{"modtime":"2017-06-13 20:14:25","online":"1","lastime":"2017-06-13 20:12:25"}

工作站:USER-TB9MHMEPV7验证:6c6586949e-6c6586949e

{"modtime":"2017-06-13 20:15:35","online":"1","lastime":"2017-06-13 20:13:34"}

工作站:USER-20170525WR验证:f4d88afaf4-f4d88afaf4

{"modtime":"2017-06-13 20:16:25","online":"1","lastime":"2017-06-13 20:14:25"}

工作站:USER-TB9MHMEPV7验证:6c6586949e-6c6586949e

{"modtime":"2017-06-13 20:17:36","online":"1","lastime":"2017-06-13 20:15:35"}

工作站:USER-20170525WR验证:f4d88afaf4-f4d88afaf4

{"modtime":"2017-06-13 20:18:25","online":"1","lastime":"2017-06-13 20:16:25"}

工作站:USER-TB9MHMEPV7验证:6c6586949e-6c6586949e

{"modtime":"2017-06-13 20:19:34","online":"1","lastime":"2017-06-13 20:17:36"}

工作站:USER-20170525WR验证:f4d88afaf4-f4d88afaf4

{"modtime":"2017-06-13 20:20:25","online":"1","lastime":"2017-06-13 20:18:25"}

工作站:USER-TB9MHMEPV7验证:6c6586949e-6c6586949e

{"modtime":"2017-06-13 20:21:34","online":"1","lastime":"2017-06-13 20:19:34"}

工作站:USER-20170525WR验证:f4d88afaf4-f4d88afaf4

{"modtime":"2017-06-13 20:22:25","online":"1","lastime":"2017-06-13 20:20:25"}

工作站:USER-TB9MHMEPV7验证:6c6586949e-6c6586949e

{"modtime":"2017-06-13 20:23:34","online":"1","lastime":"2017-06-13 20:21:34"}

工作站:USER-20170525WR验证:f4d88afaf4-f4d88afaf4

{"modtime":"2017-06-13 20:24:25","online":"1","lastime":"2017-06-13 20:22:25"}

工作站:USER-TB9MHMEPV7验证:6c6586949e-6c6586949e

{"modtime":"2017-06-13 20:25:35","online":"1","lastime":"2017-06-13 20:23:34"}

工作站:USER-20170525WR验证:f4d88afaf4-f4d88afaf4

{"modtime":"2017-06-13 20:26:25","online":"1","lastime":"2017-06-13 20:24:25"}

工作站:USER-TB9MHMEPV7验证:6c6586949e-6c6586949e

{"modtime":"2017-06-13 20:27:36","online":"1","lastime":"2017-06-13 20:25:35"}

工作站:USER-20170525WR验证:f4d88afaf4-f4d88afaf4

{"modtime":"2017-06-13 20:28:25","online":"1","lastime":"2017-06-13 20:26:25"}

工作站:USER-TB9MHMEPV7验证:6c6586949e-6c6586949e

{"modtime":"2017-06-13 20:29:34","online":"1","lastime":"2017-06-13 20:27:36"}

工作站:USER-20170525WR验证:f4d88afaf4-f4d88afaf4

{"modtime":"2017-06-13 20:30:25","online":"1","lastime":"2017-06-13 20:28:25"}

工作站:USER-TB9MHMEPV7验证:6c6586949e-6c6586949e

{"modtime":"2017-06-13 20:31:35","online":"1","lastime":"2017-06-13 20:29:34"}

工作站:USER-20170525WR验证:f4d88afaf4-f4d88afaf4

{"modtime":"2017-06-13 20:32:25","online":"1","lastime":"2017-06-13 20:30:25"}

工作站:USER-TB9MHMEPV7验证:6c6586949e-6c6586949e

{"modtime":"2017-06-13 20:33:35","online":"1","lastime":"2017-06-13 20:31:35"}

工作站:USER-20170525WR验证:f4d88afaf4-f4d88afaf4

{"modtime":"2017-06-13 20:34:25","online":"1","lastime":"2017-06-13 20:32:25"}

工作站:USER-TB9MHMEPV7验证:6c6586949e-6c6586949e

{"modtime":"2017-06-13 20:35:36","online":"1","lastime":"2017-06-13 20:33:35"}

工作站:USER-20170525WR验证:f4d88afaf4-f4d88afaf4

{"modtime":"2017-06-13 20:36:25","online":"1","lastime":"2017-06-13 20:34:25"}

工作站:USER-TB9MHMEPV7验证:6c6586949e-6c6586949e

{"modtime":"2017-06-13 20:37:34","online":"1","lastime":"2017-06-13 20:35:36"}

工作站:USER-20170525WR验证:f4d88afaf4-f4d88afaf4

{"modtime":"2017-06-13 20:38:25","online":"1","lastime":"2017-06-13 20:36:25"}

工作站:USER-TB9MHMEPV7验证:6c6586949e-6c6586949e

{"modtime":"2017-06-13 20:39:37","online":"1","lastime":"2017-06-13 20:37:34"}

工作站:USER-20170525WR验证:f4d88afaf4-f4d88afaf4

{"modtime":"2017-06-13 20:40:25","online":"1","lastime":"2017-06-13 20:38:25"}

工作站:USER-TB9MHMEPV7验证:6c6586949e-6c6586949e

{"modtime":"2017-06-13 20:41:38","online":"1","lastime":"2017-06-13 20:39:37"}

工作站:USER-20170525WR验证:f4d88afaf4-f4d88afaf4

{"modtime":"2017-06-13 20:42:25","online":"1","lastime":"2017-06-13 20:40:25"}

工作站:USER-TB9MHMEPV7验证:6c6586949e-6c6586949e

{"modtime":"2017-06-13 20:43:37","online":"1","lastime":"2017-06-13 20:41:38"}

工作站:USER-20170525WR验证:f4d88afaf4-f4d88afaf4

{"modtime":"2017-06-13 20:44:25","online":"1","lastime":"2017-06-13 20:42:25"}

工作站:USER-TB9MHMEPV7验证:6c6586949e-6c6586949e

{"modtime":"2017-06-13 20:45:35","online":"1","lastime":"2017-06-13 20:43:37"}

工作站:USER-20170525WR验证:f4d88afaf4-f4d88afaf4

{"modtime":"2017-06-13 20:46:25","online":"1","lastime":"2017-06-13 20:44:25"}

工作站:USER-TB9MHMEPV7验证:6c6586949e-6c6586949e

{"modtime":"2017-06-13 20:47:38","online":"1","lastime":"2017-06-13 20:45:35"}

工作站:USER-20170525WR验证:f4d88afaf4-f4d88afaf4

{"modtime":"2017-06-13 20:48:25","online":"1","lastime":"2017-06-13 20:46:25"}

工作站:USER-TB9MHMEPV7验证:6c6586949e-6c6586949e

{"modtime":"2017-06-13 20:49:36","online":"1","lastime":"2017-06-13 20:47:38"}

工作站:USER-20170525WR验证:f4d88afaf4-f4d88afaf4

{"modtime":"2017-06-13 20:50:25","online":"1","lastime":"2017-06-13 20:48:25"}

工作站:USER-TB9MHMEPV7验证:6c6586949e-6c6586949e

{"modtime":"2017-06-13 20:51:38","online":"1","lastime":"2017-06-13 20:49:36"}

工作站:USER-20170525WR验证:f4d88afaf4-f4d88afaf4

{"modtime":"2017-06-13 20:52:25","online":"1","lastime":"2017-06-13 20:50:25"}

工作站:USER-TB9MHMEPV7验证:6c6586949e-6c6586949e

{"modtime":"2017-06-13 20:53:35","online":"1","lastime":"2017-06-13 20:51:38"}

工作站:USER-20170525WR验证:f4d88afaf4-f4d88afaf4

{"modtime":"2017-06-13 20:54:25","online":"1","lastime":"2017-06-13 20:52:25"}

工作站:USER-TB9MHMEPV7验证:6c6586949e-6c6586949e

{"modtime":"2017-06-13 20:55:39","online":"1","lastime":"2017-06-13 20:53:35"}

工作站:USER-20170525WR验证:f4d88afaf4-f4d88afaf4

{"modtime":"2017-06-13 20:56:25","online":"1","lastime":"2017-06-13 20:54:25"}

工作站:USER-TB9MHMEPV7验证:6c6586949e-6c6586949e

{"modtime":"2017-06-13 20:57:36","online":"1","lastime":"2017-06-13 20:55:39"}

工作站:USER-20170525WR验证:f4d88afaf4-f4d88afaf4

{"modtime":"2017-06-13 20:58:25","online":"1","lastime":"2017-06-13 20:56:25"}

工作站:USER-TB9MHMEPV7验证:6c6586949e-6c6586949e

{"modtime":"2017-06-13 20:59:35","online":"1","lastime":"2017-06-13 20:57:36"}

工作站:USER-20170525WR验证:f4d88afaf4-f4d88afaf4

{"modtime":"2017-06-13 21:00:25","online":"1","lastime":"2017-06-13 20:58:25"}

工作站:USER-TB9MHMEPV7验证:6c6586949e-6c6586949e

{"modtime":"2017-06-13 21:01:43","online":"1","lastime":"2017-06-13 20:59:35"}

工作站:USER-20170525WR验证:f4d88afaf4-f4d88afaf4

{"modtime":"2017-06-13 21:02:25","online":"1","lastime":"2017-06-13 21:00:25"}

工作站:USER-TB9MHMEPV7验证:6c6586949e-6c6586949e

{"modtime":"2017-06-13 21:03:35","online":"1","lastime":"2017-06-13 21:01:43"}

工作站:USER-20170525WR验证:f4d88afaf4-f4d88afaf4

{"modtime":"2017-06-13 21:04:25","online":"1","lastime":"2017-06-13 21:02:25"}

工作站:USER-TB9MHMEPV7验证:6c6586949e-6c6586949e

{"modtime":"2017-06-13 21:05:40","online":"1","lastime":"2017-06-13 21:03:35"}

工作站:USER-20170525WR验证:f4d88afaf4-f4d88afaf4

{"modtime":"2017-06-13 21:06:25","online":"1","lastime":"2017-06-13 21:04:25"}

工作站:USER-TB9MHMEPV7验证:6c6586949e-6c6586949e

{"modtime":"2017-06-13 21:07:36","online":"1","lastime":"2017-06-13 21:05:40"}

工作站:USER-20170525WR验证:f4d88afaf4-f4d88afaf4

{"modtime":"2017-06-13 21:08:25","online":"1","lastime":"2017-06-13 21:06:25"}

工作站:USER-TB9MHMEPV7验证:6c6586949e-6c6586949e

{"modtime":"2017-06-13 21:09:42","online":"1","lastime":"2017-06-13 21:07:36"}

工作站:USER-20170525WR验证:f4d88afaf4-f4d88afaf4

{"modtime":"2017-06-13 21:10:25","online":"1","lastime":"2017-06-13 21:08:25"}

工作站:USER-TB9MHMEPV7验证:6c6586949e-6c6586949e

{"modtime":"2017-06-13 21:11:38","online":"1","lastime":"2017-06-13 21:09:42"}

工作站:USER-20170525WR验证:f4d88afaf4-f4d88afaf4

{"modtime":"2017-06-13 21:12:25","online":"1","lastime":"2017-06-13 21:10:25"}

工作站:USER-TB9MHMEPV7验证:6c6586949e-6c6586949e

{"modtime":"2017-06-13 21:13:35","online":"1","lastime":"2017-06-13 21:11:38"}

工作站:USER-20170525WR验证:f4d88afaf4-f4d88afaf4

{"modtime":"2017-06-13 21:14:25","online":"1","lastime":"2017-06-13 21:12:25"}

工作站:USER-20170525WR验证:f4d88afaf4-f4d88afaf4

{"modtime":"2017-06-13 21:16:25","online":"1","lastime":"2017-06-13 21:14:25"}

工作站:USER-20170525WR验证:f4d88afaf4-f4d88afaf4

{"modtime":"2017-06-13 21:18:25","online":"1","lastime":"2017-06-13 21:16:25"}

工作站:USER-20170525WR验证:f4d88afaf4-f4d88afaf4

{"modtime":"2017-06-13 21:20:25","online":"1","lastime":"2017-06-13 21:18:25"}

工作站:USER-20170525WR验证:f4d88afaf4-f4d88afaf4

{"modtime":"2017-06-13 21:22:25","online":"1","lastime":"2017-06-13 21:20:25"}

工作站:USER-20170525WR验证:f4d88afaf4-f4d88afaf4

{"modtime":"2017-06-13 21:24:25","online":"1","lastime":"2017-06-13 21:22:25"}

工作站:USER-20170525WR验证:f4d88afaf4-f4d88afaf4

{"modtime":"2017-06-13 21:26:25","online":"1","lastime":"2017-06-13 21:24:25"}

工作站:USER-20170525WR验证:f4d88afaf4-f4d88afaf4

{"modtime":"2017-06-13 21:28:25","online":"1","lastime":"2017-06-13 21:26:25"}

工作站:USER-20170525WR验证:f4d88afaf4-f4d88afaf4

{"modtime":"2017-06-13 21:30:25","online":"1","lastime":"2017-06-13 21:28:25"}

工作站:USER-20170525WR验证:f4d88afaf4-f4d88afaf4

{"modtime":"2017-06-13 21:32:25","online":"1","lastime":"2017-06-13 21:30:25"}

工作站:USER-20170525WR验证:f4d88afaf4-f4d88afaf4

{"modtime":"2017-06-13 21:34:25","online":"1","lastime":"2017-06-13 21:32:25"}

工作站:USER-20170525WR验证:f4d88afaf4-f4d88afaf4

{"modtime":"2017-06-13 21:36:25","online":"1","lastime":"2017-06-13 21:34:25"}

工作站:USER-20170525WR验证:f4d88afaf4-f4d88afaf4

{"modtime":"2017-06-13 21:38:25","online":"1","lastime":"2017-06-13 21:36:25"}

工作站:USER-20170525WR验证:f4d88afaf4-f4d88afaf4

{"modtime":"2017-06-13 21:40:25","online":"1","lastime":"2017-06-13 21:38:25"}

工作站:USER-20170525WR验证:f4d88afaf4-f4d88afaf4

{"modtime":"2017-06-13 21:42:25","online":"1","lastime":"2017-06-13 21:40:25"}

工作站:USER-20170525WR验证:f4d88afaf4-f4d88afaf4

{"modtime":"2017-06-13 21:44:25","online":"1","lastime":"2017-06-13 21:42:25"}

工作站:USER-20170525WR验证:f4d88afaf4-f4d88afaf4

{"modtime":"2017-06-13 21:46:25","online":"1","lastime":"2017-06-13 21:44:25"}

工作站:USER-20170525WR验证:f4d88afaf4-f4d88afaf4

{"modtime":"2017-06-13 21:48:25","online":"1","lastime":"2017-06-13 21:46:25"}

工作站:USER-20170525WR验证:f4d88afaf4-f4d88afaf4

{"modtime":"2017-06-13 21:50:25","online":"1","lastime":"2017-06-13 21:48:25"}

工作站:USER-20170525WR验证:f4d88afaf4-f4d88afaf4

{"modtime":"2017-06-13 21:52:25","online":"1","lastime":"2017-06-13 21:50:25"}

工作站:USER-20170525WR验证:f4d88afaf4-f4d88afaf4

{"modtime":"2017-06-13 21:54:25","online":"1","lastime":"2017-06-13 21:52:25"}

工作站:USER-20170525WR验证:f4d88afaf4-f4d88afaf4

{"modtime":"2017-06-13 21:56:25","online":"1","lastime":"2017-06-13 21:54:25"}

工作站:USER-20170525WR验证:f4d88afaf4-f4d88afaf4

{"modtime":"2017-06-13 21:58:25","online":"1","lastime":"2017-06-13 21:56:25"}

工作站:USER-20170525WR验证:f4d88afaf4-f4d88afaf4

{"modtime":"2017-06-13 22:00:25","online":"1","lastime":"2017-06-13 21:58:25"}

工作站:USER-20170525WR验证:f4d88afaf4-f4d88afaf4

{"modtime":"2017-06-13 22:02:25","online":"1","lastime":"2017-06-13 22:00:25"}

工作站:USER-20170525WR验证:f4d88afaf4-f4d88afaf4

{"modtime":"2017-06-13 22:04:25","online":"1","lastime":"2017-06-13 22:02:25"}

工作站:USER-20170525WR验证:f4d88afaf4-f4d88afaf4

{"modtime":"2017-06-13 22:06:25","online":"1","lastime":"2017-06-13 22:04:25"}

工作站:USER-20170525WR验证:f4d88afaf4-f4d88afaf4

{"modtime":"2017-06-13 22:08:25","online":"1","lastime":"2017-06-13 22:06:25"}

工作站:USER-20170525WR验证:f4d88afaf4-f4d88afaf4

{"modtime":"2017-06-13 22:10:25","online":"1","lastime":"2017-06-13 22:08:25"}

工作站:USER-20170525WR验证:f4d88afaf4-f4d88afaf4

{"modtime":"2017-06-13 22:12:25","online":"1","lastime":"2017-06-13 22:10:25"}

工作站:USER-20170525WR验证:f4d88afaf4-f4d88afaf4

{"modtime":"2017-06-13 22:14:25","online":"1","lastime":"2017-06-13 22:12:25"}

工作站:USER-20170525WR验证:f4d88afaf4-f4d88afaf4

{"modtime":"2017-06-13 22:16:25","online":"1","lastime":"2017-06-13 22:14:25"}

工作站:USER-20170525WR验证:f4d88afaf4-f4d88afaf4

{"modtime":"2017-06-13 22:18:25","online":"1","lastime":"2017-06-13 22:16:25"}

工作站:USER-20170525WR验证:f4d88afaf4-f4d88afaf4

{"modtime":"2017-06-13 22:20:25","online":"1","lastime":"2017-06-13 22:18:25"}

工作站:USER-20170525WR验证:f4d88afaf4-f4d88afaf4

{"modtime":"2017-06-13 22:22:25","online":"1","lastime":"2017-06-13 22:20:25"}

工作站:USER-20170525WR验证:f4d88afaf4-f4d88afaf4

{"modtime":"2017-06-13 22:24:25","online":"1","lastime":"2017-06-13 22:22:25"}

工作站:USER-20170525WR验证:f4d88afaf4-f4d88afaf4

{"modtime":"2017-06-13 22:26:25","online":"1","lastime":"2017-06-13 22:24:25"}

工作站:USER-20170525WR验证:f4d88afaf4-f4d88afaf4

{"modtime":"2017-06-13 22:28:25","online":"1","lastime":"2017-06-13 22:26:25"}

工作站:USER-20170525WR验证:f4d88afaf4-f4d88afaf4

{"modtime":"2017-06-13 22:30:25","online":"1","lastime":"2017-06-13 22:28:25"}

工作站:USER-20170525WR验证:f4d88afaf4-f4d88afaf4

{"modtime":"2017-06-13 22:32:25","online":"1","lastime":"2017-06-13 22:30:25"}

工作站:USER-20170525WR验证:f4d88afaf4-f4d88afaf4

{"modtime":"2017-06-13 22:34:25","online":"1","lastime":"2017-06-13 22:32:25"}

工作站:USER-20170525WR验证:f4d88afaf4-f4d88afaf4

{"modtime":"2017-06-13 22:36:25","online":"1","lastime":"2017-06-13 22:34:25"}

工作站:USER-20170525WR验证:f4d88afaf4-f4d88afaf4

{"modtime":"2017-06-13 22:38:25","online":"1","lastime":"2017-06-13 22:36:25"}

工作站:USER-20170525WR验证:f4d88afaf4-f4d88afaf4

{"modtime":"2017-06-13 22:40:25","online":"1","lastime":"2017-06-13 22:38:25"}

工作站:USER-20170525WR验证:f4d88afaf4-f4d88afaf4

{"modtime":"2017-06-13 22:42:25","online":"1","lastime":"2017-06-13 22:40:25"}

工作站:USER-20170525WR验证:f4d88afaf4-f4d88afaf4

{"modtime":"2017-06-13 22:44:25","online":"1","lastime":"2017-06-13 22:42:25"}

工作站:USER-20170525WR验证:f4d88afaf4-f4d88afaf4

{"modtime":"2017-06-13 22:46:25","online":"1","lastime":"2017-06-13 22:44:25"}

工作站:USER-20170525WR验证:f4d88afaf4-f4d88afaf4

{"modtime":"2017-06-13 22:48:25","online":"1","lastime":"2017-06-13 22:46:25"}

工作站:USER-20170525WR验证:f4d88afaf4-f4d88afaf4

{"modtime":"2017-06-13 22:50:25","online":"1","lastime":"2017-06-13 22:48:25"}

工作站:USER-20170525WR验证:f4d88afaf4-f4d88afaf4

{"modtime":"2017-06-13 22:52:25","online":"1","lastime":"2017-06-13 22:50:25"}

工作站:USER-20170525WR验证:f4d88afaf4-f4d88afaf4

{"modtime":"2017-06-13 22:54:25","online":"1","lastime":"2017-06-13 22:52:25"}

工作站:USER-20170525WR验证:f4d88afaf4-f4d88afaf4

{"modtime":"2017-06-13 22:56:25","online":"1","lastime":"2017-06-13 22:54:25"}

工作站:USER-20170525WR验证:f4d88afaf4-f4d88afaf4

{"modtime":"2017-06-13 22:58:25","online":"1","lastime":"2017-06-13 22:56:25"}

工作站:USER-20170525WR验证:f4d88afaf4-f4d88afaf4

{"modtime":"2017-06-13 23:00:25","online":"1","lastime":"2017-06-13 22:58:25"}

工作站:USER-20170525WR验证:f4d88afaf4-f4d88afaf4

{"modtime":"2017-06-13 23:02:25","online":"1","lastime":"2017-06-13 23:00:25"}

工作站:USER-20170525WR验证:f4d88afaf4-f4d88afaf4

{"modtime":"2017-06-13 23:04:25","online":"1","lastime":"2017-06-13 23:02:25"}

工作站:USER-20170525WR验证:f4d88afaf4-f4d88afaf4

{"modtime":"2017-06-13 23:06:25","online":"1","lastime":"2017-06-13 23:04:25"}

工作站:USER-20170525WR验证:f4d88afaf4-f4d88afaf4

{"modtime":"2017-06-13 23:08:25","online":"1","lastime":"2017-06-13 23:06:25"}

工作站:USER-20170525WR验证:f4d88afaf4-f4d88afaf4

{"modtime":"2017-06-13 23:10:25","online":"1","lastime":"2017-06-13 23:08:25"}

工作站:USER-20170525WR验证:f4d88afaf4-f4d88afaf4

{"modtime":"2017-06-13 23:12:25","online":"1","lastime":"2017-06-13 23:10:25"}

工作站:USER-20170525WR验证:f4d88afaf4-f4d88afaf4

{"modtime":"2017-06-13 23:14:25","online":"1","lastime":"2017-06-13 23:12:25"}

工作站:USER-20170525WR验证:f4d88afaf4-f4d88afaf4

{"modtime":"2017-06-13 23:16:25","online":"1","lastime":"2017-06-13 23:14:25"}

工作站:USER-20170525WR验证:f4d88afaf4-f4d88afaf4

{"modtime":"2017-06-13 23:18:25","online":"1","lastime":"2017-06-13 23:16:25"}

工作站:USER-20170525WR验证:f4d88afaf4-f4d88afaf4

{"modtime":"2017-06-13 23:20:25","online":"1","lastime":"2017-06-13 23:18:25"}

工作站:USER-20170525WR验证:f4d88afaf4-f4d88afaf4

{"modtime":"2017-06-13 23:22:25","online":"1","lastime":"2017-06-13 23:20:25"}

工作站:USER-20170525WR验证:f4d88afaf4-f4d88afaf4

{"modtime":"2017-06-13 23:24:25","online":"1","lastime":"2017-06-13 23:22:25"}

工作站:USER-20170525WR验证:f4d88afaf4-f4d88afaf4

{"modtime":"2017-06-13 23:26:25","online":"1","lastime":"2017-06-13 23:24:25"}

工作站:USER-20170525WR验证:f4d88afaf4-f4d88afaf4

{"modtime":"2017-06-13 23:28:25","online":"1","lastime":"2017-06-13 23:26:25"}

工作站:USER-20170525WR验证:f4d88afaf4-f4d88afaf4

{"modtime":"2017-06-13 23:30:25","online":"1","lastime":"2017-06-13 23:28:25"}

工作站:USER-20170525WR验证:f4d88afaf4-f4d88afaf4

{"modtime":"2017-06-13 23:32:25","online":"1","lastime":"2017-06-13 23:30:25"}

工作站:USER-20170525WR验证:f4d88afaf4-f4d88afaf4

{"modtime":"2017-06-13 23:34:25","online":"1","lastime":"2017-06-13 23:32:25"}

工作站:USER-20170525WR验证:f4d88afaf4-f4d88afaf4

{"modtime":"2017-06-13 23:36:25","online":"1","lastime":"2017-06-13 23:34:25"}

工作站:USER-20170525WR验证:f4d88afaf4-f4d88afaf4

{"modtime":"2017-06-13 23:38:25","online":"1","lastime":"2017-06-13 23:36:25"}

工作站:USER-20170525WR验证:f4d88afaf4-f4d88afaf4

{"modtime":"2017-06-13 23:40:25","online":"1","lastime":"2017-06-13 23:38:25"}

工作站:USER-20170525WR验证:f4d88afaf4-f4d88afaf4

{"modtime":"2017-06-13 23:42:25","online":"1","lastime":"2017-06-13 23:40:25"}

工作站:USER-20170525WR验证:f4d88afaf4-f4d88afaf4

{"modtime":"2017-06-13 23:44:25","online":"1","lastime":"2017-06-13 23:42:25"}

工作站:USER-20170525WR验证:f4d88afaf4-f4d88afaf4

{"modtime":"2017-06-13 23:46:25","online":"1","lastime":"2017-06-13 23:44:25"}

工作站:USER-20170525WR验证:f4d88afaf4-f4d88afaf4

{"modtime":"2017-06-13 23:48:25","online":"1","lastime":"2017-06-13 23:46:25"}

工作站:USER-20170525WR验证:f4d88afaf4-f4d88afaf4

{"modtime":"2017-06-13 23:50:25","online":"1","lastime":"2017-06-13 23:48:25"}

工作站:USER-20170525WR验证:f4d88afaf4-f4d88afaf4

{"modtime":"2017-06-13 23:52:25","online":"1","lastime":"2017-06-13 23:50:25"}

工作站:USER-20170525WR验证:f4d88afaf4-f4d88afaf4

{"modtime":"2017-06-13 23:54:25","online":"1","lastime":"2017-06-13 23:52:25"}

工作站:USER-20170525WR验证:f4d88afaf4-f4d88afaf4

{"modtime":"2017-06-13 23:56:25","online":"1","lastime":"2017-06-13 23:54:25"}

工作站:USER-20170525WR验证:f4d88afaf4-f4d88afaf4

{"modtime":"2017-06-13 23:58:25","online":"1","lastime":"2017-06-13 23:56:25"}

