工作站:USER-TB9MHMEPV7验证:6c6586949e-6c6586949e

{"modtime":"2017-06-15 00:22:20","online":"1","startime":"2017-06-15 00:22:20","lastime":"2017-06-13 21:13:35"}

工作站:USER-TB9MHMEPV7验证:6c6586949e-6c6586949e

{"modtime":"2017-06-15 00:24:19","online":"1","lastime":"2017-06-15 00:22:20"}

工作站:USER-TB9MHMEPV7验证:6c6586949e-6c6586949e

{"modtime":"2017-06-15 00:26:19","online":"1","lastime":"2017-06-15 00:24:19"}

工作站:USER-TB9MHMEPV7验证:6c6586949e-6c6586949e

{"modtime":"2017-06-15 00:28:20","online":"1","lastime":"2017-06-15 00:26:19"}

工作站:USER-TB9MHMEPV7验证:6c6586949e-6c6586949e

{"modtime":"2017-06-15 00:30:19","online":"1","lastime":"2017-06-15 00:28:20"}

工作站:USER-TB9MHMEPV7验证:6c6586949e-6c6586949e

{"modtime":"2017-06-15 00:32:20","online":"1","lastime":"2017-06-15 00:30:19"}

工作站:USER-TB9MHMEPV7验证:6c6586949e-6c6586949e

{"modtime":"2017-06-15 00:34:20","online":"1","lastime":"2017-06-15 00:32:20"}

工作站:USER-TB9MHMEPV7验证:6c6586949e-6c6586949e

{"modtime":"2017-06-15 00:36:20","online":"1","lastime":"2017-06-15 00:34:20"}

工作站:USER-TB9MHMEPV7验证:6c6586949e-6c6586949e

{"modtime":"2017-06-15 00:38:20","online":"1","lastime":"2017-06-15 00:36:20"}

工作站:USER-TB9MHMEPV7验证:6c6586949e-6c6586949e

{"modtime":"2017-06-15 00:40:19","online":"1","lastime":"2017-06-15 00:38:20"}

工作站:USER-TB9MHMEPV7验证:6c6586949e-6c6586949e

{"modtime":"2017-06-15 00:42:20","online":"1","lastime":"2017-06-15 00:40:19"}

工作站:USER-TB9MHMEPV7验证:6c6586949e-6c6586949e

{"modtime":"2017-06-15 00:44:20","online":"1","lastime":"2017-06-15 00:42:20"}

工作站:USER-TB9MHMEPV7验证:6c6586949e-6c6586949e

{"modtime":"2017-06-15 00:46:20","online":"1","lastime":"2017-06-15 00:44:20"}

工作站:USER-TB9MHMEPV7验证:6c6586949e-6c6586949e

{"modtime":"2017-06-15 00:48:19","online":"1","lastime":"2017-06-15 00:46:20"}

工作站:USER-TB9MHMEPV7验证:6c6586949e-6c6586949e

{"modtime":"2017-06-15 00:50:20","online":"1","lastime":"2017-06-15 00:48:19"}

工作站:USER-TB9MHMEPV7验证:6c6586949e-6c6586949e

{"modtime":"2017-06-15 00:52:20","online":"1","lastime":"2017-06-15 00:50:20"}

工作站:USER-TB9MHMEPV7验证:6c6586949e-6c6586949e

{"modtime":"2017-06-15 00:54:20","online":"1","lastime":"2017-06-15 00:52:20"}

工作站:USER-TB9MHMEPV7验证:6c6586949e-6c6586949e

{"modtime":"2017-06-15 00:56:20","online":"1","lastime":"2017-06-15 00:54:20"}

工作站:USER-TB9MHMEPV7验证:6c6586949e-6c6586949e

{"modtime":"2017-06-15 00:58:20","online":"1","lastime":"2017-06-15 00:56:20"}

工作站:USER-TB9MHMEPV7验证:6c6586949e-6c6586949e

{"modtime":"2017-06-15 01:00:20","online":"1","lastime":"2017-06-15 00:58:20"}

工作站:USER-TB9MHMEPV7验证:6c6586949e-6c6586949e

{"modtime":"2017-06-15 01:02:20","online":"1","lastime":"2017-06-15 01:00:20"}

工作站:USER-TB9MHMEPV7验证:6c6586949e-6c6586949e

{"modtime":"2017-06-15 01:04:20","online":"1","lastime":"2017-06-15 01:02:20"}

工作站:USER-TB9MHMEPV7验证:6c6586949e-6c6586949e

{"modtime":"2017-06-15 01:06:21","online":"1","lastime":"2017-06-15 01:04:20"}

工作站:USER-TB9MHMEPV7验证:6c6586949e-6c6586949e

{"modtime":"2017-06-15 01:08:20","online":"1","lastime":"2017-06-15 01:06:21"}

工作站:USER-TB9MHMEPV7验证:6c6586949e-6c6586949e

{"modtime":"2017-06-15 01:10:20","online":"1","lastime":"2017-06-15 01:08:20"}

工作站:USER-TB9MHMEPV7验证:6c6586949e-6c6586949e

{"modtime":"2017-06-15 01:12:20","online":"1","lastime":"2017-06-15 01:10:20"}

工作站:USER-TB9MHMEPV7验证:6c6586949e-6c6586949e

{"modtime":"2017-06-15 01:14:20","online":"1","lastime":"2017-06-15 01:12:20"}

工作站:USER-TB9MHMEPV7验证:6c6586949e-6c6586949e

{"modtime":"2017-06-15 01:16:20","online":"1","lastime":"2017-06-15 01:14:20"}

工作站:USER-TB9MHMEPV7验证:6c6586949e-6c6586949e

{"modtime":"2017-06-15 01:18:27","online":"1","lastime":"2017-06-15 01:16:20"}

工作站:USER-TB9MHMEPV7验证:6c6586949e-6c6586949e

{"modtime":"2017-06-15 01:20:21","online":"1","lastime":"2017-06-15 01:18:27"}

工作站:USER-TB9MHMEPV7验证:6c6586949e-6c6586949e

{"modtime":"2017-06-15 01:22:21","online":"1","lastime":"2017-06-15 01:20:21"}

工作站:USER-TB9MHMEPV7验证:6c6586949e-6c6586949e

{"modtime":"2017-06-15 01:24:20","online":"1","lastime":"2017-06-15 01:22:21"}

工作站:USER-TB9MHMEPV7验证:6c6586949e-6c6586949e

{"modtime":"2017-06-15 01:26:21","online":"1","lastime":"2017-06-15 01:24:20"}

工作站:USER-TB9MHMEPV7验证:6c6586949e-6c6586949e

{"modtime":"2017-06-15 01:28:20","online":"1","lastime":"2017-06-15 01:26:21"}

工作站:USER-TB9MHMEPV7验证:6c6586949e-6c6586949e

{"modtime":"2017-06-15 01:30:31","online":"1","lastime":"2017-06-15 01:28:20"}

工作站:USER-TB9MHMEPV7验证:6c6586949e-6c6586949e

{"modtime":"2017-06-15 01:32:20","online":"1","lastime":"2017-06-15 01:30:31"}

工作站:USER-TB9MHMEPV7验证:6c6586949e-6c6586949e

{"modtime":"2017-06-15 01:34:20","online":"1","lastime":"2017-06-15 01:32:20"}

工作站:USER-TB9MHMEPV7验证:6c6586949e-6c6586949e

{"modtime":"2017-06-15 01:36:20","online":"1","lastime":"2017-06-15 01:34:20"}

工作站:USER-TB9MHMEPV7验证:6c6586949e-6c6586949e

{"modtime":"2017-06-15 01:38:21","online":"1","lastime":"2017-06-15 01:36:20"}

工作站:USER-TB9MHMEPV7验证:6c6586949e-6c6586949e

{"modtime":"2017-06-15 01:40:21","online":"1","lastime":"2017-06-15 01:38:21"}

工作站:USER-TB9MHMEPV7验证:6c6586949e-6c6586949e

{"modtime":"2017-06-15 01:42:21","online":"1","lastime":"2017-06-15 01:40:21"}

工作站:USER-TB9MHMEPV7验证:6c6586949e-6c6586949e

{"modtime":"2017-06-15 01:44:21","online":"1","lastime":"2017-06-15 01:42:21"}

工作站:USER-TB9MHMEPV7验证:6c6586949e-6c6586949e

{"modtime":"2017-06-15 01:46:21","online":"1","lastime":"2017-06-15 01:44:21"}

工作站:USER-TB9MHMEPV7验证:6c6586949e-6c6586949e

{"modtime":"2017-06-15 01:48:21","online":"1","lastime":"2017-06-15 01:46:21"}

工作站:USER-TB9MHMEPV7验证:6c6586949e-6c6586949e

{"modtime":"2017-06-15 01:50:20","online":"1","lastime":"2017-06-15 01:48:21"}

工作站:USER-TB9MHMEPV7验证:6c6586949e-6c6586949e

{"modtime":"2017-06-15 01:52:21","online":"1","lastime":"2017-06-15 01:50:20"}

工作站:USER-TB9MHMEPV7验证:6c6586949e-6c6586949e

{"modtime":"2017-06-15 01:54:21","online":"1","lastime":"2017-06-15 01:52:21"}

工作站:USER-TB9MHMEPV7验证:6c6586949e-6c6586949e

{"modtime":"2017-06-15 01:56:21","online":"1","lastime":"2017-06-15 01:54:21"}

工作站:USER-TB9MHMEPV7验证:6c6586949e-6c6586949e

{"modtime":"2017-06-15 01:58:21","online":"1","lastime":"2017-06-15 01:56:21"}

工作站:USER-TB9MHMEPV7验证:6c6586949e-6c6586949e

{"modtime":"2017-06-15 02:00:21","online":"1","lastime":"2017-06-15 01:58:21"}

工作站:USER-TB9MHMEPV7验证:6c6586949e-6c6586949e

{"modtime":"2017-06-15 02:02:21","online":"1","lastime":"2017-06-15 02:00:21"}

工作站:USER-TB9MHMEPV7验证:6c6586949e-6c6586949e

{"modtime":"2017-06-15 02:04:21","online":"1","lastime":"2017-06-15 02:02:21"}

工作站:USER-TB9MHMEPV7验证:6c6586949e-6c6586949e

{"modtime":"2017-06-15 02:06:21","online":"1","lastime":"2017-06-15 02:04:21"}

工作站:USER-TB9MHMEPV7验证:6c6586949e-6c6586949e

{"modtime":"2017-06-15 02:08:21","online":"1","lastime":"2017-06-15 02:06:21"}

工作站:USER-TB9MHMEPV7验证:6c6586949e-6c6586949e

{"modtime":"2017-06-15 02:10:21","online":"1","lastime":"2017-06-15 02:08:21"}

工作站:USER-TB9MHMEPV7验证:6c6586949e-6c6586949e

{"modtime":"2017-06-15 02:12:21","online":"1","lastime":"2017-06-15 02:10:21"}

工作站:USER-TB9MHMEPV7验证:6c6586949e-6c6586949e

{"modtime":"2017-06-15 02:14:20","online":"1","lastime":"2017-06-15 02:12:21"}

工作站:USER-TB9MHMEPV7验证:6c6586949e-6c6586949e

{"modtime":"2017-06-15 02:16:21","online":"1","lastime":"2017-06-15 02:14:20"}

工作站:USER-TB9MHMEPV7验证:6c6586949e-6c6586949e

{"modtime":"2017-06-15 02:18:21","online":"1","lastime":"2017-06-15 02:16:21"}

工作站:USER-TB9MHMEPV7验证:6c6586949e-6c6586949e

{"modtime":"2017-06-15 02:20:21","online":"1","lastime":"2017-06-15 02:18:21"}

工作站:USER-TB9MHMEPV7验证:6c6586949e-6c6586949e

{"modtime":"2017-06-15 02:22:45","online":"1","lastime":"2017-06-15 02:20:21"}

工作站:USER-TB9MHMEPV7验证:6c6586949e-6c6586949e

{"modtime":"2017-06-15 02:24:21","online":"1","lastime":"2017-06-15 02:22:45"}

工作站:USER-TB9MHMEPV7验证:6c6586949e-6c6586949e

{"modtime":"2017-06-15 02:26:21","online":"1","lastime":"2017-06-15 02:24:21"}

工作站:USER-TB9MHMEPV7验证:6c6586949e-6c6586949e

{"modtime":"2017-06-15 02:28:21","online":"1","lastime":"2017-06-15 02:26:21"}

工作站:USER-TB9MHMEPV7验证:6c6586949e-6c6586949e

{"modtime":"2017-06-15 02:30:24","online":"1","lastime":"2017-06-15 02:28:21"}

工作站:USER-TB9MHMEPV7验证:6c6586949e-6c6586949e

{"modtime":"2017-06-15 02:32:21","online":"1","lastime":"2017-06-15 02:30:24"}

工作站:USER-TB9MHMEPV7验证:6c6586949e-6c6586949e

{"modtime":"2017-06-15 02:34:21","online":"1","lastime":"2017-06-15 02:32:21"}

工作站:USER-TB9MHMEPV7验证:6c6586949e-6c6586949e

{"modtime":"2017-06-15 02:36:21","online":"1","lastime":"2017-06-15 02:34:21"}

工作站:USER-TB9MHMEPV7验证:6c6586949e-6c6586949e

{"modtime":"2017-06-15 02:38:21","online":"1","lastime":"2017-06-15 02:36:21"}

工作站:USER-TB9MHMEPV7验证:6c6586949e-6c6586949e

{"modtime":"2017-06-15 02:40:22","online":"1","lastime":"2017-06-15 02:38:21"}

工作站:USER-TB9MHMEPV7验证:6c6586949e-6c6586949e

{"modtime":"2017-06-15 02:42:21","online":"1","lastime":"2017-06-15 02:40:22"}

工作站:USER-TB9MHMEPV7验证:6c6586949e-6c6586949e

{"modtime":"2017-06-15 02:44:21","online":"1","lastime":"2017-06-15 02:42:21"}

工作站:USER-TB9MHMEPV7验证:6c6586949e-6c6586949e

{"modtime":"2017-06-15 02:46:21","online":"1","lastime":"2017-06-15 02:44:21"}

工作站:USER-TB9MHMEPV7验证:6c6586949e-6c6586949e

{"modtime":"2017-06-15 02:48:22","online":"1","lastime":"2017-06-15 02:46:21"}

工作站:USER-TB9MHMEPV7验证:6c6586949e-6c6586949e

{"modtime":"2017-06-15 02:50:22","online":"1","lastime":"2017-06-15 02:48:22"}

工作站:USER-TB9MHMEPV7验证:6c6586949e-6c6586949e

{"modtime":"2017-06-15 02:52:22","online":"1","lastime":"2017-06-15 02:50:22"}

工作站:USER-TB9MHMEPV7验证:6c6586949e-6c6586949e

{"modtime":"2017-06-15 02:54:22","online":"1","lastime":"2017-06-15 02:52:22"}

工作站:USER-TB9MHMEPV7验证:6c6586949e-6c6586949e

{"modtime":"2017-06-15 02:56:21","online":"1","lastime":"2017-06-15 02:54:22"}

工作站:USER-TB9MHMEPV7验证:6c6586949e-6c6586949e

{"modtime":"2017-06-15 02:58:35","online":"1","lastime":"2017-06-15 02:56:21"}

工作站:USER-TB9MHMEPV7验证:6c6586949e-6c6586949e

{"modtime":"2017-06-15 03:00:21","online":"1","lastime":"2017-06-15 02:58:35"}

工作站:USER-TB9MHMEPV7验证:6c6586949e-6c6586949e

{"modtime":"2017-06-15 03:02:24","online":"1","lastime":"2017-06-15 03:00:21"}

工作站:USER-TB9MHMEPV7验证:6c6586949e-6c6586949e

{"modtime":"2017-06-15 03:04:21","online":"1","lastime":"2017-06-15 03:02:24"}

工作站:USER-TB9MHMEPV7验证:6c6586949e-6c6586949e

{"modtime":"2017-06-15 03:06:24","online":"1","lastime":"2017-06-15 03:04:21"}

工作站:USER-TB9MHMEPV7验证:6c6586949e-6c6586949e

{"modtime":"2017-06-15 03:08:22","online":"1","lastime":"2017-06-15 03:06:24"}

工作站:USER-TB9MHMEPV7验证:6c6586949e-6c6586949e

{"modtime":"2017-06-15 03:10:22","online":"1","lastime":"2017-06-15 03:08:22"}

工作站:USER-TB9MHMEPV7验证:6c6586949e-6c6586949e

{"modtime":"2017-06-15 03:12:21","online":"1","lastime":"2017-06-15 03:10:22"}

工作站:USER-20170525WR验证:f4d88afaf4-f4d88afaf4

{"modtime":"2017-06-15 13:43:35","online":"1","startime":"2017-06-15 13:43:35","lastime":"2017-06-14 00:00:25"}

工作站:USER-20170525WR验证:f4d88afaf4-f4d88afaf4

{"modtime":"2017-06-15 13:45:35","online":"1","lastime":"2017-06-15 13:43:35"}

工作站:USER-20170525WR验证:f4d88afaf4-f4d88afaf4

{"modtime":"2017-06-15 13:47:35","online":"1","lastime":"2017-06-15 13:45:35"}

工作站:USER-20170525WR验证:f4d88afaf4-f4d88afaf4

{"modtime":"2017-06-15 13:49:35","online":"1","lastime":"2017-06-15 13:47:35"}

工作站:USER-20170525WR验证:f4d88afaf4-f4d88afaf4

{"modtime":"2017-06-15 13:51:35","online":"1","lastime":"2017-06-15 13:49:35"}

工作站:USER-20170525WR验证:f4d88afaf4-f4d88afaf4

{"modtime":"2017-06-15 13:53:35","online":"1","lastime":"2017-06-15 13:51:35"}

工作站:USER-20170525WR验证:f4d88afaf4-f4d88afaf4

{"modtime":"2017-06-15 13:55:35","online":"1","lastime":"2017-06-15 13:53:35"}

工作站:USER-20170525WR验证:f4d88afaf4-f4d88afaf4

{"modtime":"2017-06-15 13:57:35","online":"1","lastime":"2017-06-15 13:55:35"}

工作站:USER-20170525WR验证:f4d88afaf4-f4d88afaf4

{"modtime":"2017-06-15 13:59:35","online":"1","lastime":"2017-06-15 13:57:35"}

工作站:USER-20170525WR验证:f4d88afaf4-f4d88afaf4

{"modtime":"2017-06-15 14:01:35","online":"1","lastime":"2017-06-15 13:59:35"}

工作站:USER-20170525WR验证:f4d88afaf4-f4d88afaf4

{"modtime":"2017-06-15 14:03:35","online":"1","lastime":"2017-06-15 14:01:35"}

工作站:USER-TB9MHMEPV7验证:6c6586949e-6c6586949e

{"modtime":"2017-06-15 14:05:00","online":"1","startime":"2017-06-15 14:05:00","lastime":"2017-06-15 03:12:21"}

工作站:USER-20170525WR验证:f4d88afaf4-f4d88afaf4

{"modtime":"2017-06-15 14:05:35","online":"1","lastime":"2017-06-15 14:03:35"}

工作站:USER-TB9MHMEPV7验证:6c6586949e-6c6586949e

{"modtime":"2017-06-15 14:07:00","online":"1","lastime":"2017-06-15 14:05:00"}

工作站:USER-20170525WR验证:f4d88afaf4-f4d88afaf4

{"modtime":"2017-06-15 14:07:35","online":"1","lastime":"2017-06-15 14:05:35"}

工作站:USER-TB9MHMEPV7验证:6c6586949e-6c6586949e

{"modtime":"2017-06-15 14:09:00","online":"1","lastime":"2017-06-15 14:07:00"}

工作站:USER-20170525WR验证:f4d88afaf4-f4d88afaf4

{"modtime":"2017-06-15 14:09:35","online":"1","lastime":"2017-06-15 14:07:35"}

工作站:USER-TB9MHMEPV7验证:6c6586949e-6c6586949e

{"modtime":"2017-06-15 14:11:01","online":"1","lastime":"2017-06-15 14:09:00"}

工作站:USER-20170525WR验证:f4d88afaf4-f4d88afaf4

{"modtime":"2017-06-15 14:11:35","online":"1","lastime":"2017-06-15 14:09:35"}

工作站:USER-TB9MHMEPV7验证:6c6586949e-6c6586949e

{"modtime":"2017-06-15 14:13:00","online":"1","lastime":"2017-06-15 14:11:01"}

工作站:USER-20170525WR验证:f4d88afaf4-f4d88afaf4

{"modtime":"2017-06-15 14:13:35","online":"1","lastime":"2017-06-15 14:11:35"}

工作站:USER-TB9MHMEPV7验证:6c6586949e-6c6586949e

{"modtime":"2017-06-15 14:15:01","online":"1","lastime":"2017-06-15 14:13:00"}

工作站:USER-20170525WR验证:f4d88afaf4-f4d88afaf4

{"modtime":"2017-06-15 14:15:53","online":"1","lastime":"2017-06-15 14:13:35"}

工作站:USER-TB9MHMEPV7验证:6c6586949e-6c6586949e

{"modtime":"2017-06-15 14:17:00","online":"1","lastime":"2017-06-15 14:15:01"}

工作站:USER-20170525WR验证:f4d88afaf4-f4d88afaf4

{"modtime":"2017-06-15 14:17:35","online":"1","lastime":"2017-06-15 14:15:53"}

工作站:USER-TB9MHMEPV7验证:6c6586949e-6c6586949e

{"modtime":"2017-06-15 14:19:01","online":"1","lastime":"2017-06-15 14:17:00"}

工作站:USER-20170525WR验证:f4d88afaf4-f4d88afaf4

{"modtime":"2017-06-15 14:19:35","online":"1","lastime":"2017-06-15 14:17:35"}

工作站:USER-TB9MHMEPV7验证:6c6586949e-6c6586949e

{"modtime":"2017-06-15 14:21:00","online":"1","lastime":"2017-06-15 14:19:01"}

工作站:USER-20170525WR验证:f4d88afaf4-f4d88afaf4

{"modtime":"2017-06-15 14:21:35","online":"1","lastime":"2017-06-15 14:19:35"}

工作站:USER-TB9MHMEPV7验证:6c6586949e-6c6586949e

{"modtime":"2017-06-15 14:23:02","online":"1","lastime":"2017-06-15 14:21:00"}

工作站:USER-20170525WR验证:f4d88afaf4-f4d88afaf4

{"modtime":"2017-06-15 14:23:35","online":"1","lastime":"2017-06-15 14:21:35"}

工作站:USER-TB9MHMEPV7验证:6c6586949e-6c6586949e

{"modtime":"2017-06-15 14:25:00","online":"1","lastime":"2017-06-15 14:23:02"}

工作站:USER-20170525WR验证:f4d88afaf4-f4d88afaf4

{"modtime":"2017-06-15 14:25:35","online":"1","lastime":"2017-06-15 14:23:35"}

工作站:USER-TB9MHMEPV7验证:6c6586949e-6c6586949e

{"modtime":"2017-06-15 14:27:01","online":"1","lastime":"2017-06-15 14:25:00"}

工作站:USER-20170525WR验证:f4d88afaf4-f4d88afaf4

{"modtime":"2017-06-15 14:27:35","online":"1","lastime":"2017-06-15 14:25:35"}

工作站:USER-20170525WR验证:f4d88afaf4-f4d88afaf4

{"modtime":"2017-06-15 14:29:35","online":"1","lastime":"2017-06-15 14:27:35"}

工作站:USER-TB9MHMEPV7验证:6c6586949e-6c6586949e

{"modtime":"2017-06-15 14:30:04","online":"1","lastime":"2017-06-15 14:27:01"}

工作站:USER-20170525WR验证:f4d88afaf4-f4d88afaf4

{"modtime":"2017-06-15 14:31:35","online":"1","lastime":"2017-06-15 14:29:35"}

工作站:USER-TB9MHMEPV7验证:6c6586949e-6c6586949e

{"modtime":"2017-06-15 14:31:49","online":"1","lastime":"2017-06-15 14:30:04"}

工作站:USER-TB9MHMEPV7验证:6c6586949e-6c6586949e

{"modtime":"2017-06-15 14:33:24","online":"1","lastime":"2017-06-15 14:31:49"}

工作站:USER-20170525WR验证:f4d88afaf4-f4d88afaf4

{"modtime":"2017-06-15 14:33:35","online":"1","lastime":"2017-06-15 14:31:35"}

工作站:USER-20170525WR验证:f4d88afaf4-f4d88afaf4

{"modtime":"2017-06-15 14:35:35","online":"1","lastime":"2017-06-15 14:33:35"}

工作站:USER-20170525WR验证:f4d88afaf4-f4d88afaf4

{"modtime":"2017-06-15 14:37:35","online":"1","lastime":"2017-06-15 14:35:35"}

工作站:USER-20170525WR验证:f4d88afaf4-f4d88afaf4

{"modtime":"2017-06-15 14:40:44","online":"1","lastime":"2017-06-15 14:37:35"}

工作站:USER-TB9MHMEPV7验证:6c6586949e-6c6586949e

{"modtime":"2017-06-15 14:42:41","online":"1","lastime":"2017-06-15 14:33:24"}

工作站:USER-20170525WR验证:f4d88afaf4-f4d88afaf4

{"modtime":"2017-06-15 14:42:44","online":"1","lastime":"2017-06-15 14:40:44"}

工作站:USER-TB9MHMEPV7验证:6c6586949e-6c6586949e

{"modtime":"2017-06-15 14:44:41","online":"1","lastime":"2017-06-15 14:42:41"}

工作站:USER-20170525WR验证:f4d88afaf4-f4d88afaf4

{"modtime":"2017-06-15 14:44:44","online":"1","lastime":"2017-06-15 14:42:44"}

工作站:USER-TB9MHMEPV7验证:6c6586949e-6c6586949e

{"modtime":"2017-06-15 14:46:41","online":"1","lastime":"2017-06-15 14:44:41"}

工作站:USER-20170525WR验证:f4d88afaf4-f4d88afaf4

{"modtime":"2017-06-15 14:46:44","online":"1","lastime":"2017-06-15 14:44:44"}

工作站:USER-TB9MHMEPV7验证:6c6586949e-6c6586949e

{"modtime":"2017-06-15 14:48:41","online":"1","lastime":"2017-06-15 14:46:41"}

工作站:USER-20170525WR验证:f4d88afaf4-f4d88afaf4

{"modtime":"2017-06-15 14:48:44","online":"1","lastime":"2017-06-15 14:46:44"}

工作站:USER-TB9MHMEPV7验证:6c6586949e-6c6586949e

{"modtime":"2017-06-15 14:50:41","online":"1","lastime":"2017-06-15 14:48:41"}

工作站:USER-20170525WR验证:f4d88afaf4-f4d88afaf4

{"modtime":"2017-06-15 14:50:44","online":"1","lastime":"2017-06-15 14:48:44"}

工作站:USER-TB9MHMEPV7验证:6c6586949e-6c6586949e

{"modtime":"2017-06-15 14:52:41","online":"1","lastime":"2017-06-15 14:50:41"}

工作站:USER-20170525WR验证:f4d88afaf4-f4d88afaf4

{"modtime":"2017-06-15 14:52:44","online":"1","lastime":"2017-06-15 14:50:44"}

工作站:USER-TB9MHMEPV7验证:6c6586949e-6c6586949e

{"modtime":"2017-06-15 14:54:41","online":"1","lastime":"2017-06-15 14:52:41"}

工作站:USER-20170525WR验证:f4d88afaf4-f4d88afaf4

{"modtime":"2017-06-15 14:54:44","online":"1","lastime":"2017-06-15 14:52:44"}

工作站:USER-TB9MHMEPV7验证:6c6586949e-6c6586949e

{"modtime":"2017-06-15 14:56:41","online":"1","lastime":"2017-06-15 14:54:41"}

工作站:USER-20170525WR验证:f4d88afaf4-f4d88afaf4

{"modtime":"2017-06-15 14:56:44","online":"1","lastime":"2017-06-15 14:54:44"}

工作站:USER-TB9MHMEPV7验证:6c6586949e-6c6586949e

{"modtime":"2017-06-15 14:58:41","online":"1","lastime":"2017-06-15 14:56:41"}

工作站:USER-20170525WR验证:f4d88afaf4-f4d88afaf4

{"modtime":"2017-06-15 14:58:44","online":"1","lastime":"2017-06-15 14:56:44"}

工作站:USER-TB9MHMEPV7验证:6c6586949e-6c6586949e

{"modtime":"2017-06-15 15:00:41","online":"1","lastime":"2017-06-15 14:58:41"}

工作站:USER-20170525WR验证:f4d88afaf4-f4d88afaf4

{"modtime":"2017-06-15 15:00:44","online":"1","lastime":"2017-06-15 14:58:44"}

工作站:USER-TB9MHMEPV7验证:6c6586949e-6c6586949e

{"modtime":"2017-06-15 15:02:41","online":"1","lastime":"2017-06-15 15:00:41"}

工作站:USER-20170525WR验证:f4d88afaf4-f4d88afaf4

{"modtime":"2017-06-15 15:02:44","online":"1","lastime":"2017-06-15 15:00:44"}

工作站:USER-TB9MHMEPV7验证:6c6586949e-6c6586949e

{"modtime":"2017-06-15 15:04:41","online":"1","lastime":"2017-06-15 15:02:41"}

工作站:USER-20170525WR验证:f4d88afaf4-f4d88afaf4

{"modtime":"2017-06-15 15:04:44","online":"1","lastime":"2017-06-15 15:02:44"}

工作站:USER-TB9MHMEPV7验证:6c6586949e-6c6586949e

{"modtime":"2017-06-15 15:06:41","online":"1","lastime":"2017-06-15 15:04:41"}

工作站:USER-20170525WR验证:f4d88afaf4-f4d88afaf4

{"modtime":"2017-06-15 15:06:44","online":"1","lastime":"2017-06-15 15:04:44"}

工作站:USER-TB9MHMEPV7验证:6c6586949e-6c6586949e

{"modtime":"2017-06-15 15:08:41","online":"1","lastime":"2017-06-15 15:06:41"}

工作站:USER-20170525WR验证:f4d88afaf4-f4d88afaf4

{"modtime":"2017-06-15 15:08:44","online":"1","lastime":"2017-06-15 15:06:44"}

工作站:USER-TB9MHMEPV7验证:6c6586949e-6c6586949e

{"modtime":"2017-06-15 15:10:41","online":"1","lastime":"2017-06-15 15:08:41"}

工作站:USER-20170525WR验证:f4d88afaf4-f4d88afaf4

{"modtime":"2017-06-15 15:10:44","online":"1","lastime":"2017-06-15 15:08:44"}

工作站:USER-TB9MHMEPV7验证:6c6586949e-6c6586949e

{"modtime":"2017-06-15 15:12:41","online":"1","lastime":"2017-06-15 15:10:41"}

工作站:USER-20170525WR验证:f4d88afaf4-f4d88afaf4

{"modtime":"2017-06-15 15:12:44","online":"1","lastime":"2017-06-15 15:10:44"}

工作站:USER-TB9MHMEPV7验证:6c6586949e-6c6586949e

{"modtime":"2017-06-15 15:14:41","online":"1","lastime":"2017-06-15 15:12:41"}

工作站:USER-20170525WR验证:f4d88afaf4-f4d88afaf4

{"modtime":"2017-06-15 15:14:44","online":"1","lastime":"2017-06-15 15:12:44"}

工作站:USER-TB9MHMEPV7验证:6c6586949e-6c6586949e

{"modtime":"2017-06-15 15:16:41","online":"1","lastime":"2017-06-15 15:14:41"}

工作站:USER-20170525WR验证:f4d88afaf4-f4d88afaf4

{"modtime":"2017-06-15 15:16:44","online":"1","lastime":"2017-06-15 15:14:44"}

工作站:USER-TB9MHMEPV7验证:6c6586949e-6c6586949e

{"modtime":"2017-06-15 15:18:41","online":"1","lastime":"2017-06-15 15:16:41"}

工作站:USER-20170525WR验证:f4d88afaf4-f4d88afaf4

{"modtime":"2017-06-15 15:18:44","online":"1","lastime":"2017-06-15 15:16:44"}

工作站:USER-TB9MHMEPV7验证:6c6586949e-6c6586949e

{"modtime":"2017-06-15 15:20:41","online":"1","lastime":"2017-06-15 15:18:41"}

工作站:USER-20170525WR验证:f4d88afaf4-f4d88afaf4

{"modtime":"2017-06-15 15:20:44","online":"1","lastime":"2017-06-15 15:18:44"}

工作站:USER-TB9MHMEPV7验证:6c6586949e-6c6586949e

{"modtime":"2017-06-15 15:22:41","online":"1","lastime":"2017-06-15 15:20:41"}

工作站:USER-20170525WR验证:f4d88afaf4-f4d88afaf4

{"modtime":"2017-06-15 15:22:44","online":"1","lastime":"2017-06-15 15:20:44"}

工作站:USER-TB9MHMEPV7验证:6c6586949e-6c6586949e

{"modtime":"2017-06-15 15:24:41","online":"1","lastime":"2017-06-15 15:22:41"}

工作站:USER-20170525WR验证:f4d88afaf4-f4d88afaf4

{"modtime":"2017-06-15 15:24:44","online":"1","lastime":"2017-06-15 15:22:44"}

工作站:USER-TB9MHMEPV7验证:6c6586949e-6c6586949e

{"modtime":"2017-06-15 15:26:41","online":"1","lastime":"2017-06-15 15:24:41"}

工作站:USER-20170525WR验证:f4d88afaf4-f4d88afaf4

{"modtime":"2017-06-15 15:26:44","online":"1","lastime":"2017-06-15 15:24:44"}

工作站:USER-TB9MHMEPV7验证:6c6586949e-6c6586949e

{"modtime":"2017-06-15 15:28:41","online":"1","lastime":"2017-06-15 15:26:41"}

工作站:USER-20170525WR验证:f4d88afaf4-f4d88afaf4

{"modtime":"2017-06-15 15:28:44","online":"1","lastime":"2017-06-15 15:26:44"}

工作站:USER-TB9MHMEPV7验证:6c6586949e-6c6586949e

{"modtime":"2017-06-15 15:30:41","online":"1","lastime":"2017-06-15 15:28:41"}

工作站:USER-20170525WR验证:f4d88afaf4-f4d88afaf4

{"modtime":"2017-06-15 15:30:44","online":"1","lastime":"2017-06-15 15:28:44"}

工作站:USER-TB9MHMEPV7验证:6c6586949e-6c6586949e

{"modtime":"2017-06-15 15:32:41","online":"1","lastime":"2017-06-15 15:30:41"}

工作站:USER-20170525WR验证:f4d88afaf4-f4d88afaf4

{"modtime":"2017-06-15 15:32:44","online":"1","lastime":"2017-06-15 15:30:44"}

工作站:USER-TB9MHMEPV7验证:6c6586949e-6c6586949e

{"modtime":"2017-06-15 15:34:41","online":"1","lastime":"2017-06-15 15:32:41"}

工作站:USER-20170525WR验证:f4d88afaf4-f4d88afaf4

{"modtime":"2017-06-15 15:34:44","online":"1","lastime":"2017-06-15 15:32:44"}

工作站:USER-TB9MHMEPV7验证:6c6586949e-6c6586949e

{"modtime":"2017-06-15 15:36:41","online":"1","lastime":"2017-06-15 15:34:41"}

工作站:USER-20170525WR验证:f4d88afaf4-f4d88afaf4

{"modtime":"2017-06-15 15:36:44","online":"1","lastime":"2017-06-15 15:34:44"}

工作站:USER-TB9MHMEPV7验证:6c6586949e-6c6586949e

{"modtime":"2017-06-15 15:38:41","online":"1","lastime":"2017-06-15 15:36:41"}

工作站:USER-20170525WR验证:f4d88afaf4-f4d88afaf4

{"modtime":"2017-06-15 15:38:44","online":"1","lastime":"2017-06-15 15:36:44"}

工作站:USER-TB9MHMEPV7验证:6c6586949e-6c6586949e

{"modtime":"2017-06-15 15:40:41","online":"1","lastime":"2017-06-15 15:38:41"}

工作站:USER-20170525WR验证:f4d88afaf4-f4d88afaf4

{"modtime":"2017-06-15 15:40:44","online":"1","lastime":"2017-06-15 15:38:44"}

工作站:USER-TB9MHMEPV7验证:6c6586949e-6c6586949e

{"modtime":"2017-06-15 15:42:41","online":"1","lastime":"2017-06-15 15:40:41"}

工作站:USER-20170525WR验证:f4d88afaf4-f4d88afaf4

{"modtime":"2017-06-15 15:42:44","online":"1","lastime":"2017-06-15 15:40:44"}

工作站:USER-TB9MHMEPV7验证:6c6586949e-6c6586949e

{"modtime":"2017-06-15 15:44:41","online":"1","lastime":"2017-06-15 15:42:41"}

工作站:USER-20170525WR验证:f4d88afaf4-f4d88afaf4

{"modtime":"2017-06-15 15:44:44","online":"1","lastime":"2017-06-15 15:42:44"}

工作站:USER-TB9MHMEPV7验证:6c6586949e-6c6586949e

{"modtime":"2017-06-15 15:46:41","online":"1","lastime":"2017-06-15 15:44:41"}

工作站:USER-20170525WR验证:f4d88afaf4-f4d88afaf4

{"modtime":"2017-06-15 15:46:44","online":"1","lastime":"2017-06-15 15:44:44"}

工作站:USER-TB9MHMEPV7验证:6c6586949e-6c6586949e

{"modtime":"2017-06-15 15:48:41","online":"1","lastime":"2017-06-15 15:46:41"}

工作站:USER-20170525WR验证:f4d88afaf4-f4d88afaf4

{"modtime":"2017-06-15 15:48:44","online":"1","lastime":"2017-06-15 15:46:44"}

工作站:USER-TB9MHMEPV7验证:6c6586949e-6c6586949e

{"modtime":"2017-06-15 15:50:41","online":"1","lastime":"2017-06-15 15:48:41"}

工作站:USER-20170525WR验证:f4d88afaf4-f4d88afaf4

{"modtime":"2017-06-15 15:50:44","online":"1","lastime":"2017-06-15 15:48:44"}

工作站:USER-TB9MHMEPV7验证:6c6586949e-6c6586949e

{"modtime":"2017-06-15 15:52:41","online":"1","lastime":"2017-06-15 15:50:41"}

工作站:USER-20170525WR验证:f4d88afaf4-f4d88afaf4

{"modtime":"2017-06-15 15:52:44","online":"1","lastime":"2017-06-15 15:50:44"}

工作站:USER-TB9MHMEPV7验证:6c6586949e-6c6586949e

{"modtime":"2017-06-15 15:54:41","online":"1","lastime":"2017-06-15 15:52:41"}

工作站:USER-20170525WR验证:f4d88afaf4-f4d88afaf4

{"modtime":"2017-06-15 15:54:44","online":"1","lastime":"2017-06-15 15:52:44"}

工作站:USER-TB9MHMEPV7验证:6c6586949e-6c6586949e

{"modtime":"2017-06-15 15:56:41","online":"1","lastime":"2017-06-15 15:54:41"}

工作站:USER-20170525WR验证:f4d88afaf4-f4d88afaf4

{"modtime":"2017-06-15 15:56:44","online":"1","lastime":"2017-06-15 15:54:44"}

工作站:USER-TB9MHMEPV7验证:6c6586949e-6c6586949e

{"modtime":"2017-06-15 15:58:41","online":"1","lastime":"2017-06-15 15:56:41"}

工作站:USER-20170525WR验证:f4d88afaf4-f4d88afaf4

{"modtime":"2017-06-15 15:58:44","online":"1","lastime":"2017-06-15 15:56:44"}

工作站:USER-TB9MHMEPV7验证:6c6586949e-6c6586949e

{"modtime":"2017-06-15 16:00:41","online":"1","lastime":"2017-06-15 15:58:41"}

工作站:USER-20170525WR验证:f4d88afaf4-f4d88afaf4

{"modtime":"2017-06-15 16:00:44","online":"1","lastime":"2017-06-15 15:58:44"}

工作站:USER-TB9MHMEPV7验证:6c6586949e-6c6586949e

{"modtime":"2017-06-15 16:02:41","online":"1","lastime":"2017-06-15 16:00:41"}

工作站:USER-20170525WR验证:f4d88afaf4-f4d88afaf4

{"modtime":"2017-06-15 16:02:44","online":"1","lastime":"2017-06-15 16:00:44"}

工作站:USER-TB9MHMEPV7验证:6c6586949e-6c6586949e

{"modtime":"2017-06-15 16:04:41","online":"1","lastime":"2017-06-15 16:02:41"}

工作站:USER-20170525WR验证:f4d88afaf4-f4d88afaf4

{"modtime":"2017-06-15 16:04:44","online":"1","lastime":"2017-06-15 16:02:44"}

工作站:USER-TB9MHMEPV7验证:6c6586949e-6c6586949e

{"modtime":"2017-06-15 16:06:41","online":"1","lastime":"2017-06-15 16:04:41"}

工作站:USER-20170525WR验证:f4d88afaf4-f4d88afaf4

{"modtime":"2017-06-15 16:06:44","online":"1","lastime":"2017-06-15 16:04:44"}

工作站:USER-TB9MHMEPV7验证:6c6586949e-6c6586949e

{"modtime":"2017-06-15 16:08:41","online":"1","lastime":"2017-06-15 16:06:41"}

工作站:USER-20170525WR验证:f4d88afaf4-f4d88afaf4

{"modtime":"2017-06-15 16:08:44","online":"1","lastime":"2017-06-15 16:06:44"}

工作站:USER-TB9MHMEPV7验证:6c6586949e-6c6586949e

{"modtime":"2017-06-15 16:10:41","online":"1","lastime":"2017-06-15 16:08:41"}

工作站:USER-20170525WR验证:f4d88afaf4-f4d88afaf4

{"modtime":"2017-06-15 16:10:44","online":"1","lastime":"2017-06-15 16:08:44"}

工作站:USER-TB9MHMEPV7验证:6c6586949e-6c6586949e

{"modtime":"2017-06-15 16:12:41","online":"1","lastime":"2017-06-15 16:10:41"}

工作站:USER-20170525WR验证:f4d88afaf4-f4d88afaf4

{"modtime":"2017-06-15 16:12:44","online":"1","lastime":"2017-06-15 16:10:44"}

工作站:USER-TB9MHMEPV7验证:6c6586949e-6c6586949e

{"modtime":"2017-06-15 16:14:41","online":"1","lastime":"2017-06-15 16:12:41"}

工作站:USER-20170525WR验证:f4d88afaf4-f4d88afaf4

{"modtime":"2017-06-15 16:14:44","online":"1","lastime":"2017-06-15 16:12:44"}

工作站:USER-TB9MHMEPV7验证:6c6586949e-6c6586949e

{"modtime":"2017-06-15 16:16:42","online":"1","lastime":"2017-06-15 16:14:41"}

工作站:USER-20170525WR验证:f4d88afaf4-f4d88afaf4

{"modtime":"2017-06-15 16:16:44","online":"1","lastime":"2017-06-15 16:14:44"}

工作站:USER-TB9MHMEPV7验证:6c6586949e-6c6586949e

{"modtime":"2017-06-15 16:18:41","online":"1","lastime":"2017-06-15 16:16:42"}

工作站:USER-20170525WR验证:f4d88afaf4-f4d88afaf4

{"modtime":"2017-06-15 16:18:44","online":"1","lastime":"2017-06-15 16:16:44"}

工作站:USER-TB9MHMEPV7验证:6c6586949e-6c6586949e

{"modtime":"2017-06-15 16:20:41","online":"1","lastime":"2017-06-15 16:18:41"}

工作站:USER-20170525WR验证:f4d88afaf4-f4d88afaf4

{"modtime":"2017-06-15 16:20:44","online":"1","lastime":"2017-06-15 16:18:44"}

工作站:USER-TB9MHMEPV7验证:6c6586949e-6c6586949e

{"modtime":"2017-06-15 16:22:41","online":"1","lastime":"2017-06-15 16:20:41"}

工作站:USER-20170525WR验证:f4d88afaf4-f4d88afaf4

{"modtime":"2017-06-15 16:22:44","online":"1","lastime":"2017-06-15 16:20:44"}

工作站:USER-TB9MHMEPV7验证:6c6586949e-6c6586949e

{"modtime":"2017-06-15 16:24:41","online":"1","lastime":"2017-06-15 16:22:41"}

工作站:USER-20170525WR验证:f4d88afaf4-f4d88afaf4

{"modtime":"2017-06-15 16:24:44","online":"1","lastime":"2017-06-15 16:22:44"}

工作站:USER-TB9MHMEPV7验证:6c6586949e-6c6586949e

{"modtime":"2017-06-15 16:26:41","online":"1","lastime":"2017-06-15 16:24:41"}

工作站:USER-20170525WR验证:f4d88afaf4-f4d88afaf4

{"modtime":"2017-06-15 16:26:44","online":"1","lastime":"2017-06-15 16:24:44"}

工作站:USER-TB9MHMEPV7验证:6c6586949e-6c6586949e

{"modtime":"2017-06-15 16:28:41","online":"1","lastime":"2017-06-15 16:26:41"}

工作站:USER-20170525WR验证:f4d88afaf4-f4d88afaf4

{"modtime":"2017-06-15 16:28:44","online":"1","lastime":"2017-06-15 16:26:44"}

工作站:USER-TB9MHMEPV7验证:6c6586949e-6c6586949e

{"modtime":"2017-06-15 16:30:41","online":"1","lastime":"2017-06-15 16:28:41"}

工作站:USER-20170525WR验证:f4d88afaf4-f4d88afaf4

{"modtime":"2017-06-15 16:30:44","online":"1","lastime":"2017-06-15 16:28:44"}

工作站:USER-TB9MHMEPV7验证:6c6586949e-6c6586949e

{"modtime":"2017-06-15 16:32:41","online":"1","lastime":"2017-06-15 16:30:41"}

工作站:USER-TB9MHMEPV7验证:6c6586949e-6c6586949e

{"modtime":"2017-06-15 16:34:41","online":"1","lastime":"2017-06-15 16:32:41"}

工作站:USER-TB9MHMEPV7验证:6c6586949e-6c6586949e

{"modtime":"2017-06-15 16:36:41","online":"1","lastime":"2017-06-15 16:34:41"}

工作站:USER-20170525WR验证:f4d88afaf4-f4d88afaf4

{"modtime":"2017-06-15 16:37:35","online":"1","lastime":"2017-06-15 16:30:44"}

工作站:USER-TB9MHMEPV7验证:6c6586949e-6c6586949e

{"modtime":"2017-06-15 16:38:41","online":"1","lastime":"2017-06-15 16:36:41"}

工作站:USER-20170525WR验证:f4d88afaf4-f4d88afaf4

{"modtime":"2017-06-15 16:39:35","online":"1","lastime":"2017-06-15 16:37:35"}

工作站:USER-TB9MHMEPV7验证:6c6586949e-6c6586949e

{"modtime":"2017-06-15 16:40:41","online":"1","lastime":"2017-06-15 16:38:41"}

工作站:USER-20170525WR验证:f4d88afaf4-f4d88afaf4

{"modtime":"2017-06-15 16:41:35","online":"1","lastime":"2017-06-15 16:39:35"}

工作站:USER-TB9MHMEPV7验证:6c6586949e-6c6586949e

{"modtime":"2017-06-15 16:42:41","online":"1","lastime":"2017-06-15 16:40:41"}

工作站:USER-20170525WR验证:f4d88afaf4-f4d88afaf4

{"modtime":"2017-06-15 16:43:35","online":"1","lastime":"2017-06-15 16:41:35"}

工作站:USER-TB9MHMEPV7验证:6c6586949e-6c6586949e

{"modtime":"2017-06-15 16:44:42","online":"1","lastime":"2017-06-15 16:42:41"}

工作站:USER-20170525WR验证:f4d88afaf4-f4d88afaf4

{"modtime":"2017-06-15 16:45:35","online":"1","lastime":"2017-06-15 16:43:35"}

工作站:USER-TB9MHMEPV7验证:6c6586949e-6c6586949e

{"modtime":"2017-06-15 16:46:41","online":"1","lastime":"2017-06-15 16:44:42"}

工作站:USER-20170525WR验证:f4d88afaf4-f4d88afaf4

{"modtime":"2017-06-15 16:47:35","online":"1","lastime":"2017-06-15 16:45:35"}

工作站:USER-TB9MHMEPV7验证:6c6586949e-6c6586949e

{"modtime":"2017-06-15 16:48:42","online":"1","lastime":"2017-06-15 16:46:41"}

工作站:USER-TB9MHMEPV7验证:6c6586949e-6c6586949e

{"modtime":"2017-06-15 16:50:41","online":"1","lastime":"2017-06-15 16:48:42"}

工作站:USER-TB9MHMEPV7验证:6c6586949e-6c6586949e

{"modtime":"2017-06-15 16:52:41","online":"1","lastime":"2017-06-15 16:50:41"}

工作站:USER-20170525WR验证:f4d88afaf4-f4d88afaf4

{"modtime":"2017-06-15 16:53:25","online":"1","lastime":"2017-06-15 16:47:35"}

工作站:USER-TB9MHMEPV7验证:6c6586949e-6c6586949e

{"modtime":"2017-06-15 16:54:42","online":"1","lastime":"2017-06-15 16:52:41"}

工作站:USER-20170525WR验证:f4d88afaf4-f4d88afaf4

{"modtime":"2017-06-15 16:55:25","online":"1","lastime":"2017-06-15 16:53:25"}

工作站:USER-TB9MHMEPV7验证:6c6586949e-6c6586949e

{"modtime":"2017-06-15 16:56:42","online":"1","lastime":"2017-06-15 16:54:42"}

工作站:USER-20170525WR验证:f4d88afaf4-f4d88afaf4

{"modtime":"2017-06-15 16:57:25","online":"1","lastime":"2017-06-15 16:55:25"}

工作站:USER-TB9MHMEPV7验证:6c6586949e-6c6586949e

{"modtime":"2017-06-15 16:58:42","online":"1","lastime":"2017-06-15 16:56:42"}

工作站:USER-20170525WR验证:f4d88afaf4-f4d88afaf4

{"modtime":"2017-06-15 16:59:25","online":"1","lastime":"2017-06-15 16:57:25"}

工作站:USER-TB9MHMEPV7验证:6c6586949e-6c6586949e

{"modtime":"2017-06-15 17:00:41","online":"1","lastime":"2017-06-15 16:58:42"}

工作站:USER-20170525WR验证:f4d88afaf4-f4d88afaf4

{"modtime":"2017-06-15 17:01:25","online":"1","lastime":"2017-06-15 16:59:25"}

工作站:USER-TB9MHMEPV7验证:6c6586949e-6c6586949e

{"modtime":"2017-06-15 17:02:42","online":"1","lastime":"2017-06-15 17:00:41"}

工作站:USER-20170525WR验证:f4d88afaf4-f4d88afaf4

{"modtime":"2017-06-15 17:03:25","online":"1","lastime":"2017-06-15 17:01:25"}

工作站:USER-TB9MHMEPV7验证:6c6586949e-6c6586949e

{"modtime":"2017-06-15 17:04:41","online":"1","lastime":"2017-06-15 17:02:42"}

工作站:USER-20170525WR验证:f4d88afaf4-f4d88afaf4

{"modtime":"2017-06-15 17:05:25","online":"1","lastime":"2017-06-15 17:03:25"}

工作站:USER-TB9MHMEPV7验证:6c6586949e-6c6586949e

{"modtime":"2017-06-15 17:06:42","online":"1","lastime":"2017-06-15 17:04:41"}

工作站:USER-20170525WR验证:f4d88afaf4-f4d88afaf4

{"modtime":"2017-06-15 17:07:25","online":"1","lastime":"2017-06-15 17:05:25"}

工作站:USER-TB9MHMEPV7验证:6c6586949e-6c6586949e

{"modtime":"2017-06-15 17:08:42","online":"1","lastime":"2017-06-15 17:06:42"}

工作站:USER-20170525WR验证:f4d88afaf4-f4d88afaf4

{"modtime":"2017-06-15 17:09:25","online":"1","lastime":"2017-06-15 17:07:25"}

工作站:USER-TB9MHMEPV7验证:6c6586949e-6c6586949e

{"modtime":"2017-06-15 17:10:42","online":"1","lastime":"2017-06-15 17:08:42"}

工作站:USER-20170525WR验证:f4d88afaf4-f4d88afaf4

{"modtime":"2017-06-15 17:11:25","online":"1","lastime":"2017-06-15 17:09:25"}

工作站:USER-TB9MHMEPV7验证:6c6586949e-6c6586949e

{"modtime":"2017-06-15 17:12:42","online":"1","lastime":"2017-06-15 17:10:42"}

工作站:USER-20170525WR验证:f4d88afaf4-f4d88afaf4

{"modtime":"2017-06-15 17:13:25","online":"1","lastime":"2017-06-15 17:11:25"}

工作站:USER-TB9MHMEPV7验证:6c6586949e-6c6586949e

{"modtime":"2017-06-15 17:14:42","online":"1","lastime":"2017-06-15 17:12:42"}

工作站:USER-TB9MHMEPV7验证:6c6586949e-6c6586949e

{"modtime":"2017-06-15 17:16:41","online":"1","lastime":"2017-06-15 17:14:42"}

工作站:USER-20170525WR验证:f4d88afaf4-f4d88afaf4

{"modtime":"2017-06-15 17:18:21","online":"1","lastime":"2017-06-15 17:13:25"}

工作站:USER-TB9MHMEPV7验证:6c6586949e-6c6586949e

{"modtime":"2017-06-15 17:18:42","online":"1","lastime":"2017-06-15 17:16:41"}

工作站:USER-20170525WR验证:f4d88afaf4-f4d88afaf4

{"modtime":"2017-06-15 17:20:21","online":"1","lastime":"2017-06-15 17:18:21"}

工作站:USER-TB9MHMEPV7验证:6c6586949e-6c6586949e

{"modtime":"2017-06-15 17:20:42","online":"1","lastime":"2017-06-15 17:18:42"}

工作站:USER-20170525WR验证:f4d88afaf4-f4d88afaf4

{"modtime":"2017-06-15 17:22:21","online":"1","lastime":"2017-06-15 17:20:21"}

工作站:USER-TB9MHMEPV7验证:6c6586949e-6c6586949e

{"modtime":"2017-06-15 17:22:42","online":"1","lastime":"2017-06-15 17:20:42"}

工作站:USER-20170525WR验证:f4d88afaf4-f4d88afaf4

{"modtime":"2017-06-15 17:24:21","online":"1","lastime":"2017-06-15 17:22:21"}

工作站:USER-TB9MHMEPV7验证:6c6586949e-6c6586949e

{"modtime":"2017-06-15 17:24:42","online":"1","lastime":"2017-06-15 17:22:42"}

工作站:USER-20170525WR验证:f4d88afaf4-f4d88afaf4

{"modtime":"2017-06-15 17:26:21","online":"1","lastime":"2017-06-15 17:24:21"}

工作站:USER-TB9MHMEPV7验证:6c6586949e-6c6586949e

{"modtime":"2017-06-15 17:26:42","online":"1","lastime":"2017-06-15 17:24:42"}

工作站:USER-20170525WR验证:f4d88afaf4-f4d88afaf4

{"modtime":"2017-06-15 17:28:21","online":"1","lastime":"2017-06-15 17:26:21"}

工作站:USER-TB9MHMEPV7验证:6c6586949e-6c6586949e

{"modtime":"2017-06-15 17:28:42","online":"1","lastime":"2017-06-15 17:26:42"}

工作站:USER-TB9MHMEPV7验证:6c6586949e-6c6586949e

{"modtime":"2017-06-15 17:30:42","online":"1","lastime":"2017-06-15 17:28:42"}

工作站:USER-20170525WR验证:f4d88afaf4-f4d88afaf4

{"modtime":"2017-06-15 17:32:32","online":"1","lastime":"2017-06-15 17:28:21"}

工作站:USER-TB9MHMEPV7验证:6c6586949e-6c6586949e

{"modtime":"2017-06-15 17:32:42","online":"1","lastime":"2017-06-15 17:30:42"}

工作站:USER-20170525WR验证:f4d88afaf4-f4d88afaf4

{"modtime":"2017-06-15 17:34:32","online":"1","lastime":"2017-06-15 17:32:32"}

工作站:USER-TB9MHMEPV7验证:6c6586949e-6c6586949e

{"modtime":"2017-06-15 17:34:42","online":"1","lastime":"2017-06-15 17:32:42"}

工作站:USER-20170525WR验证:f4d88afaf4-f4d88afaf4

{"modtime":"2017-06-15 17:36:32","online":"1","lastime":"2017-06-15 17:34:32"}

工作站:USER-TB9MHMEPV7验证:6c6586949e-6c6586949e

{"modtime":"2017-06-15 17:36:42","online":"1","lastime":"2017-06-15 17:34:42"}

工作站:USER-20170525WR验证:f4d88afaf4-f4d88afaf4

{"modtime":"2017-06-15 17:38:32","online":"1","lastime":"2017-06-15 17:36:32"}

工作站:USER-TB9MHMEPV7验证:6c6586949e-6c6586949e

{"modtime":"2017-06-15 17:38:42","online":"1","lastime":"2017-06-15 17:36:42"}

工作站:USER-20170525WR验证:f4d88afaf4-f4d88afaf4

{"modtime":"2017-06-15 17:40:32","online":"1","lastime":"2017-06-15 17:38:32"}

工作站:USER-TB9MHMEPV7验证:6c6586949e-6c6586949e

{"modtime":"2017-06-15 17:40:42","online":"1","lastime":"2017-06-15 17:38:42"}

工作站:USER-20170525WR验证:f4d88afaf4-f4d88afaf4

{"modtime":"2017-06-15 17:42:33","online":"1","lastime":"2017-06-15 17:40:32"}

工作站:USER-TB9MHMEPV7验证:6c6586949e-6c6586949e

{"modtime":"2017-06-15 17:42:42","online":"1","lastime":"2017-06-15 17:40:42"}

工作站:USER-20170525WR验证:f4d88afaf4-f4d88afaf4

{"modtime":"2017-06-15 17:44:32","online":"1","lastime":"2017-06-15 17:42:33"}

工作站:USER-TB9MHMEPV7验证:6c6586949e-6c6586949e

{"modtime":"2017-06-15 17:44:42","online":"1","lastime":"2017-06-15 17:42:42"}

工作站:USER-20170525WR验证:f4d88afaf4-f4d88afaf4

{"modtime":"2017-06-15 17:46:32","online":"1","lastime":"2017-06-15 17:44:32"}

工作站:USER-TB9MHMEPV7验证:6c6586949e-6c6586949e

{"modtime":"2017-06-15 17:46:42","online":"1","lastime":"2017-06-15 17:44:42"}

工作站:USER-20170525WR验证:f4d88afaf4-f4d88afaf4

{"modtime":"2017-06-15 17:48:32","online":"1","lastime":"2017-06-15 17:46:32"}

工作站:USER-TB9MHMEPV7验证:6c6586949e-6c6586949e

{"modtime":"2017-06-15 17:48:42","online":"1","lastime":"2017-06-15 17:46:42"}

工作站:USER-20170525WR验证:f4d88afaf4-f4d88afaf4

{"modtime":"2017-06-15 17:50:32","online":"1","lastime":"2017-06-15 17:48:32"}

工作站:USER-TB9MHMEPV7验证:6c6586949e-6c6586949e

{"modtime":"2017-06-15 17:50:42","online":"1","lastime":"2017-06-15 17:48:42"}

工作站:USER-20170525WR验证:f4d88afaf4-f4d88afaf4

{"modtime":"2017-06-15 17:52:32","online":"1","lastime":"2017-06-15 17:50:32"}

工作站:USER-TB9MHMEPV7验证:6c6586949e-6c6586949e

{"modtime":"2017-06-15 17:52:42","online":"1","lastime":"2017-06-15 17:50:42"}

工作站:USER-20170525WR验证:f4d88afaf4-f4d88afaf4

{"modtime":"2017-06-15 17:54:32","online":"1","lastime":"2017-06-15 17:52:32"}

工作站:USER-TB9MHMEPV7验证:6c6586949e-6c6586949e

{"modtime":"2017-06-15 17:54:42","online":"1","lastime":"2017-06-15 17:52:42"}

工作站:USER-20170525WR验证:f4d88afaf4-f4d88afaf4

{"modtime":"2017-06-15 17:56:32","online":"1","lastime":"2017-06-15 17:54:32"}

工作站:USER-TB9MHMEPV7验证:6c6586949e-6c6586949e

{"modtime":"2017-06-15 17:56:42","online":"1","lastime":"2017-06-15 17:54:42"}

工作站:USER-20170525WR验证:f4d88afaf4-f4d88afaf4

{"modtime":"2017-06-15 17:58:32","online":"1","lastime":"2017-06-15 17:56:32"}

工作站:USER-TB9MHMEPV7验证:6c6586949e-6c6586949e

{"modtime":"2017-06-15 17:58:42","online":"1","lastime":"2017-06-15 17:56:42"}

工作站:USER-20170525WR验证:f4d88afaf4-f4d88afaf4

{"modtime":"2017-06-15 18:00:32","online":"1","lastime":"2017-06-15 17:58:32"}

工作站:USER-TB9MHMEPV7验证:6c6586949e-6c6586949e

{"modtime":"2017-06-15 18:00:42","online":"1","lastime":"2017-06-15 17:58:42"}

工作站:USER-20170525WR验证:f4d88afaf4-f4d88afaf4

{"modtime":"2017-06-15 18:02:32","online":"1","lastime":"2017-06-15 18:00:32"}

工作站:USER-TB9MHMEPV7验证:6c6586949e-6c6586949e

{"modtime":"2017-06-15 18:02:42","online":"1","lastime":"2017-06-15 18:00:42"}

工作站:USER-20170525WR验证:f4d88afaf4-f4d88afaf4

{"modtime":"2017-06-15 18:04:32","online":"1","lastime":"2017-06-15 18:02:32"}

工作站:USER-TB9MHMEPV7验证:6c6586949e-6c6586949e

{"modtime":"2017-06-15 18:04:42","online":"1","lastime":"2017-06-15 18:02:42"}

工作站:USER-20170525WR验证:f4d88afaf4-f4d88afaf4

{"modtime":"2017-06-15 18:06:32","online":"1","lastime":"2017-06-15 18:04:32"}

工作站:USER-TB9MHMEPV7验证:6c6586949e-6c6586949e

{"modtime":"2017-06-15 18:06:42","online":"1","lastime":"2017-06-15 18:04:42"}

工作站:USER-20170525WR验证:f4d88afaf4-f4d88afaf4

{"modtime":"2017-06-15 18:08:32","online":"1","lastime":"2017-06-15 18:06:32"}

工作站:USER-TB9MHMEPV7验证:6c6586949e-6c6586949e

{"modtime":"2017-06-15 18:08:42","online":"1","lastime":"2017-06-15 18:06:42"}

工作站:USER-20170525WR验证:f4d88afaf4-f4d88afaf4

{"modtime":"2017-06-15 18:10:32","online":"1","lastime":"2017-06-15 18:08:32"}

工作站:USER-TB9MHMEPV7验证:6c6586949e-6c6586949e

{"modtime":"2017-06-15 18:10:42","online":"1","lastime":"2017-06-15 18:08:42"}

工作站:USER-20170525WR验证:f4d88afaf4-f4d88afaf4

{"modtime":"2017-06-15 18:12:32","online":"1","lastime":"2017-06-15 18:10:32"}

工作站:USER-TB9MHMEPV7验证:6c6586949e-6c6586949e

{"modtime":"2017-06-15 18:12:42","online":"1","lastime":"2017-06-15 18:10:42"}

工作站:USER-20170525WR验证:f4d88afaf4-f4d88afaf4

{"modtime":"2017-06-15 18:14:32","online":"1","lastime":"2017-06-15 18:12:32"}

工作站:USER-TB9MHMEPV7验证:6c6586949e-6c6586949e

{"modtime":"2017-06-15 18:14:42","online":"1","lastime":"2017-06-15 18:12:42"}

工作站:USER-20170525WR验证:f4d88afaf4-f4d88afaf4

{"modtime":"2017-06-15 18:16:32","online":"1","lastime":"2017-06-15 18:14:32"}

工作站:USER-TB9MHMEPV7验证:6c6586949e-6c6586949e

{"modtime":"2017-06-15 18:16:42","online":"1","lastime":"2017-06-15 18:14:42"}

工作站:USER-20170525WR验证:f4d88afaf4-f4d88afaf4

{"modtime":"2017-06-15 18:18:32","online":"1","lastime":"2017-06-15 18:16:32"}

工作站:USER-TB9MHMEPV7验证:6c6586949e-6c6586949e

{"modtime":"2017-06-15 18:18:42","online":"1","lastime":"2017-06-15 18:16:42"}

工作站:USER-20170525WR验证:f4d88afaf4-f4d88afaf4

{"modtime":"2017-06-15 18:20:33","online":"1","lastime":"2017-06-15 18:18:32"}

工作站:USER-TB9MHMEPV7验证:6c6586949e-6c6586949e

{"modtime":"2017-06-15 18:20:42","online":"1","lastime":"2017-06-15 18:18:42"}

工作站:USER-20170525WR验证:f4d88afaf4-f4d88afaf4

{"modtime":"2017-06-15 18:22:33","online":"1","lastime":"2017-06-15 18:20:33"}

工作站:USER-TB9MHMEPV7验证:6c6586949e-6c6586949e

{"modtime":"2017-06-15 18:22:42","online":"1","lastime":"2017-06-15 18:20:42"}

工作站:USER-20170525WR验证:f4d88afaf4-f4d88afaf4

{"modtime":"2017-06-15 18:24:32","online":"1","lastime":"2017-06-15 18:22:33"}

工作站:USER-TB9MHMEPV7验证:6c6586949e-6c6586949e

{"modtime":"2017-06-15 18:24:42","online":"1","lastime":"2017-06-15 18:22:42"}

工作站:USER-20170525WR验证:f4d88afaf4-f4d88afaf4

{"modtime":"2017-06-15 18:26:32","online":"1","lastime":"2017-06-15 18:24:32"}

工作站:USER-TB9MHMEPV7验证:6c6586949e-6c6586949e

{"modtime":"2017-06-15 18:26:42","online":"1","lastime":"2017-06-15 18:24:42"}

工作站:USER-20170525WR验证:f4d88afaf4-f4d88afaf4

{"modtime":"2017-06-15 18:28:32","online":"1","lastime":"2017-06-15 18:26:32"}

工作站:USER-TB9MHMEPV7验证:6c6586949e-6c6586949e

{"modtime":"2017-06-15 18:28:42","online":"1","lastime":"2017-06-15 18:26:42"}

工作站:USER-20170525WR验证:f4d88afaf4-f4d88afaf4

{"modtime":"2017-06-15 18:30:32","online":"1","lastime":"2017-06-15 18:28:32"}

工作站:USER-TB9MHMEPV7验证:6c6586949e-6c6586949e

{"modtime":"2017-06-15 18:30:42","online":"1","lastime":"2017-06-15 18:28:42"}

工作站:USER-20170525WR验证:f4d88afaf4-f4d88afaf4

{"modtime":"2017-06-15 18:32:32","online":"1","lastime":"2017-06-15 18:30:32"}

工作站:USER-TB9MHMEPV7验证:6c6586949e-6c6586949e

{"modtime":"2017-06-15 18:32:42","online":"1","lastime":"2017-06-15 18:30:42"}

工作站:USER-20170525WR验证:f4d88afaf4-f4d88afaf4

{"modtime":"2017-06-15 18:34:33","online":"1","lastime":"2017-06-15 18:32:32"}

工作站:USER-TB9MHMEPV7验证:6c6586949e-6c6586949e

{"modtime":"2017-06-15 18:34:42","online":"1","lastime":"2017-06-15 18:32:42"}

工作站:USER-20170525WR验证:f4d88afaf4-f4d88afaf4

{"modtime":"2017-06-15 18:36:32","online":"1","lastime":"2017-06-15 18:34:33"}

工作站:USER-TB9MHMEPV7验证:6c6586949e-6c6586949e

{"modtime":"2017-06-15 18:36:42","online":"1","lastime":"2017-06-15 18:34:42"}

工作站:USER-20170525WR验证:f4d88afaf4-f4d88afaf4

{"modtime":"2017-06-15 18:38:32","online":"1","lastime":"2017-06-15 18:36:32"}

工作站:USER-TB9MHMEPV7验证:6c6586949e-6c6586949e

{"modtime":"2017-06-15 18:38:42","online":"1","lastime":"2017-06-15 18:36:42"}

工作站:USER-20170525WR验证:f4d88afaf4-f4d88afaf4

{"modtime":"2017-06-15 18:40:32","online":"1","lastime":"2017-06-15 18:38:32"}

工作站:USER-TB9MHMEPV7验证:6c6586949e-6c6586949e

{"modtime":"2017-06-15 18:40:42","online":"1","lastime":"2017-06-15 18:38:42"}

工作站:USER-20170525WR验证:f4d88afaf4-f4d88afaf4

{"modtime":"2017-06-15 18:42:32","online":"1","lastime":"2017-06-15 18:40:32"}

工作站:USER-TB9MHMEPV7验证:6c6586949e-6c6586949e

{"modtime":"2017-06-15 18:42:42","online":"1","lastime":"2017-06-15 18:40:42"}

工作站:USER-20170525WR验证:f4d88afaf4-f4d88afaf4

{"modtime":"2017-06-15 18:44:32","online":"1","lastime":"2017-06-15 18:42:32"}

工作站:USER-TB9MHMEPV7验证:6c6586949e-6c6586949e

{"modtime":"2017-06-15 18:44:42","online":"1","lastime":"2017-06-15 18:42:42"}

工作站:USER-20170525WR验证:f4d88afaf4-f4d88afaf4

{"modtime":"2017-06-15 18:46:32","online":"1","lastime":"2017-06-15 18:44:32"}

工作站:USER-TB9MHMEPV7验证:6c6586949e-6c6586949e

{"modtime":"2017-06-15 18:46:42","online":"1","lastime":"2017-06-15 18:44:42"}

工作站:USER-20170525WR验证:f4d88afaf4-f4d88afaf4

{"modtime":"2017-06-15 18:48:32","online":"1","lastime":"2017-06-15 18:46:32"}

工作站:USER-TB9MHMEPV7验证:6c6586949e-6c6586949e

{"modtime":"2017-06-15 18:48:42","online":"1","lastime":"2017-06-15 18:46:42"}

工作站:USER-20170525WR验证:f4d88afaf4-f4d88afaf4

{"modtime":"2017-06-15 18:50:33","online":"1","lastime":"2017-06-15 18:48:32"}

工作站:USER-TB9MHMEPV7验证:6c6586949e-6c6586949e

{"modtime":"2017-06-15 18:50:42","online":"1","lastime":"2017-06-15 18:48:42"}

工作站:USER-20170525WR验证:f4d88afaf4-f4d88afaf4

{"modtime":"2017-06-15 18:52:32","online":"1","lastime":"2017-06-15 18:50:33"}

工作站:USER-TB9MHMEPV7验证:6c6586949e-6c6586949e

{"modtime":"2017-06-15 18:52:42","online":"1","lastime":"2017-06-15 18:50:42"}

工作站:USER-20170525WR验证:f4d88afaf4-f4d88afaf4

{"modtime":"2017-06-15 18:54:32","online":"1","lastime":"2017-06-15 18:52:32"}

工作站:USER-TB9MHMEPV7验证:6c6586949e-6c6586949e

{"modtime":"2017-06-15 18:54:42","online":"1","lastime":"2017-06-15 18:52:42"}

工作站:USER-20170525WR验证:f4d88afaf4-f4d88afaf4

{"modtime":"2017-06-15 18:56:32","online":"1","lastime":"2017-06-15 18:54:32"}

工作站:USER-TB9MHMEPV7验证:6c6586949e-6c6586949e

{"modtime":"2017-06-15 18:56:42","online":"1","lastime":"2017-06-15 18:54:42"}

工作站:USER-20170525WR验证:f4d88afaf4-f4d88afaf4

{"modtime":"2017-06-15 18:58:32","online":"1","lastime":"2017-06-15 18:56:32"}

工作站:USER-TB9MHMEPV7验证:6c6586949e-6c6586949e

{"modtime":"2017-06-15 18:58:42","online":"1","lastime":"2017-06-15 18:56:42"}

工作站:USER-20170525WR验证:f4d88afaf4-f4d88afaf4

{"modtime":"2017-06-15 19:00:32","online":"1","lastime":"2017-06-15 18:58:32"}

工作站:USER-TB9MHMEPV7验证:6c6586949e-6c6586949e

{"modtime":"2017-06-15 19:00:42","online":"1","lastime":"2017-06-15 18:58:42"}

工作站:USER-20170525WR验证:f4d88afaf4-f4d88afaf4

{"modtime":"2017-06-15 19:02:33","online":"1","lastime":"2017-06-15 19:00:32"}

工作站:USER-TB9MHMEPV7验证:6c6586949e-6c6586949e

{"modtime":"2017-06-15 19:02:43","online":"1","lastime":"2017-06-15 19:00:42"}

工作站:USER-20170525WR验证:f4d88afaf4-f4d88afaf4

{"modtime":"2017-06-15 19:04:33","online":"1","lastime":"2017-06-15 19:02:33"}

工作站:USER-TB9MHMEPV7验证:6c6586949e-6c6586949e

{"modtime":"2017-06-15 19:04:43","online":"1","lastime":"2017-06-15 19:02:43"}

工作站:USER-20170525WR验证:f4d88afaf4-f4d88afaf4

{"modtime":"2017-06-15 19:06:33","online":"1","lastime":"2017-06-15 19:04:33"}

工作站:USER-TB9MHMEPV7验证:6c6586949e-6c6586949e

{"modtime":"2017-06-15 19:06:43","online":"1","lastime":"2017-06-15 19:04:43"}

工作站:USER-20170525WR验证:f4d88afaf4-f4d88afaf4

{"modtime":"2017-06-15 19:08:32","online":"1","lastime":"2017-06-15 19:06:33"}

工作站:USER-TB9MHMEPV7验证:6c6586949e-6c6586949e

{"modtime":"2017-06-15 19:08:43","online":"1","lastime":"2017-06-15 19:06:43"}

工作站:USER-20170525WR验证:f4d88afaf4-f4d88afaf4

{"modtime":"2017-06-15 19:10:32","online":"1","lastime":"2017-06-15 19:08:32"}

工作站:USER-TB9MHMEPV7验证:6c6586949e-6c6586949e

{"modtime":"2017-06-15 19:10:42","online":"1","lastime":"2017-06-15 19:08:43"}

工作站:USER-20170525WR验证:f4d88afaf4-f4d88afaf4

{"modtime":"2017-06-15 19:12:32","online":"1","lastime":"2017-06-15 19:10:32"}

工作站:USER-TB9MHMEPV7验证:6c6586949e-6c6586949e

{"modtime":"2017-06-15 19:12:42","online":"1","lastime":"2017-06-15 19:10:42"}

工作站:USER-20170525WR验证:f4d88afaf4-f4d88afaf4

{"modtime":"2017-06-15 19:14:32","online":"1","lastime":"2017-06-15 19:12:32"}

工作站:USER-TB9MHMEPV7验证:6c6586949e-6c6586949e

{"modtime":"2017-06-15 19:14:42","online":"1","lastime":"2017-06-15 19:12:42"}

工作站:USER-20170525WR验证:f4d88afaf4-f4d88afaf4

{"modtime":"2017-06-15 19:16:32","online":"1","lastime":"2017-06-15 19:14:32"}

工作站:USER-TB9MHMEPV7验证:6c6586949e-6c6586949e

{"modtime":"2017-06-15 19:16:43","online":"1","lastime":"2017-06-15 19:14:42"}

工作站:USER-20170525WR验证:f4d88afaf4-f4d88afaf4

{"modtime":"2017-06-15 19:18:32","online":"1","lastime":"2017-06-15 19:16:32"}

工作站:USER-TB9MHMEPV7验证:6c6586949e-6c6586949e

{"modtime":"2017-06-15 19:18:42","online":"1","lastime":"2017-06-15 19:16:43"}

工作站:USER-20170525WR验证:f4d88afaf4-f4d88afaf4

{"modtime":"2017-06-15 19:20:32","online":"1","lastime":"2017-06-15 19:18:32"}

工作站:USER-TB9MHMEPV7验证:6c6586949e-6c6586949e

{"modtime":"2017-06-15 19:20:42","online":"1","lastime":"2017-06-15 19:18:42"}

工作站:USER-20170525WR验证:f4d88afaf4-f4d88afaf4

{"modtime":"2017-06-15 19:22:32","online":"1","lastime":"2017-06-15 19:20:32"}

工作站:USER-TB9MHMEPV7验证:6c6586949e-6c6586949e

{"modtime":"2017-06-15 19:22:42","online":"1","lastime":"2017-06-15 19:20:42"}

工作站:USER-20170525WR验证:f4d88afaf4-f4d88afaf4

{"modtime":"2017-06-15 19:24:32","online":"1","lastime":"2017-06-15 19:22:32"}

工作站:USER-TB9MHMEPV7验证:6c6586949e-6c6586949e

{"modtime":"2017-06-15 19:24:42","online":"1","lastime":"2017-06-15 19:22:42"}

工作站:USER-20170525WR验证:f4d88afaf4-f4d88afaf4

{"modtime":"2017-06-15 19:26:32","online":"1","lastime":"2017-06-15 19:24:32"}

工作站:USER-TB9MHMEPV7验证:6c6586949e-6c6586949e

{"modtime":"2017-06-15 19:26:42","online":"1","lastime":"2017-06-15 19:24:42"}

工作站:USER-20170525WR验证:f4d88afaf4-f4d88afaf4

{"modtime":"2017-06-15 19:28:32","online":"1","lastime":"2017-06-15 19:26:32"}

工作站:USER-TB9MHMEPV7验证:6c6586949e-6c6586949e

{"modtime":"2017-06-15 19:28:43","online":"1","lastime":"2017-06-15 19:26:42"}

工作站:USER-20170525WR验证:f4d88afaf4-f4d88afaf4

{"modtime":"2017-06-15 19:30:33","online":"1","lastime":"2017-06-15 19:28:32"}

工作站:USER-TB9MHMEPV7验证:6c6586949e-6c6586949e

{"modtime":"2017-06-15 19:30:43","online":"1","lastime":"2017-06-15 19:28:43"}

工作站:USER-20170525WR验证:f4d88afaf4-f4d88afaf4

{"modtime":"2017-06-15 19:32:32","online":"1","lastime":"2017-06-15 19:30:33"}

工作站:USER-TB9MHMEPV7验证:6c6586949e-6c6586949e

{"modtime":"2017-06-15 19:32:42","online":"1","lastime":"2017-06-15 19:30:43"}

工作站:USER-20170525WR验证:f4d88afaf4-f4d88afaf4

{"modtime":"2017-06-15 19:34:32","online":"1","lastime":"2017-06-15 19:32:32"}

工作站:USER-TB9MHMEPV7验证:6c6586949e-6c6586949e

{"modtime":"2017-06-15 19:34:43","online":"1","lastime":"2017-06-15 19:32:42"}

工作站:USER-20170525WR验证:f4d88afaf4-f4d88afaf4

{"modtime":"2017-06-15 19:36:32","online":"1","lastime":"2017-06-15 19:34:32"}

工作站:USER-TB9MHMEPV7验证:6c6586949e-6c6586949e

{"modtime":"2017-06-15 19:36:42","online":"1","lastime":"2017-06-15 19:34:43"}

工作站:USER-20170525WR验证:f4d88afaf4-f4d88afaf4

{"modtime":"2017-06-15 19:38:32","online":"1","lastime":"2017-06-15 19:36:32"}

工作站:USER-TB9MHMEPV7验证:6c6586949e-6c6586949e

{"modtime":"2017-06-15 19:38:43","online":"1","lastime":"2017-06-15 19:36:42"}

工作站:USER-20170525WR验证:f4d88afaf4-f4d88afaf4

{"modtime":"2017-06-15 19:40:32","online":"1","lastime":"2017-06-15 19:38:32"}

工作站:USER-TB9MHMEPV7验证:6c6586949e-6c6586949e

{"modtime":"2017-06-15 19:40:42","online":"1","lastime":"2017-06-15 19:38:43"}

工作站:USER-20170525WR验证:f4d88afaf4-f4d88afaf4

{"modtime":"2017-06-15 19:42:32","online":"1","lastime":"2017-06-15 19:40:32"}

工作站:USER-TB9MHMEPV7验证:6c6586949e-6c6586949e

{"modtime":"2017-06-15 19:42:43","online":"1","lastime":"2017-06-15 19:40:42"}

工作站:USER-20170525WR验证:f4d88afaf4-f4d88afaf4

{"modtime":"2017-06-15 19:44:32","online":"1","lastime":"2017-06-15 19:42:32"}

工作站:USER-TB9MHMEPV7验证:6c6586949e-6c6586949e

{"modtime":"2017-06-15 19:44:42","online":"1","lastime":"2017-06-15 19:42:43"}

工作站:USER-20170525WR验证:f4d88afaf4-f4d88afaf4

{"modtime":"2017-06-15 19:46:33","online":"1","lastime":"2017-06-15 19:44:32"}

工作站:USER-TB9MHMEPV7验证:6c6586949e-6c6586949e

{"modtime":"2017-06-15 19:46:43","online":"1","lastime":"2017-06-15 19:44:42"}

工作站:USER-20170525WR验证:f4d88afaf4-f4d88afaf4

{"modtime":"2017-06-15 19:48:32","online":"1","lastime":"2017-06-15 19:46:33"}

工作站:USER-TB9MHMEPV7验证:6c6586949e-6c6586949e

{"modtime":"2017-06-15 19:48:42","online":"1","lastime":"2017-06-15 19:46:43"}

工作站:USER-20170525WR验证:f4d88afaf4-f4d88afaf4

{"modtime":"2017-06-15 19:50:32","online":"1","lastime":"2017-06-15 19:48:32"}

工作站:USER-TB9MHMEPV7验证:6c6586949e-6c6586949e

{"modtime":"2017-06-15 19:50:43","online":"1","lastime":"2017-06-15 19:48:42"}

工作站:USER-20170525WR验证:f4d88afaf4-f4d88afaf4

{"modtime":"2017-06-15 19:52:32","online":"1","lastime":"2017-06-15 19:50:32"}

工作站:USER-TB9MHMEPV7验证:6c6586949e-6c6586949e

{"modtime":"2017-06-15 19:52:42","online":"1","lastime":"2017-06-15 19:50:43"}

工作站:USER-20170525WR验证:f4d88afaf4-f4d88afaf4

{"modtime":"2017-06-15 19:54:32","online":"1","lastime":"2017-06-15 19:52:32"}

工作站:USER-TB9MHMEPV7验证:6c6586949e-6c6586949e

{"modtime":"2017-06-15 19:54:43","online":"1","lastime":"2017-06-15 19:52:42"}

工作站:USER-20170525WR验证:f4d88afaf4-f4d88afaf4

{"modtime":"2017-06-15 19:56:32","online":"1","lastime":"2017-06-15 19:54:32"}

工作站:USER-TB9MHMEPV7验证:6c6586949e-6c6586949e

{"modtime":"2017-06-15 19:56:43","online":"1","lastime":"2017-06-15 19:54:43"}

工作站:USER-20170525WR验证:f4d88afaf4-f4d88afaf4

{"modtime":"2017-06-15 19:58:32","online":"1","lastime":"2017-06-15 19:56:32"}

工作站:USER-TB9MHMEPV7验证:6c6586949e-6c6586949e

{"modtime":"2017-06-15 19:58:43","online":"1","lastime":"2017-06-15 19:56:43"}

工作站:USER-20170525WR验证:f4d88afaf4-f4d88afaf4

{"modtime":"2017-06-15 20:00:32","online":"1","lastime":"2017-06-15 19:58:32"}

工作站:USER-TB9MHMEPV7验证:6c6586949e-6c6586949e

{"modtime":"2017-06-15 20:00:42","online":"1","lastime":"2017-06-15 19:58:43"}

工作站:USER-20170525WR验证:f4d88afaf4-f4d88afaf4

{"modtime":"2017-06-15 20:02:32","online":"1","lastime":"2017-06-15 20:00:32"}

工作站:USER-TB9MHMEPV7验证:6c6586949e-6c6586949e

{"modtime":"2017-06-15 20:02:43","online":"1","lastime":"2017-06-15 20:00:42"}

工作站:USER-20170525WR验证:f4d88afaf4-f4d88afaf4

{"modtime":"2017-06-15 20:04:33","online":"1","lastime":"2017-06-15 20:02:32"}

工作站:USER-TB9MHMEPV7验证:6c6586949e-6c6586949e

{"modtime":"2017-06-15 20:04:43","online":"1","lastime":"2017-06-15 20:02:43"}

工作站:USER-20170525WR验证:f4d88afaf4-f4d88afaf4

{"modtime":"2017-06-15 20:06:32","online":"1","lastime":"2017-06-15 20:04:33"}

工作站:USER-TB9MHMEPV7验证:6c6586949e-6c6586949e

{"modtime":"2017-06-15 20:06:42","online":"1","lastime":"2017-06-15 20:04:43"}

工作站:USER-20170525WR验证:f4d88afaf4-f4d88afaf4

{"modtime":"2017-06-15 20:08:32","online":"1","lastime":"2017-06-15 20:06:32"}

工作站:USER-TB9MHMEPV7验证:6c6586949e-6c6586949e

{"modtime":"2017-06-15 20:08:43","online":"1","lastime":"2017-06-15 20:06:42"}

工作站:USER-20170525WR验证:f4d88afaf4-f4d88afaf4

{"modtime":"2017-06-15 20:10:32","online":"1","lastime":"2017-06-15 20:08:32"}

工作站:USER-TB9MHMEPV7验证:6c6586949e-6c6586949e

{"modtime":"2017-06-15 20:10:43","online":"1","lastime":"2017-06-15 20:08:43"}

工作站:USER-20170525WR验证:f4d88afaf4-f4d88afaf4

{"modtime":"2017-06-15 20:12:32","online":"1","lastime":"2017-06-15 20:10:32"}

工作站:USER-TB9MHMEPV7验证:6c6586949e-6c6586949e

{"modtime":"2017-06-15 20:12:42","online":"1","lastime":"2017-06-15 20:10:43"}

工作站:USER-20170525WR验证:f4d88afaf4-f4d88afaf4

{"modtime":"2017-06-15 20:14:32","online":"1","lastime":"2017-06-15 20:12:32"}

工作站:USER-TB9MHMEPV7验证:6c6586949e-6c6586949e

{"modtime":"2017-06-15 20:14:43","online":"1","lastime":"2017-06-15 20:12:42"}

工作站:USER-20170525WR验证:f4d88afaf4-f4d88afaf4

{"modtime":"2017-06-15 20:16:32","online":"1","lastime":"2017-06-15 20:14:32"}

工作站:USER-TB9MHMEPV7验证:6c6586949e-6c6586949e

{"modtime":"2017-06-15 20:16:42","online":"1","lastime":"2017-06-15 20:14:43"}

工作站:USER-20170525WR验证:f4d88afaf4-f4d88afaf4

{"modtime":"2017-06-15 20:18:32","online":"1","lastime":"2017-06-15 20:16:32"}

工作站:USER-TB9MHMEPV7验证:6c6586949e-6c6586949e

{"modtime":"2017-06-15 20:18:43","online":"1","lastime":"2017-06-15 20:16:42"}

工作站:USER-20170525WR验证:f4d88afaf4-f4d88afaf4

{"modtime":"2017-06-15 20:20:32","online":"1","lastime":"2017-06-15 20:18:32"}

工作站:USER-TB9MHMEPV7验证:6c6586949e-6c6586949e

{"modtime":"2017-06-15 20:20:42","online":"1","lastime":"2017-06-15 20:18:43"}

工作站:USER-20170525WR验证:f4d88afaf4-f4d88afaf4

{"modtime":"2017-06-15 20:22:32","online":"1","lastime":"2017-06-15 20:20:32"}

工作站:USER-TB9MHMEPV7验证:6c6586949e-6c6586949e

{"modtime":"2017-06-15 20:22:43","online":"1","lastime":"2017-06-15 20:20:42"}

工作站:USER-20170525WR验证:f4d88afaf4-f4d88afaf4

{"modtime":"2017-06-15 20:24:32","online":"1","lastime":"2017-06-15 20:22:32"}

工作站:USER-TB9MHMEPV7验证:6c6586949e-6c6586949e

{"modtime":"2017-06-15 20:24:43","online":"1","lastime":"2017-06-15 20:22:43"}

工作站:USER-20170525WR验证:f4d88afaf4-f4d88afaf4

{"modtime":"2017-06-15 20:26:32","online":"1","lastime":"2017-06-15 20:24:32"}

工作站:USER-TB9MHMEPV7验证:6c6586949e-6c6586949e

{"modtime":"2017-06-15 20:26:43","online":"1","lastime":"2017-06-15 20:24:43"}

工作站:USER-20170525WR验证:f4d88afaf4-f4d88afaf4

{"modtime":"2017-06-15 20:28:32","online":"1","lastime":"2017-06-15 20:26:32"}

工作站:USER-TB9MHMEPV7验证:6c6586949e-6c6586949e

{"modtime":"2017-06-15 20:28:43","online":"1","lastime":"2017-06-15 20:26:43"}

工作站:USER-20170525WR验证:f4d88afaf4-f4d88afaf4

{"modtime":"2017-06-15 20:30:32","online":"1","lastime":"2017-06-15 20:28:32"}

工作站:USER-TB9MHMEPV7验证:6c6586949e-6c6586949e

{"modtime":"2017-06-15 20:30:43","online":"1","lastime":"2017-06-15 20:28:43"}

工作站:USER-20170525WR验证:f4d88afaf4-f4d88afaf4

{"modtime":"2017-06-15 20:32:32","online":"1","lastime":"2017-06-15 20:30:32"}

工作站:USER-TB9MHMEPV7验证:6c6586949e-6c6586949e

{"modtime":"2017-06-15 20:32:43","online":"1","lastime":"2017-06-15 20:30:43"}

工作站:USER-20170525WR验证:f4d88afaf4-f4d88afaf4

{"modtime":"2017-06-15 20:34:32","online":"1","lastime":"2017-06-15 20:32:32"}

工作站:USER-TB9MHMEPV7验证:6c6586949e-6c6586949e

{"modtime":"2017-06-15 20:34:43","online":"1","lastime":"2017-06-15 20:32:43"}

工作站:USER-20170525WR验证:f4d88afaf4-f4d88afaf4

{"modtime":"2017-06-15 20:36:32","online":"1","lastime":"2017-06-15 20:34:32"}

工作站:USER-TB9MHMEPV7验证:6c6586949e-6c6586949e

{"modtime":"2017-06-15 20:36:43","online":"1","lastime":"2017-06-15 20:34:43"}

工作站:USER-20170525WR验证:f4d88afaf4-f4d88afaf4

{"modtime":"2017-06-15 20:38:32","online":"1","lastime":"2017-06-15 20:36:32"}

工作站:USER-TB9MHMEPV7验证:6c6586949e-6c6586949e

{"modtime":"2017-06-15 20:38:43","online":"1","lastime":"2017-06-15 20:36:43"}

工作站:USER-20170525WR验证:f4d88afaf4-f4d88afaf4

{"modtime":"2017-06-15 20:40:32","online":"1","lastime":"2017-06-15 20:38:32"}

工作站:USER-TB9MHMEPV7验证:6c6586949e-6c6586949e

{"modtime":"2017-06-15 20:40:43","online":"1","lastime":"2017-06-15 20:38:43"}

工作站:USER-20170525WR验证:f4d88afaf4-f4d88afaf4

{"modtime":"2017-06-15 20:42:32","online":"1","lastime":"2017-06-15 20:40:32"}

工作站:USER-TB9MHMEPV7验证:6c6586949e-6c6586949e

{"modtime":"2017-06-15 20:42:44","online":"1","lastime":"2017-06-15 20:40:43"}

工作站:USER-20170525WR验证:f4d88afaf4-f4d88afaf4

{"modtime":"2017-06-15 20:44:32","online":"1","lastime":"2017-06-15 20:42:32"}

工作站:USER-TB9MHMEPV7验证:6c6586949e-6c6586949e

{"modtime":"2017-06-15 20:44:43","online":"1","lastime":"2017-06-15 20:42:44"}

工作站:USER-20170525WR验证:f4d88afaf4-f4d88afaf4

{"modtime":"2017-06-15 20:46:32","online":"1","lastime":"2017-06-15 20:44:32"}

工作站:USER-TB9MHMEPV7验证:6c6586949e-6c6586949e

{"modtime":"2017-06-15 20:46:43","online":"1","lastime":"2017-06-15 20:44:43"}

工作站:USER-20170525WR验证:f4d88afaf4-f4d88afaf4

{"modtime":"2017-06-15 20:48:32","online":"1","lastime":"2017-06-15 20:46:32"}

工作站:USER-TB9MHMEPV7验证:6c6586949e-6c6586949e

{"modtime":"2017-06-15 20:48:43","online":"1","lastime":"2017-06-15 20:46:43"}

工作站:USER-20170525WR验证:f4d88afaf4-f4d88afaf4

{"modtime":"2017-06-15 20:50:32","online":"1","lastime":"2017-06-15 20:48:32"}

工作站:USER-TB9MHMEPV7验证:6c6586949e-6c6586949e

{"modtime":"2017-06-15 20:50:43","online":"1","lastime":"2017-06-15 20:48:43"}

工作站:USER-20170525WR验证:f4d88afaf4-f4d88afaf4

{"modtime":"2017-06-15 20:52:32","online":"1","lastime":"2017-06-15 20:50:32"}

工作站:USER-TB9MHMEPV7验证:6c6586949e-6c6586949e

{"modtime":"2017-06-15 20:52:43","online":"1","lastime":"2017-06-15 20:50:43"}

工作站:USER-20170525WR验证:f4d88afaf4-f4d88afaf4

{"modtime":"2017-06-15 20:54:32","online":"1","lastime":"2017-06-15 20:52:32"}

工作站:USER-TB9MHMEPV7验证:6c6586949e-6c6586949e

{"modtime":"2017-06-15 20:54:44","online":"1","lastime":"2017-06-15 20:52:43"}

工作站:USER-20170525WR验证:f4d88afaf4-f4d88afaf4

{"modtime":"2017-06-15 20:56:32","online":"1","lastime":"2017-06-15 20:54:32"}

工作站:USER-TB9MHMEPV7验证:6c6586949e-6c6586949e

{"modtime":"2017-06-15 20:56:43","online":"1","lastime":"2017-06-15 20:54:44"}

工作站:USER-20170525WR验证:f4d88afaf4-f4d88afaf4

{"modtime":"2017-06-15 20:58:32","online":"1","lastime":"2017-06-15 20:56:32"}

工作站:USER-TB9MHMEPV7验证:6c6586949e-6c6586949e

{"modtime":"2017-06-15 20:58:43","online":"1","lastime":"2017-06-15 20:56:43"}

工作站:USER-20170525WR验证:f4d88afaf4-f4d88afaf4

{"modtime":"2017-06-15 21:00:32","online":"1","lastime":"2017-06-15 20:58:32"}

工作站:USER-TB9MHMEPV7验证:6c6586949e-6c6586949e

{"modtime":"2017-06-15 21:00:43","online":"1","lastime":"2017-06-15 20:58:43"}

工作站:USER-20170525WR验证:f4d88afaf4-f4d88afaf4

{"modtime":"2017-06-15 21:02:32","online":"1","lastime":"2017-06-15 21:00:32"}

工作站:USER-TB9MHMEPV7验证:6c6586949e-6c6586949e

{"modtime":"2017-06-15 21:02:44","online":"1","lastime":"2017-06-15 21:00:43"}

工作站:USER-20170525WR验证:f4d88afaf4-f4d88afaf4

{"modtime":"2017-06-15 21:04:32","online":"1","lastime":"2017-06-15 21:02:32"}

工作站:USER-TB9MHMEPV7验证:6c6586949e-6c6586949e

{"modtime":"2017-06-15 21:04:43","online":"1","lastime":"2017-06-15 21:02:44"}

工作站:USER-20170525WR验证:f4d88afaf4-f4d88afaf4

{"modtime":"2017-06-15 21:06:32","online":"1","lastime":"2017-06-15 21:04:32"}

工作站:USER-TB9MHMEPV7验证:6c6586949e-6c6586949e

{"modtime":"2017-06-15 21:06:43","online":"1","lastime":"2017-06-15 21:04:43"}

工作站:USER-20170525WR验证:f4d88afaf4-f4d88afaf4

{"modtime":"2017-06-15 21:08:32","online":"1","lastime":"2017-06-15 21:06:32"}

工作站:USER-TB9MHMEPV7验证:6c6586949e-6c6586949e

{"modtime":"2017-06-15 21:08:43","online":"1","lastime":"2017-06-15 21:06:43"}

工作站:USER-20170525WR验证:f4d88afaf4-f4d88afaf4

{"modtime":"2017-06-15 21:10:32","online":"1","lastime":"2017-06-15 21:08:32"}

工作站:USER-TB9MHMEPV7验证:6c6586949e-6c6586949e

{"modtime":"2017-06-15 21:10:43","online":"1","lastime":"2017-06-15 21:08:43"}

工作站:USER-20170525WR验证:f4d88afaf4-f4d88afaf4

{"modtime":"2017-06-15 21:12:32","online":"1","lastime":"2017-06-15 21:10:32"}

工作站:USER-TB9MHMEPV7验证:6c6586949e-6c6586949e

{"modtime":"2017-06-15 21:12:44","online":"1","lastime":"2017-06-15 21:10:43"}

工作站:USER-20170525WR验证:f4d88afaf4-f4d88afaf4

{"modtime":"2017-06-15 21:14:32","online":"1","lastime":"2017-06-15 21:12:32"}

工作站:USER-TB9MHMEPV7验证:6c6586949e-6c6586949e

{"modtime":"2017-06-15 21:14:44","online":"1","lastime":"2017-06-15 21:12:44"}

工作站:USER-20170525WR验证:f4d88afaf4-f4d88afaf4

{"modtime":"2017-06-15 21:16:32","online":"1","lastime":"2017-06-15 21:14:32"}

工作站:USER-TB9MHMEPV7验证:6c6586949e-6c6586949e

{"modtime":"2017-06-15 21:16:43","online":"1","lastime":"2017-06-15 21:14:44"}

工作站:USER-20170525WR验证:f4d88afaf4-f4d88afaf4

{"modtime":"2017-06-15 21:18:32","online":"1","lastime":"2017-06-15 21:16:32"}

工作站:USER-TB9MHMEPV7验证:6c6586949e-6c6586949e

{"modtime":"2017-06-15 21:18:44","online":"1","lastime":"2017-06-15 21:16:43"}

工作站:USER-20170525WR验证:f4d88afaf4-f4d88afaf4

{"modtime":"2017-06-15 21:20:32","online":"1","lastime":"2017-06-15 21:18:32"}

工作站:USER-TB9MHMEPV7验证:6c6586949e-6c6586949e

{"modtime":"2017-06-15 21:20:43","online":"1","lastime":"2017-06-15 21:18:44"}

工作站:USER-20170525WR验证:f4d88afaf4-f4d88afaf4

{"modtime":"2017-06-15 21:22:32","online":"1","lastime":"2017-06-15 21:20:32"}

工作站:USER-TB9MHMEPV7验证:6c6586949e-6c6586949e

{"modtime":"2017-06-15 21:22:43","online":"1","lastime":"2017-06-15 21:20:43"}

工作站:USER-20170525WR验证:f4d88afaf4-f4d88afaf4

{"modtime":"2017-06-15 21:24:32","online":"1","lastime":"2017-06-15 21:22:32"}

工作站:USER-TB9MHMEPV7验证:6c6586949e-6c6586949e

{"modtime":"2017-06-15 21:24:43","online":"1","lastime":"2017-06-15 21:22:43"}

工作站:USER-20170525WR验证:f4d88afaf4-f4d88afaf4

{"modtime":"2017-06-15 21:26:32","online":"1","lastime":"2017-06-15 21:24:32"}

工作站:USER-TB9MHMEPV7验证:6c6586949e-6c6586949e

{"modtime":"2017-06-15 21:26:43","online":"1","lastime":"2017-06-15 21:24:43"}

工作站:USER-20170525WR验证:f4d88afaf4-f4d88afaf4

{"modtime":"2017-06-15 21:28:32","online":"1","lastime":"2017-06-15 21:26:32"}

工作站:USER-TB9MHMEPV7验证:6c6586949e-6c6586949e

{"modtime":"2017-06-15 21:28:43","online":"1","lastime":"2017-06-15 21:26:43"}

工作站:USER-20170525WR验证:f4d88afaf4-f4d88afaf4

{"modtime":"2017-06-15 21:30:32","online":"1","lastime":"2017-06-15 21:28:32"}

工作站:USER-TB9MHMEPV7验证:6c6586949e-6c6586949e

{"modtime":"2017-06-15 21:30:44","online":"1","lastime":"2017-06-15 21:28:43"}

工作站:USER-20170525WR验证:f4d88afaf4-f4d88afaf4

{"modtime":"2017-06-15 21:32:32","online":"1","lastime":"2017-06-15 21:30:32"}

工作站:USER-TB9MHMEPV7验证:6c6586949e-6c6586949e

{"modtime":"2017-06-15 21:32:43","online":"1","lastime":"2017-06-15 21:30:44"}

工作站:USER-20170525WR验证:f4d88afaf4-f4d88afaf4

{"modtime":"2017-06-15 21:34:32","online":"1","lastime":"2017-06-15 21:32:32"}

工作站:USER-TB9MHMEPV7验证:6c6586949e-6c6586949e

{"modtime":"2017-06-15 21:34:43","online":"1","lastime":"2017-06-15 21:32:43"}

工作站:USER-20170525WR验证:f4d88afaf4-f4d88afaf4

{"modtime":"2017-06-15 21:36:32","online":"1","lastime":"2017-06-15 21:34:32"}

工作站:USER-TB9MHMEPV7验证:6c6586949e-6c6586949e

{"modtime":"2017-06-15 21:36:44","online":"1","lastime":"2017-06-15 21:34:43"}

工作站:USER-20170525WR验证:f4d88afaf4-f4d88afaf4

{"modtime":"2017-06-15 21:38:32","online":"1","lastime":"2017-06-15 21:36:32"}

工作站:USER-TB9MHMEPV7验证:6c6586949e-6c6586949e

{"modtime":"2017-06-15 21:38:43","online":"1","lastime":"2017-06-15 21:36:44"}

工作站:USER-20170525WR验证:f4d88afaf4-f4d88afaf4

{"modtime":"2017-06-15 21:40:32","online":"1","lastime":"2017-06-15 21:38:32"}

工作站:USER-TB9MHMEPV7验证:6c6586949e-6c6586949e

{"modtime":"2017-06-15 21:40:43","online":"1","lastime":"2017-06-15 21:38:43"}

工作站:USER-20170525WR验证:f4d88afaf4-f4d88afaf4

{"modtime":"2017-06-15 21:42:32","online":"1","lastime":"2017-06-15 21:40:32"}

工作站:USER-TB9MHMEPV7验证:6c6586949e-6c6586949e

{"modtime":"2017-06-15 21:42:44","online":"1","lastime":"2017-06-15 21:40:43"}

工作站:USER-20170525WR验证:f4d88afaf4-f4d88afaf4

{"modtime":"2017-06-15 21:44:33","online":"1","lastime":"2017-06-15 21:42:32"}

工作站:USER-TB9MHMEPV7验证:6c6586949e-6c6586949e

{"modtime":"2017-06-15 21:44:44","online":"1","lastime":"2017-06-15 21:42:44"}

工作站:USER-20170525WR验证:f4d88afaf4-f4d88afaf4

{"modtime":"2017-06-15 21:46:32","online":"1","lastime":"2017-06-15 21:44:33"}

工作站:USER-TB9MHMEPV7验证:6c6586949e-6c6586949e

{"modtime":"2017-06-15 21:46:43","online":"1","lastime":"2017-06-15 21:44:44"}

工作站:USER-20170525WR验证:f4d88afaf4-f4d88afaf4

{"modtime":"2017-06-15 21:48:32","online":"1","lastime":"2017-06-15 21:46:32"}

工作站:USER-TB9MHMEPV7验证:6c6586949e-6c6586949e

{"modtime":"2017-06-15 21:48:44","online":"1","lastime":"2017-06-15 21:46:43"}

工作站:USER-20170525WR验证:f4d88afaf4-f4d88afaf4

{"modtime":"2017-06-15 21:50:32","online":"1","lastime":"2017-06-15 21:48:32"}

工作站:USER-TB9MHMEPV7验证:6c6586949e-6c6586949e

{"modtime":"2017-06-15 21:50:43","online":"1","lastime":"2017-06-15 21:48:44"}

工作站:USER-20170525WR验证:f4d88afaf4-f4d88afaf4

{"modtime":"2017-06-15 21:52:32","online":"1","lastime":"2017-06-15 21:50:32"}

工作站:USER-TB9MHMEPV7验证:6c6586949e-6c6586949e

{"modtime":"2017-06-15 21:52:43","online":"1","lastime":"2017-06-15 21:50:43"}

工作站:USER-20170525WR验证:f4d88afaf4-f4d88afaf4

{"modtime":"2017-06-15 21:54:32","online":"1","lastime":"2017-06-15 21:52:32"}

工作站:USER-TB9MHMEPV7验证:6c6586949e-6c6586949e

{"modtime":"2017-06-15 21:54:43","online":"1","lastime":"2017-06-15 21:52:43"}

工作站:USER-20170525WR验证:f4d88afaf4-f4d88afaf4

{"modtime":"2017-06-15 21:56:32","online":"1","lastime":"2017-06-15 21:54:32"}

工作站:USER-TB9MHMEPV7验证:6c6586949e-6c6586949e

{"modtime":"2017-06-15 21:56:44","online":"1","lastime":"2017-06-15 21:54:43"}

工作站:USER-20170525WR验证:f4d88afaf4-f4d88afaf4

{"modtime":"2017-06-15 21:58:32","online":"1","lastime":"2017-06-15 21:56:32"}

工作站:USER-TB9MHMEPV7验证:6c6586949e-6c6586949e

{"modtime":"2017-06-15 21:58:44","online":"1","lastime":"2017-06-15 21:56:44"}

工作站:USER-20170525WR验证:f4d88afaf4-f4d88afaf4

{"modtime":"2017-06-15 22:00:32","online":"1","lastime":"2017-06-15 21:58:32"}

工作站:USER-TB9MHMEPV7验证:6c6586949e-6c6586949e

{"modtime":"2017-06-15 22:00:44","online":"1","lastime":"2017-06-15 21:58:44"}

工作站:USER-20170525WR验证:f4d88afaf4-f4d88afaf4

{"modtime":"2017-06-15 22:02:32","online":"1","lastime":"2017-06-15 22:00:32"}

工作站:USER-TB9MHMEPV7验证:6c6586949e-6c6586949e

{"modtime":"2017-06-15 22:02:44","online":"1","lastime":"2017-06-15 22:00:44"}

工作站:USER-20170525WR验证:f4d88afaf4-f4d88afaf4

{"modtime":"2017-06-15 22:04:32","online":"1","lastime":"2017-06-15 22:02:32"}

工作站:USER-TB9MHMEPV7验证:6c6586949e-6c6586949e

{"modtime":"2017-06-15 22:04:44","online":"1","lastime":"2017-06-15 22:02:44"}

工作站:USER-20170525WR验证:f4d88afaf4-f4d88afaf4

{"modtime":"2017-06-15 22:06:32","online":"1","lastime":"2017-06-15 22:04:32"}

工作站:USER-TB9MHMEPV7验证:6c6586949e-6c6586949e

{"modtime":"2017-06-15 22:06:44","online":"1","lastime":"2017-06-15 22:04:44"}

工作站:USER-20170525WR验证:f4d88afaf4-f4d88afaf4

{"modtime":"2017-06-15 22:08:32","online":"1","lastime":"2017-06-15 22:06:32"}

工作站:USER-TB9MHMEPV7验证:6c6586949e-6c6586949e

{"modtime":"2017-06-15 22:08:44","online":"1","lastime":"2017-06-15 22:06:44"}

工作站:USER-20170525WR验证:f4d88afaf4-f4d88afaf4

{"modtime":"2017-06-15 22:10:32","online":"1","lastime":"2017-06-15 22:08:32"}

工作站:USER-TB9MHMEPV7验证:6c6586949e-6c6586949e

{"modtime":"2017-06-15 22:10:44","online":"1","lastime":"2017-06-15 22:08:44"}

工作站:USER-20170525WR验证:f4d88afaf4-f4d88afaf4

{"modtime":"2017-06-15 22:12:32","online":"1","lastime":"2017-06-15 22:10:32"}

工作站:USER-TB9MHMEPV7验证:6c6586949e-6c6586949e

{"modtime":"2017-06-15 22:12:43","online":"1","lastime":"2017-06-15 22:10:44"}

工作站:USER-20170525WR验证:f4d88afaf4-f4d88afaf4

{"modtime":"2017-06-15 22:14:32","online":"1","lastime":"2017-06-15 22:12:32"}

工作站:USER-TB9MHMEPV7验证:6c6586949e-6c6586949e

{"modtime":"2017-06-15 22:14:44","online":"1","lastime":"2017-06-15 22:12:43"}

工作站:USER-20170525WR验证:f4d88afaf4-f4d88afaf4

{"modtime":"2017-06-15 22:16:32","online":"1","lastime":"2017-06-15 22:14:32"}

工作站:USER-TB9MHMEPV7验证:6c6586949e-6c6586949e

{"modtime":"2017-06-15 22:16:44","online":"1","lastime":"2017-06-15 22:14:44"}

工作站:USER-20170525WR验证:f4d88afaf4-f4d88afaf4

{"modtime":"2017-06-15 22:18:32","online":"1","lastime":"2017-06-15 22:16:32"}

工作站:USER-TB9MHMEPV7验证:6c6586949e-6c6586949e

{"modtime":"2017-06-15 22:18:44","online":"1","lastime":"2017-06-15 22:16:44"}

工作站:USER-20170525WR验证:f4d88afaf4-f4d88afaf4

{"modtime":"2017-06-15 22:20:32","online":"1","lastime":"2017-06-15 22:18:32"}

工作站:USER-TB9MHMEPV7验证:6c6586949e-6c6586949e

{"modtime":"2017-06-15 22:20:44","online":"1","lastime":"2017-06-15 22:18:44"}

工作站:USER-20170525WR验证:f4d88afaf4-f4d88afaf4

{"modtime":"2017-06-15 22:22:32","online":"1","lastime":"2017-06-15 22:20:32"}

工作站:USER-TB9MHMEPV7验证:6c6586949e-6c6586949e

{"modtime":"2017-06-15 22:22:44","online":"1","lastime":"2017-06-15 22:20:44"}

工作站:USER-20170525WR验证:f4d88afaf4-f4d88afaf4

{"modtime":"2017-06-15 22:24:32","online":"1","lastime":"2017-06-15 22:22:32"}

工作站:USER-TB9MHMEPV7验证:6c6586949e-6c6586949e

{"modtime":"2017-06-15 22:24:43","online":"1","lastime":"2017-06-15 22:22:44"}

工作站:USER-20170525WR验证:f4d88afaf4-f4d88afaf4

{"modtime":"2017-06-15 22:26:32","online":"1","lastime":"2017-06-15 22:24:32"}

工作站:USER-TB9MHMEPV7验证:6c6586949e-6c6586949e

{"modtime":"2017-06-15 22:26:44","online":"1","lastime":"2017-06-15 22:24:43"}

工作站:USER-20170525WR验证:f4d88afaf4-f4d88afaf4

{"modtime":"2017-06-15 22:28:32","online":"1","lastime":"2017-06-15 22:26:32"}

工作站:USER-TB9MHMEPV7验证:6c6586949e-6c6586949e

{"modtime":"2017-06-15 22:28:45","online":"1","lastime":"2017-06-15 22:26:44"}

工作站:USER-20170525WR验证:f4d88afaf4-f4d88afaf4

{"modtime":"2017-06-15 22:30:32","online":"1","lastime":"2017-06-15 22:28:32"}

工作站:USER-TB9MHMEPV7验证:6c6586949e-6c6586949e

{"modtime":"2017-06-15 22:30:45","online":"1","lastime":"2017-06-15 22:28:45"}

工作站:USER-20170525WR验证:f4d88afaf4-f4d88afaf4

{"modtime":"2017-06-15 22:32:32","online":"1","lastime":"2017-06-15 22:30:32"}

工作站:USER-TB9MHMEPV7验证:6c6586949e-6c6586949e

{"modtime":"2017-06-15 22:32:45","online":"1","lastime":"2017-06-15 22:30:45"}

工作站:USER-20170525WR验证:f4d88afaf4-f4d88afaf4

{"modtime":"2017-06-15 22:34:32","online":"1","lastime":"2017-06-15 22:32:32"}

工作站:USER-TB9MHMEPV7验证:6c6586949e-6c6586949e

{"modtime":"2017-06-15 22:34:44","online":"1","lastime":"2017-06-15 22:32:45"}

工作站:USER-20170525WR验证:f4d88afaf4-f4d88afaf4

{"modtime":"2017-06-15 22:36:32","online":"1","lastime":"2017-06-15 22:34:32"}

工作站:USER-TB9MHMEPV7验证:6c6586949e-6c6586949e

{"modtime":"2017-06-15 22:36:44","online":"1","lastime":"2017-06-15 22:34:44"}

工作站:USER-20170525WR验证:f4d88afaf4-f4d88afaf4

{"modtime":"2017-06-15 22:38:32","online":"1","lastime":"2017-06-15 22:36:32"}

工作站:USER-TB9MHMEPV7验证:6c6586949e-6c6586949e

{"modtime":"2017-06-15 22:38:44","online":"1","lastime":"2017-06-15 22:36:44"}

工作站:USER-20170525WR验证:f4d88afaf4-f4d88afaf4

{"modtime":"2017-06-15 22:40:32","online":"1","lastime":"2017-06-15 22:38:32"}

工作站:USER-TB9MHMEPV7验证:6c6586949e-6c6586949e

{"modtime":"2017-06-15 22:40:44","online":"1","lastime":"2017-06-15 22:38:44"}

工作站:USER-20170525WR验证:f4d88afaf4-f4d88afaf4

{"modtime":"2017-06-15 22:42:32","online":"1","lastime":"2017-06-15 22:40:32"}

工作站:USER-TB9MHMEPV7验证:6c6586949e-6c6586949e

{"modtime":"2017-06-15 22:42:44","online":"1","lastime":"2017-06-15 22:40:44"}

工作站:USER-20170525WR验证:f4d88afaf4-f4d88afaf4

{"modtime":"2017-06-15 22:44:32","online":"1","lastime":"2017-06-15 22:42:32"}

工作站:USER-TB9MHMEPV7验证:6c6586949e-6c6586949e

{"modtime":"2017-06-15 22:44:44","online":"1","lastime":"2017-06-15 22:42:44"}

工作站:USER-20170525WR验证:f4d88afaf4-f4d88afaf4

{"modtime":"2017-06-15 22:46:32","online":"1","lastime":"2017-06-15 22:44:32"}

工作站:USER-TB9MHMEPV7验证:6c6586949e-6c6586949e

{"modtime":"2017-06-15 22:46:47","online":"1","lastime":"2017-06-15 22:44:44"}

工作站:USER-20170525WR验证:f4d88afaf4-f4d88afaf4

{"modtime":"2017-06-15 22:48:32","online":"1","lastime":"2017-06-15 22:46:32"}

工作站:USER-TB9MHMEPV7验证:6c6586949e-6c6586949e

{"modtime":"2017-06-15 22:48:45","online":"1","lastime":"2017-06-15 22:46:47"}

工作站:USER-20170525WR验证:f4d88afaf4-f4d88afaf4

{"modtime":"2017-06-15 22:50:32","online":"1","lastime":"2017-06-15 22:48:32"}

工作站:USER-TB9MHMEPV7验证:6c6586949e-6c6586949e

{"modtime":"2017-06-15 22:50:45","online":"1","lastime":"2017-06-15 22:48:45"}

工作站:USER-20170525WR验证:f4d88afaf4-f4d88afaf4

{"modtime":"2017-06-15 22:52:32","online":"1","lastime":"2017-06-15 22:50:32"}

工作站:USER-TB9MHMEPV7验证:6c6586949e-6c6586949e

{"modtime":"2017-06-15 22:52:44","online":"1","lastime":"2017-06-15 22:50:45"}

工作站:USER-20170525WR验证:f4d88afaf4-f4d88afaf4

{"modtime":"2017-06-15 22:54:32","online":"1","lastime":"2017-06-15 22:52:32"}

工作站:USER-TB9MHMEPV7验证:6c6586949e-6c6586949e

{"modtime":"2017-06-15 22:54:44","online":"1","lastime":"2017-06-15 22:52:44"}

工作站:USER-20170525WR验证:f4d88afaf4-f4d88afaf4

{"modtime":"2017-06-15 22:56:32","online":"1","lastime":"2017-06-15 22:54:32"}

工作站:USER-TB9MHMEPV7验证:6c6586949e-6c6586949e

{"modtime":"2017-06-15 22:56:44","online":"1","lastime":"2017-06-15 22:54:44"}

工作站:USER-20170525WR验证:f4d88afaf4-f4d88afaf4

{"modtime":"2017-06-15 22:58:32","online":"1","lastime":"2017-06-15 22:56:32"}

工作站:USER-TB9MHMEPV7验证:6c6586949e-6c6586949e

{"modtime":"2017-06-15 22:58:45","online":"1","lastime":"2017-06-15 22:56:44"}

工作站:USER-20170525WR验证:f4d88afaf4-f4d88afaf4

{"modtime":"2017-06-15 23:00:32","online":"1","lastime":"2017-06-15 22:58:32"}

工作站:USER-TB9MHMEPV7验证:6c6586949e-6c6586949e

{"modtime":"2017-06-15 23:00:44","online":"1","lastime":"2017-06-15 22:58:45"}

工作站:USER-20170525WR验证:f4d88afaf4-f4d88afaf4

{"modtime":"2017-06-15 23:02:32","online":"1","lastime":"2017-06-15 23:00:32"}

工作站:USER-TB9MHMEPV7验证:6c6586949e-6c6586949e

{"modtime":"2017-06-15 23:02:45","online":"1","lastime":"2017-06-15 23:00:44"}

工作站:USER-20170525WR验证:f4d88afaf4-f4d88afaf4

{"modtime":"2017-06-15 23:04:32","online":"1","lastime":"2017-06-15 23:02:32"}

工作站:USER-TB9MHMEPV7验证:6c6586949e-6c6586949e

{"modtime":"2017-06-15 23:04:44","online":"1","lastime":"2017-06-15 23:02:45"}

工作站:USER-20170525WR验证:f4d88afaf4-f4d88afaf4

{"modtime":"2017-06-15 23:06:32","online":"1","lastime":"2017-06-15 23:04:32"}

工作站:USER-TB9MHMEPV7验证:6c6586949e-6c6586949e

{"modtime":"2017-06-15 23:06:44","online":"1","lastime":"2017-06-15 23:04:44"}

工作站:USER-20170525WR验证:f4d88afaf4-f4d88afaf4

{"modtime":"2017-06-15 23:08:32","online":"1","lastime":"2017-06-15 23:06:32"}

工作站:USER-TB9MHMEPV7验证:6c6586949e-6c6586949e

{"modtime":"2017-06-15 23:08:48","online":"1","lastime":"2017-06-15 23:06:44"}

工作站:USER-20170525WR验证:f4d88afaf4-f4d88afaf4

{"modtime":"2017-06-15 23:10:32","online":"1","lastime":"2017-06-15 23:08:32"}

工作站:USER-TB9MHMEPV7验证:6c6586949e-6c6586949e

{"modtime":"2017-06-15 23:10:44","online":"1","lastime":"2017-06-15 23:08:48"}

工作站:USER-20170525WR验证:f4d88afaf4-f4d88afaf4

{"modtime":"2017-06-15 23:12:32","online":"1","lastime":"2017-06-15 23:10:32"}

工作站:USER-TB9MHMEPV7验证:6c6586949e-6c6586949e

{"modtime":"2017-06-15 23:12:44","online":"1","lastime":"2017-06-15 23:10:44"}

工作站:USER-20170525WR验证:f4d88afaf4-f4d88afaf4

{"modtime":"2017-06-15 23:14:32","online":"1","lastime":"2017-06-15 23:12:32"}

工作站:USER-TB9MHMEPV7验证:6c6586949e-6c6586949e

{"modtime":"2017-06-15 23:14:44","online":"1","lastime":"2017-06-15 23:12:44"}

工作站:USER-20170525WR验证:f4d88afaf4-f4d88afaf4

{"modtime":"2017-06-15 23:16:32","online":"1","lastime":"2017-06-15 23:14:32"}

工作站:USER-TB9MHMEPV7验证:6c6586949e-6c6586949e

{"modtime":"2017-06-15 23:16:45","online":"1","lastime":"2017-06-15 23:14:44"}

工作站:USER-20170525WR验证:f4d88afaf4-f4d88afaf4

{"modtime":"2017-06-15 23:18:32","online":"1","lastime":"2017-06-15 23:16:32"}

工作站:USER-TB9MHMEPV7验证:6c6586949e-6c6586949e

{"modtime":"2017-06-15 23:18:45","online":"1","lastime":"2017-06-15 23:16:45"}

工作站:USER-20170525WR验证:f4d88afaf4-f4d88afaf4

{"modtime":"2017-06-15 23:20:32","online":"1","lastime":"2017-06-15 23:18:32"}

工作站:USER-TB9MHMEPV7验证:6c6586949e-6c6586949e

{"modtime":"2017-06-15 23:20:45","online":"1","lastime":"2017-06-15 23:18:45"}

工作站:USER-20170525WR验证:f4d88afaf4-f4d88afaf4

{"modtime":"2017-06-15 23:22:32","online":"1","lastime":"2017-06-15 23:20:32"}

工作站:USER-TB9MHMEPV7验证:6c6586949e-6c6586949e

{"modtime":"2017-06-15 23:22:46","online":"1","lastime":"2017-06-15 23:20:45"}

工作站:USER-20170525WR验证:f4d88afaf4-f4d88afaf4

{"modtime":"2017-06-15 23:24:32","online":"1","lastime":"2017-06-15 23:22:32"}

工作站:USER-TB9MHMEPV7验证:6c6586949e-6c6586949e

{"modtime":"2017-06-15 23:24:45","online":"1","lastime":"2017-06-15 23:22:46"}

工作站:USER-20170525WR验证:f4d88afaf4-f4d88afaf4

{"modtime":"2017-06-15 23:26:32","online":"1","lastime":"2017-06-15 23:24:32"}

工作站:USER-TB9MHMEPV7验证:6c6586949e-6c6586949e

{"modtime":"2017-06-15 23:26:45","online":"1","lastime":"2017-06-15 23:24:45"}

工作站:USER-20170525WR验证:f4d88afaf4-f4d88afaf4

{"modtime":"2017-06-15 23:28:32","online":"1","lastime":"2017-06-15 23:26:32"}

工作站:USER-TB9MHMEPV7验证:6c6586949e-6c6586949e

{"modtime":"2017-06-15 23:28:45","online":"1","lastime":"2017-06-15 23:26:45"}

工作站:USER-20170525WR验证:f4d88afaf4-f4d88afaf4

{"modtime":"2017-06-15 23:30:32","online":"1","lastime":"2017-06-15 23:28:32"}

工作站:USER-TB9MHMEPV7验证:6c6586949e-6c6586949e

{"modtime":"2017-06-15 23:30:45","online":"1","lastime":"2017-06-15 23:28:45"}

工作站:USER-20170525WR验证:f4d88afaf4-f4d88afaf4

{"modtime":"2017-06-15 23:32:33","online":"1","lastime":"2017-06-15 23:30:32"}

工作站:USER-TB9MHMEPV7验证:6c6586949e-6c6586949e

{"modtime":"2017-06-15 23:32:46","online":"1","lastime":"2017-06-15 23:30:45"}

工作站:USER-20170525WR验证:f4d88afaf4-f4d88afaf4

{"modtime":"2017-06-15 23:34:32","online":"1","lastime":"2017-06-15 23:32:33"}

工作站:USER-TB9MHMEPV7验证:6c6586949e-6c6586949e

{"modtime":"2017-06-15 23:34:45","online":"1","lastime":"2017-06-15 23:32:46"}

工作站:USER-20170525WR验证:f4d88afaf4-f4d88afaf4

{"modtime":"2017-06-15 23:36:32","online":"1","lastime":"2017-06-15 23:34:32"}

工作站:USER-TB9MHMEPV7验证:6c6586949e-6c6586949e

{"modtime":"2017-06-15 23:36:45","online":"1","lastime":"2017-06-15 23:34:45"}

工作站:USER-20170525WR验证:f4d88afaf4-f4d88afaf4

{"modtime":"2017-06-15 23:38:32","online":"1","lastime":"2017-06-15 23:36:32"}

工作站:USER-TB9MHMEPV7验证:6c6586949e-6c6586949e

{"modtime":"2017-06-15 23:38:46","online":"1","lastime":"2017-06-15 23:36:45"}

工作站:USER-20170525WR验证:f4d88afaf4-f4d88afaf4

{"modtime":"2017-06-15 23:40:32","online":"1","lastime":"2017-06-15 23:38:32"}

工作站:USER-TB9MHMEPV7验证:6c6586949e-6c6586949e

{"modtime":"2017-06-15 23:40:45","online":"1","lastime":"2017-06-15 23:38:46"}

工作站:USER-20170525WR验证:f4d88afaf4-f4d88afaf4

{"modtime":"2017-06-15 23:42:32","online":"1","lastime":"2017-06-15 23:40:32"}

工作站:USER-TB9MHMEPV7验证:6c6586949e-6c6586949e

{"modtime":"2017-06-15 23:42:45","online":"1","lastime":"2017-06-15 23:40:45"}

工作站:USER-20170525WR验证:f4d88afaf4-f4d88afaf4

{"modtime":"2017-06-15 23:44:32","online":"1","lastime":"2017-06-15 23:42:32"}

工作站:USER-TB9MHMEPV7验证:6c6586949e-6c6586949e

{"modtime":"2017-06-15 23:44:46","online":"1","lastime":"2017-06-15 23:42:45"}

工作站:USER-20170525WR验证:f4d88afaf4-f4d88afaf4

{"modtime":"2017-06-15 23:46:32","online":"1","lastime":"2017-06-15 23:44:32"}

工作站:USER-TB9MHMEPV7验证:6c6586949e-6c6586949e

{"modtime":"2017-06-15 23:46:45","online":"1","lastime":"2017-06-15 23:44:46"}

工作站:USER-20170525WR验证:f4d88afaf4-f4d88afaf4

{"modtime":"2017-06-15 23:48:32","online":"1","lastime":"2017-06-15 23:46:32"}

工作站:USER-TB9MHMEPV7验证:6c6586949e-6c6586949e

{"modtime":"2017-06-15 23:48:46","online":"1","lastime":"2017-06-15 23:46:45"}

工作站:USER-20170525WR验证:f4d88afaf4-f4d88afaf4

{"modtime":"2017-06-15 23:50:32","online":"1","lastime":"2017-06-15 23:48:32"}

工作站:USER-TB9MHMEPV7验证:6c6586949e-6c6586949e

{"modtime":"2017-06-15 23:50:45","online":"1","lastime":"2017-06-15 23:48:46"}

工作站:USER-20170525WR验证:f4d88afaf4-f4d88afaf4

{"modtime":"2017-06-15 23:52:32","online":"1","lastime":"2017-06-15 23:50:32"}

工作站:USER-TB9MHMEPV7验证:6c6586949e-6c6586949e

{"modtime":"2017-06-15 23:52:46","online":"1","lastime":"2017-06-15 23:50:45"}

工作站:USER-20170525WR验证:f4d88afaf4-f4d88afaf4

{"modtime":"2017-06-15 23:54:32","online":"1","lastime":"2017-06-15 23:52:32"}

工作站:USER-TB9MHMEPV7验证:6c6586949e-6c6586949e

{"modtime":"2017-06-15 23:54:45","online":"1","lastime":"2017-06-15 23:52:46"}

工作站:USER-20170525WR验证:f4d88afaf4-f4d88afaf4

{"modtime":"2017-06-15 23:56:32","online":"1","lastime":"2017-06-15 23:54:32"}

工作站:USER-TB9MHMEPV7验证:6c6586949e-6c6586949e

{"modtime":"2017-06-15 23:56:46","online":"1","lastime":"2017-06-15 23:54:45"}

工作站:USER-20170525WR验证:f4d88afaf4-f4d88afaf4

{"modtime":"2017-06-15 23:58:32","online":"1","lastime":"2017-06-15 23:56:32"}

工作站:USER-TB9MHMEPV7验证:6c6586949e-6c6586949e

{"modtime":"2017-06-15 23:58:46","online":"1","lastime":"2017-06-15 23:56:46"}

