工作站:USER-TB9MHMEPV7验证:6c6586949e-6c6586949e

{"modtime":"2017-06-16 00:00:45","online":"1","lastime":"2017-06-15 23:58:46"}

工作站:USER-TB9MHMEPV7验证:6c6586949e-6c6586949e

{"modtime":"2017-06-16 00:02:46","online":"1","lastime":"2017-06-16 00:00:45"}

工作站:USER-TB9MHMEPV7验证:6c6586949e-6c6586949e

{"modtime":"2017-06-16 00:04:46","online":"1","lastime":"2017-06-16 00:02:46"}

工作站:USER-TB9MHMEPV7验证:6c6586949e-6c6586949e

{"modtime":"2017-06-16 00:06:46","online":"1","lastime":"2017-06-16 00:04:46"}

工作站:USER-TB9MHMEPV7验证:6c6586949e-6c6586949e

{"modtime":"2017-06-16 00:08:46","online":"1","lastime":"2017-06-16 00:06:46"}

工作站:USER-TB9MHMEPV7验证:6c6586949e-6c6586949e

{"modtime":"2017-06-16 00:10:46","online":"1","lastime":"2017-06-16 00:08:46"}

工作站:USER-TB9MHMEPV7验证:6c6586949e-6c6586949e

{"modtime":"2017-06-16 00:12:46","online":"1","lastime":"2017-06-16 00:10:46"}

工作站:USER-20170525WR验证:f4d88afaf4-f4d88afaf4

{"modtime":"2017-06-16 12:47:48","online":"1","startime":"2017-06-16 12:47:48","lastime":"2017-06-15 23:58:32"}

工作站:USER-TB9MHMEPV7验证:6c6586949e-6c6586949e

{"modtime":"2017-06-16 12:47:56","online":"1","startime":"2017-06-16 12:47:56","lastime":"2017-06-16 00:12:46"}

工作站:USER-20170525WR验证:f4d88afaf4-f4d88afaf4

{"modtime":"2017-06-16 12:49:48","online":"1","lastime":"2017-06-16 12:47:48"}

工作站:USER-TB9MHMEPV7验证:6c6586949e-6c6586949e

{"modtime":"2017-06-16 12:49:55","online":"1","lastime":"2017-06-16 12:47:56"}

工作站:USER-20170525WR验证:f4d88afaf4-f4d88afaf4

{"modtime":"2017-06-16 12:51:48","online":"1","lastime":"2017-06-16 12:49:48"}

工作站:USER-TB9MHMEPV7验证:6c6586949e-6c6586949e

{"modtime":"2017-06-16 12:51:55","online":"1","lastime":"2017-06-16 12:49:55"}

工作站:USER-20170525WR验证:f4d88afaf4-f4d88afaf4

{"modtime":"2017-06-16 12:53:48","online":"1","lastime":"2017-06-16 12:51:48"}

工作站:USER-TB9MHMEPV7验证:6c6586949e-6c6586949e

{"modtime":"2017-06-16 12:53:55","online":"1","lastime":"2017-06-16 12:51:55"}

工作站:USER-20170525WR验证:f4d88afaf4-f4d88afaf4

{"modtime":"2017-06-16 12:55:48","online":"1","lastime":"2017-06-16 12:53:48"}

工作站:USER-TB9MHMEPV7验证:6c6586949e-6c6586949e

{"modtime":"2017-06-16 12:55:55","online":"1","lastime":"2017-06-16 12:53:55"}

工作站:USER-20170525WR验证:f4d88afaf4-f4d88afaf4

{"modtime":"2017-06-16 12:57:48","online":"1","lastime":"2017-06-16 12:55:48"}

工作站:USER-TB9MHMEPV7验证:6c6586949e-6c6586949e

{"modtime":"2017-06-16 12:57:55","online":"1","lastime":"2017-06-16 12:55:55"}

工作站:USER-20170525WR验证:f4d88afaf4-f4d88afaf4

{"modtime":"2017-06-16 12:59:48","online":"1","lastime":"2017-06-16 12:57:48"}

工作站:USER-TB9MHMEPV7验证:6c6586949e-6c6586949e

{"modtime":"2017-06-16 12:59:55","online":"1","lastime":"2017-06-16 12:57:55"}

工作站:USER-20170525WR验证:f4d88afaf4-f4d88afaf4

{"modtime":"2017-06-16 13:01:48","online":"1","lastime":"2017-06-16 12:59:48"}

工作站:USER-TB9MHMEPV7验证:6c6586949e-6c6586949e

{"modtime":"2017-06-16 13:01:55","online":"1","lastime":"2017-06-16 12:59:55"}

工作站:USER-20170525WR验证:f4d88afaf4-f4d88afaf4

{"modtime":"2017-06-16 13:03:48","online":"1","lastime":"2017-06-16 13:01:48"}

工作站:USER-TB9MHMEPV7验证:6c6586949e-6c6586949e

{"modtime":"2017-06-16 13:03:55","online":"1","lastime":"2017-06-16 13:01:55"}

工作站:USER-20170525WR验证:f4d88afaf4-f4d88afaf4

{"modtime":"2017-06-16 13:05:48","online":"1","lastime":"2017-06-16 13:03:48"}

工作站:USER-TB9MHMEPV7验证:6c6586949e-6c6586949e

{"modtime":"2017-06-16 13:05:55","online":"1","lastime":"2017-06-16 13:03:55"}

工作站:USER-20170525WR验证:f4d88afaf4-f4d88afaf4

{"modtime":"2017-06-16 13:07:48","online":"1","lastime":"2017-06-16 13:05:48"}

工作站:USER-TB9MHMEPV7验证:6c6586949e-6c6586949e

{"modtime":"2017-06-16 13:07:55","online":"1","lastime":"2017-06-16 13:05:55"}

工作站:USER-20170525WR验证:f4d88afaf4-f4d88afaf4

{"modtime":"2017-06-16 13:09:48","online":"1","lastime":"2017-06-16 13:07:48"}

工作站:USER-TB9MHMEPV7验证:6c6586949e-6c6586949e

{"modtime":"2017-06-16 13:09:55","online":"1","lastime":"2017-06-16 13:07:55"}

工作站:USER-20170525WR验证:f4d88afaf4-f4d88afaf4

{"modtime":"2017-06-16 13:11:48","online":"1","lastime":"2017-06-16 13:09:48"}

工作站:USER-TB9MHMEPV7验证:6c6586949e-6c6586949e

{"modtime":"2017-06-16 13:11:55","online":"1","lastime":"2017-06-16 13:09:55"}

工作站:USER-20170525WR验证:f4d88afaf4-f4d88afaf4

{"modtime":"2017-06-16 13:13:48","online":"1","lastime":"2017-06-16 13:11:48"}

工作站:USER-TB9MHMEPV7验证:6c6586949e-6c6586949e

{"modtime":"2017-06-16 13:13:55","online":"1","lastime":"2017-06-16 13:11:55"}

工作站:USER-20170525WR验证:f4d88afaf4-f4d88afaf4

{"modtime":"2017-06-16 13:15:48","online":"1","lastime":"2017-06-16 13:13:48"}

工作站:USER-TB9MHMEPV7验证:6c6586949e-6c6586949e

{"modtime":"2017-06-16 13:15:55","online":"1","lastime":"2017-06-16 13:13:55"}

工作站:USER-20170525WR验证:f4d88afaf4-f4d88afaf4

{"modtime":"2017-06-16 13:17:48","online":"1","lastime":"2017-06-16 13:15:48"}

工作站:USER-TB9MHMEPV7验证:6c6586949e-6c6586949e

{"modtime":"2017-06-16 13:17:55","online":"1","lastime":"2017-06-16 13:15:55"}

工作站:USER-20170525WR验证:f4d88afaf4-f4d88afaf4

{"modtime":"2017-06-16 13:19:48","online":"1","lastime":"2017-06-16 13:17:48"}

工作站:USER-TB9MHMEPV7验证:6c6586949e-6c6586949e

{"modtime":"2017-06-16 13:19:55","online":"1","lastime":"2017-06-16 13:17:55"}

工作站:USER-20170525WR验证:f4d88afaf4-f4d88afaf4

{"modtime":"2017-06-16 13:21:48","online":"1","lastime":"2017-06-16 13:19:48"}

工作站:USER-TB9MHMEPV7验证:6c6586949e-6c6586949e

{"modtime":"2017-06-16 13:21:55","online":"1","lastime":"2017-06-16 13:19:55"}

工作站:USER-20170525WR验证:f4d88afaf4-f4d88afaf4

{"modtime":"2017-06-16 13:23:48","online":"1","lastime":"2017-06-16 13:21:48"}

工作站:USER-TB9MHMEPV7验证:6c6586949e-6c6586949e

{"modtime":"2017-06-16 13:23:55","online":"1","lastime":"2017-06-16 13:21:55"}

工作站:USER-20170525WR验证:f4d88afaf4-f4d88afaf4

{"modtime":"2017-06-16 13:25:48","online":"1","lastime":"2017-06-16 13:23:48"}

工作站:USER-TB9MHMEPV7验证:6c6586949e-6c6586949e

{"modtime":"2017-06-16 13:25:55","online":"1","lastime":"2017-06-16 13:23:55"}

工作站:USER-20170525WR验证:f4d88afaf4-f4d88afaf4

{"modtime":"2017-06-16 13:27:48","online":"1","lastime":"2017-06-16 13:25:48"}

工作站:USER-TB9MHMEPV7验证:6c6586949e-6c6586949e

{"modtime":"2017-06-16 13:27:55","online":"1","lastime":"2017-06-16 13:25:55"}

工作站:USER-20170525WR验证:f4d88afaf4-f4d88afaf4

{"modtime":"2017-06-16 13:29:48","online":"1","lastime":"2017-06-16 13:27:48"}

工作站:USER-TB9MHMEPV7验证:6c6586949e-6c6586949e

{"modtime":"2017-06-16 13:29:55","online":"1","lastime":"2017-06-16 13:27:55"}

工作站:USER-20170525WR验证:f4d88afaf4-f4d88afaf4

{"modtime":"2017-06-16 13:31:48","online":"1","lastime":"2017-06-16 13:29:48"}

工作站:USER-TB9MHMEPV7验证:6c6586949e-6c6586949e

{"modtime":"2017-06-16 13:31:55","online":"1","lastime":"2017-06-16 13:29:55"}

工作站:USER-20170525WR验证:f4d88afaf4-f4d88afaf4

{"modtime":"2017-06-16 13:33:48","online":"1","lastime":"2017-06-16 13:31:48"}

工作站:USER-TB9MHMEPV7验证:6c6586949e-6c6586949e

{"modtime":"2017-06-16 13:33:56","online":"1","lastime":"2017-06-16 13:31:55"}

工作站:USER-20170525WR验证:f4d88afaf4-f4d88afaf4

{"modtime":"2017-06-16 13:35:48","online":"1","lastime":"2017-06-16 13:33:48"}

工作站:USER-TB9MHMEPV7验证:6c6586949e-6c6586949e

{"modtime":"2017-06-16 13:35:56","online":"1","lastime":"2017-06-16 13:33:56"}

工作站:USER-20170525WR验证:f4d88afaf4-f4d88afaf4

{"modtime":"2017-06-16 13:37:48","online":"1","lastime":"2017-06-16 13:35:48"}

工作站:USER-TB9MHMEPV7验证:6c6586949e-6c6586949e

{"modtime":"2017-06-16 13:37:56","online":"1","lastime":"2017-06-16 13:35:56"}

工作站:USER-20170525WR验证:f4d88afaf4-f4d88afaf4

{"modtime":"2017-06-16 13:39:48","online":"1","lastime":"2017-06-16 13:37:48"}

工作站:USER-TB9MHMEPV7验证:6c6586949e-6c6586949e

{"modtime":"2017-06-16 13:39:55","online":"1","lastime":"2017-06-16 13:37:56"}

工作站:USER-20170525WR验证:f4d88afaf4-f4d88afaf4

{"modtime":"2017-06-16 13:41:48","online":"1","lastime":"2017-06-16 13:39:48"}

工作站:USER-TB9MHMEPV7验证:6c6586949e-6c6586949e

{"modtime":"2017-06-16 13:41:56","online":"1","lastime":"2017-06-16 13:39:55"}

工作站:USER-20170525WR验证:f4d88afaf4-f4d88afaf4

{"modtime":"2017-06-16 13:43:48","online":"1","lastime":"2017-06-16 13:41:48"}

工作站:USER-TB9MHMEPV7验证:6c6586949e-6c6586949e

{"modtime":"2017-06-16 13:43:55","online":"1","lastime":"2017-06-16 13:41:56"}

工作站:USER-20170525WR验证:f4d88afaf4-f4d88afaf4

{"modtime":"2017-06-16 13:45:48","online":"1","lastime":"2017-06-16 13:43:48"}

工作站:USER-TB9MHMEPV7验证:6c6586949e-6c6586949e

{"modtime":"2017-06-16 13:45:56","online":"1","lastime":"2017-06-16 13:43:55"}

工作站:USER-20170525WR验证:f4d88afaf4-f4d88afaf4

{"modtime":"2017-06-16 13:47:48","online":"1","lastime":"2017-06-16 13:45:48"}

工作站:USER-TB9MHMEPV7验证:6c6586949e-6c6586949e

{"modtime":"2017-06-16 13:47:55","online":"1","lastime":"2017-06-16 13:45:56"}

工作站:USER-20170525WR验证:f4d88afaf4-f4d88afaf4

{"modtime":"2017-06-16 13:49:48","online":"1","lastime":"2017-06-16 13:47:48"}

工作站:USER-TB9MHMEPV7验证:6c6586949e-6c6586949e

{"modtime":"2017-06-16 13:49:56","online":"1","lastime":"2017-06-16 13:47:55"}

工作站:USER-20170525WR验证:f4d88afaf4-f4d88afaf4

{"modtime":"2017-06-16 13:51:48","online":"1","lastime":"2017-06-16 13:49:48"}

工作站:USER-TB9MHMEPV7验证:6c6586949e-6c6586949e

{"modtime":"2017-06-16 13:51:56","online":"1","lastime":"2017-06-16 13:49:56"}

工作站:USER-20170525WR验证:f4d88afaf4-f4d88afaf4

{"modtime":"2017-06-16 13:53:48","online":"1","lastime":"2017-06-16 13:51:48"}

工作站:USER-TB9MHMEPV7验证:6c6586949e-6c6586949e

{"modtime":"2017-06-16 13:53:56","online":"1","lastime":"2017-06-16 13:51:56"}

工作站:USER-20170525WR验证:f4d88afaf4-f4d88afaf4

{"modtime":"2017-06-16 13:55:48","online":"1","lastime":"2017-06-16 13:53:48"}

工作站:USER-TB9MHMEPV7验证:6c6586949e-6c6586949e

{"modtime":"2017-06-16 13:55:56","online":"1","lastime":"2017-06-16 13:53:56"}

工作站:USER-20170525WR验证:f4d88afaf4-f4d88afaf4

{"modtime":"2017-06-16 13:57:48","online":"1","lastime":"2017-06-16 13:55:48"}

工作站:USER-TB9MHMEPV7验证:6c6586949e-6c6586949e

{"modtime":"2017-06-16 13:57:55","online":"1","lastime":"2017-06-16 13:55:56"}

工作站:USER-20170525WR验证:f4d88afaf4-f4d88afaf4

{"modtime":"2017-06-16 13:59:48","online":"1","lastime":"2017-06-16 13:57:48"}

工作站:USER-TB9MHMEPV7验证:6c6586949e-6c6586949e

{"modtime":"2017-06-16 13:59:56","online":"1","lastime":"2017-06-16 13:57:55"}

工作站:USER-20170525WR验证:f4d88afaf4-f4d88afaf4

{"modtime":"2017-06-16 14:01:48","online":"1","lastime":"2017-06-16 13:59:48"}

工作站:USER-TB9MHMEPV7验证:6c6586949e-6c6586949e

{"modtime":"2017-06-16 14:01:56","online":"1","lastime":"2017-06-16 13:59:56"}

工作站:USER-20170525WR验证:f4d88afaf4-f4d88afaf4

{"modtime":"2017-06-16 14:03:48","online":"1","lastime":"2017-06-16 14:01:48"}

工作站:USER-TB9MHMEPV7验证:6c6586949e-6c6586949e

{"modtime":"2017-06-16 14:03:56","online":"1","lastime":"2017-06-16 14:01:56"}

工作站:USER-20170525WR验证:f4d88afaf4-f4d88afaf4

{"modtime":"2017-06-16 14:05:48","online":"1","lastime":"2017-06-16 14:03:48"}

工作站:USER-TB9MHMEPV7验证:6c6586949e-6c6586949e

{"modtime":"2017-06-16 14:05:56","online":"1","lastime":"2017-06-16 14:03:56"}

工作站:USER-20170525WR验证:f4d88afaf4-f4d88afaf4

{"modtime":"2017-06-16 14:07:48","online":"1","lastime":"2017-06-16 14:05:48"}

工作站:USER-TB9MHMEPV7验证:6c6586949e-6c6586949e

{"modtime":"2017-06-16 14:07:56","online":"1","lastime":"2017-06-16 14:05:56"}

工作站:USER-20170525WR验证:f4d88afaf4-f4d88afaf4

{"modtime":"2017-06-16 14:09:48","online":"1","lastime":"2017-06-16 14:07:48"}

工作站:USER-TB9MHMEPV7验证:6c6586949e-6c6586949e

{"modtime":"2017-06-16 14:09:56","online":"1","lastime":"2017-06-16 14:07:56"}

工作站:USER-20170525WR验证:f4d88afaf4-f4d88afaf4

{"modtime":"2017-06-16 14:11:48","online":"1","lastime":"2017-06-16 14:09:48"}

工作站:USER-TB9MHMEPV7验证:6c6586949e-6c6586949e

{"modtime":"2017-06-16 14:11:56","online":"1","lastime":"2017-06-16 14:09:56"}

工作站:USER-20170525WR验证:f4d88afaf4-f4d88afaf4

{"modtime":"2017-06-16 14:13:48","online":"1","lastime":"2017-06-16 14:11:48"}

工作站:USER-TB9MHMEPV7验证:6c6586949e-6c6586949e

{"modtime":"2017-06-16 14:13:56","online":"1","lastime":"2017-06-16 14:11:56"}

工作站:USER-20170525WR验证:f4d88afaf4-f4d88afaf4

{"modtime":"2017-06-16 14:15:48","online":"1","lastime":"2017-06-16 14:13:48"}

工作站:USER-TB9MHMEPV7验证:6c6586949e-6c6586949e

{"modtime":"2017-06-16 14:15:56","online":"1","lastime":"2017-06-16 14:13:56"}

工作站:USER-20170525WR验证:f4d88afaf4-f4d88afaf4

{"modtime":"2017-06-16 14:17:48","online":"1","lastime":"2017-06-16 14:15:48"}

工作站:USER-TB9MHMEPV7验证:6c6586949e-6c6586949e

{"modtime":"2017-06-16 14:17:56","online":"1","lastime":"2017-06-16 14:15:56"}

工作站:USER-20170525WR验证:f4d88afaf4-f4d88afaf4

{"modtime":"2017-06-16 14:19:48","online":"1","lastime":"2017-06-16 14:17:48"}

工作站:USER-TB9MHMEPV7验证:6c6586949e-6c6586949e

{"modtime":"2017-06-16 14:19:56","online":"1","lastime":"2017-06-16 14:17:56"}

工作站:USER-20170525WR验证:f4d88afaf4-f4d88afaf4

{"modtime":"2017-06-16 14:21:48","online":"1","lastime":"2017-06-16 14:19:48"}

工作站:USER-TB9MHMEPV7验证:6c6586949e-6c6586949e

{"modtime":"2017-06-16 14:21:56","online":"1","lastime":"2017-06-16 14:19:56"}

工作站:USER-20170525WR验证:f4d88afaf4-f4d88afaf4

{"modtime":"2017-06-16 14:23:48","online":"1","lastime":"2017-06-16 14:21:48"}

工作站:USER-TB9MHMEPV7验证:6c6586949e-6c6586949e

{"modtime":"2017-06-16 14:23:56","online":"1","lastime":"2017-06-16 14:21:56"}

工作站:USER-20170525WR验证:f4d88afaf4-f4d88afaf4

{"modtime":"2017-06-16 14:25:48","online":"1","lastime":"2017-06-16 14:23:48"}

工作站:USER-TB9MHMEPV7验证:6c6586949e-6c6586949e

{"modtime":"2017-06-16 14:25:56","online":"1","lastime":"2017-06-16 14:23:56"}

工作站:USER-20170525WR验证:f4d88afaf4-f4d88afaf4

{"modtime":"2017-06-16 14:27:48","online":"1","lastime":"2017-06-16 14:25:48"}

工作站:USER-TB9MHMEPV7验证:6c6586949e-6c6586949e

{"modtime":"2017-06-16 14:27:56","online":"1","lastime":"2017-06-16 14:25:56"}

工作站:USER-20170525WR验证:f4d88afaf4-f4d88afaf4

{"modtime":"2017-06-16 14:29:48","online":"1","lastime":"2017-06-16 14:27:48"}

工作站:USER-TB9MHMEPV7验证:6c6586949e-6c6586949e

{"modtime":"2017-06-16 14:29:56","online":"1","lastime":"2017-06-16 14:27:56"}

工作站:USER-20170525WR验证:f4d88afaf4-f4d88afaf4

{"modtime":"2017-06-16 14:31:48","online":"1","lastime":"2017-06-16 14:29:48"}

工作站:USER-TB9MHMEPV7验证:6c6586949e-6c6586949e

{"modtime":"2017-06-16 14:31:56","online":"1","lastime":"2017-06-16 14:29:56"}

工作站:USER-20170525WR验证:f4d88afaf4-f4d88afaf4

{"modtime":"2017-06-16 14:33:48","online":"1","lastime":"2017-06-16 14:31:48"}

工作站:USER-TB9MHMEPV7验证:6c6586949e-6c6586949e

{"modtime":"2017-06-16 14:33:56","online":"1","lastime":"2017-06-16 14:31:56"}

工作站:USER-20170525WR验证:f4d88afaf4-f4d88afaf4

{"modtime":"2017-06-16 14:35:48","online":"1","lastime":"2017-06-16 14:33:48"}

工作站:USER-TB9MHMEPV7验证:6c6586949e-6c6586949e

{"modtime":"2017-06-16 14:35:56","online":"1","lastime":"2017-06-16 14:33:56"}

工作站:USER-20170525WR验证:f4d88afaf4-f4d88afaf4

{"modtime":"2017-06-16 14:37:48","online":"1","lastime":"2017-06-16 14:35:48"}

工作站:USER-TB9MHMEPV7验证:6c6586949e-6c6586949e

{"modtime":"2017-06-16 14:37:56","online":"1","lastime":"2017-06-16 14:35:56"}

工作站:USER-20170525WR验证:f4d88afaf4-f4d88afaf4

{"modtime":"2017-06-16 14:39:48","online":"1","lastime":"2017-06-16 14:37:48"}

工作站:USER-TB9MHMEPV7验证:6c6586949e-6c6586949e

{"modtime":"2017-06-16 14:39:56","online":"1","lastime":"2017-06-16 14:37:56"}

工作站:USER-20170525WR验证:f4d88afaf4-f4d88afaf4

{"modtime":"2017-06-16 14:41:48","online":"1","lastime":"2017-06-16 14:39:48"}

工作站:USER-TB9MHMEPV7验证:6c6586949e-6c6586949e

{"modtime":"2017-06-16 14:41:56","online":"1","lastime":"2017-06-16 14:39:56"}

工作站:USER-20170525WR验证:f4d88afaf4-f4d88afaf4

{"modtime":"2017-06-16 14:43:48","online":"1","lastime":"2017-06-16 14:41:48"}

工作站:USER-TB9MHMEPV7验证:6c6586949e-6c6586949e

{"modtime":"2017-06-16 14:43:56","online":"1","lastime":"2017-06-16 14:41:56"}

工作站:USER-20170525WR验证:f4d88afaf4-f4d88afaf4

{"modtime":"2017-06-16 14:45:48","online":"1","lastime":"2017-06-16 14:43:48"}

工作站:USER-TB9MHMEPV7验证:6c6586949e-6c6586949e

{"modtime":"2017-06-16 14:45:56","online":"1","lastime":"2017-06-16 14:43:56"}

工作站:USER-20170525WR验证:f4d88afaf4-f4d88afaf4

{"modtime":"2017-06-16 14:47:48","online":"1","lastime":"2017-06-16 14:45:48"}

工作站:USER-TB9MHMEPV7验证:6c6586949e-6c6586949e

{"modtime":"2017-06-16 14:47:56","online":"1","lastime":"2017-06-16 14:45:56"}

工作站:USER-20170525WR验证:f4d88afaf4-f4d88afaf4

{"modtime":"2017-06-16 14:49:48","online":"1","lastime":"2017-06-16 14:47:48"}

工作站:USER-TB9MHMEPV7验证:6c6586949e-6c6586949e

{"modtime":"2017-06-16 14:49:56","online":"1","lastime":"2017-06-16 14:47:56"}

工作站:USER-20170525WR验证:f4d88afaf4-f4d88afaf4

{"modtime":"2017-06-16 14:51:48","online":"1","lastime":"2017-06-16 14:49:48"}

工作站:USER-TB9MHMEPV7验证:6c6586949e-6c6586949e

{"modtime":"2017-06-16 14:51:56","online":"1","lastime":"2017-06-16 14:49:56"}

工作站:USER-20170525WR验证:f4d88afaf4-f4d88afaf4

{"modtime":"2017-06-16 14:53:48","online":"1","lastime":"2017-06-16 14:51:48"}

工作站:USER-TB9MHMEPV7验证:6c6586949e-6c6586949e

{"modtime":"2017-06-16 14:53:56","online":"1","lastime":"2017-06-16 14:51:56"}

工作站:USER-TB9MHMEPV7验证:6c6586949e-6c6586949e

{"modtime":"2017-06-16 14:55:56","online":"1","lastime":"2017-06-16 14:53:56"}

工作站:USER-TB9MHMEPV7验证:6c6586949e-6c6586949e

{"modtime":"2017-06-16 14:57:56","online":"1","lastime":"2017-06-16 14:55:56"}

工作站:USER-TB9MHMEPV7验证:6c6586949e-6c6586949e

{"modtime":"2017-06-16 14:59:57","online":"1","lastime":"2017-06-16 14:57:56"}

工作站:USER-TB9MHMEPV7验证:6c6586949e-6c6586949e

{"modtime":"2017-06-16 15:01:56","online":"1","lastime":"2017-06-16 14:59:57"}

工作站:USER-TB9MHMEPV7验证:6c6586949e-6c6586949e

{"modtime":"2017-06-16 15:03:56","online":"1","lastime":"2017-06-16 15:01:56"}

工作站:USER-TB9MHMEPV7验证:6c6586949e-6c6586949e

{"modtime":"2017-06-16 15:05:56","online":"1","lastime":"2017-06-16 15:03:56"}

工作站:USER-TB9MHMEPV7验证:6c6586949e-6c6586949e

{"modtime":"2017-06-16 15:07:57","online":"1","lastime":"2017-06-16 15:05:56"}

工作站:USER-TB9MHMEPV7验证:6c6586949e-6c6586949e

{"modtime":"2017-06-16 15:09:57","online":"1","lastime":"2017-06-16 15:07:57"}

工作站:USER-TB9MHMEPV7验证:6c6586949e-6c6586949e

{"modtime":"2017-06-16 15:11:56","online":"1","lastime":"2017-06-16 15:09:57"}

工作站:USER-TB9MHMEPV7验证:6c6586949e-6c6586949e

{"modtime":"2017-06-16 15:13:57","online":"1","lastime":"2017-06-16 15:11:56"}

工作站:USER-TB9MHMEPV7验证:6c6586949e-6c6586949e

{"modtime":"2017-06-16 15:15:56","online":"1","lastime":"2017-06-16 15:13:57"}

工作站:USER-TB9MHMEPV7验证:6c6586949e-6c6586949e

{"modtime":"2017-06-16 15:17:57","online":"1","lastime":"2017-06-16 15:15:56"}

工作站:USER-TB9MHMEPV7验证:6c6586949e-6c6586949e

{"modtime":"2017-06-16 15:19:56","online":"1","lastime":"2017-06-16 15:17:57"}

工作站:USER-TB9MHMEPV7验证:6c6586949e-6c6586949e

{"modtime":"2017-06-16 15:21:56","online":"1","lastime":"2017-06-16 15:19:56"}

工作站:USER-TB9MHMEPV7验证:6c6586949e-6c6586949e

{"modtime":"2017-06-16 15:23:56","online":"1","lastime":"2017-06-16 15:21:56"}

工作站:USER-TB9MHMEPV7验证:6c6586949e-6c6586949e

{"modtime":"2017-06-16 15:25:57","online":"1","lastime":"2017-06-16 15:23:56"}

工作站:USER-20170525WR验证:f4d88afaf4-f4d88afaf4

{"modtime":"2017-06-16 15:31:21","online":"1","startime":"2017-06-16 15:31:21","lastime":"2017-06-16 14:53:48"}

工作站:USER-20170525WR验证:f4d88afaf4-f4d88afaf4

{"modtime":"2017-06-16 15:33:21","online":"1","lastime":"2017-06-16 15:31:21"}

工作站:USER-20170525WR验证:f4d88afaf4-f4d88afaf4

{"modtime":"2017-06-16 15:35:21","online":"1","lastime":"2017-06-16 15:33:21"}

工作站:USER-20170525WR验证:f4d88afaf4-f4d88afaf4

{"modtime":"2017-06-16 15:37:21","online":"1","lastime":"2017-06-16 15:35:21"}

工作站:USER-20170525WR验证:f4d88afaf4-f4d88afaf4

{"modtime":"2017-06-16 15:39:21","online":"1","lastime":"2017-06-16 15:37:21"}

工作站:USER-20170525WR验证:f4d88afaf4-f4d88afaf4

{"modtime":"2017-06-16 15:42:36","online":"1","lastime":"2017-06-16 15:39:21"}

工作站:USER-20170525WR验证:f4d88afaf4-f4d88afaf4

{"modtime":"2017-06-16 15:44:36","online":"1","lastime":"2017-06-16 15:42:36"}

工作站:USER-20170525WR验证:f4d88afaf4-f4d88afaf4

{"modtime":"2017-06-16 15:46:36","online":"1","lastime":"2017-06-16 15:44:36"}

工作站:USER-20170525WR验证:f4d88afaf4-f4d88afaf4

{"modtime":"2017-06-16 15:48:36","online":"1","lastime":"2017-06-16 15:46:36"}

工作站:USER-20170525WR验证:f4d88afaf4-f4d88afaf4

{"modtime":"2017-06-16 15:50:36","online":"1","lastime":"2017-06-16 15:48:36"}

工作站:USER-20170525WR验证:f4d88afaf4-f4d88afaf4

{"modtime":"2017-06-16 15:52:36","online":"1","lastime":"2017-06-16 15:50:36"}

工作站:USER-20170525WR验证:f4d88afaf4-f4d88afaf4

{"modtime":"2017-06-16 15:54:36","online":"1","lastime":"2017-06-16 15:52:36"}

工作站:USER-20170525WR验证:f4d88afaf4-f4d88afaf4

{"modtime":"2017-06-16 15:56:36","online":"1","lastime":"2017-06-16 15:54:36"}

工作站:USER-20170525WR验证:f4d88afaf4-f4d88afaf4

{"modtime":"2017-06-16 16:00:04","online":"1","lastime":"2017-06-16 15:56:36"}

工作站:USER-20170525WR验证:f4d88afaf4-f4d88afaf4

{"modtime":"2017-06-16 16:02:04","online":"1","lastime":"2017-06-16 16:00:04"}

工作站:USER-20170525WR验证:f4d88afaf4-f4d88afaf4

{"modtime":"2017-06-16 16:04:04","online":"1","lastime":"2017-06-16 16:02:04"}

工作站:USER-20170525WR验证:f4d88afaf4-f4d88afaf4

{"modtime":"2017-06-16 16:06:04","online":"1","lastime":"2017-06-16 16:04:04"}

工作站:USER-20170525WR验证:f4d88afaf4-f4d88afaf4

{"modtime":"2017-06-16 16:08:04","online":"1","lastime":"2017-06-16 16:06:04"}

工作站:USER-20170525WR验证:f4d88afaf4-f4d88afaf4

{"modtime":"2017-06-16 16:10:05","online":"1","lastime":"2017-06-16 16:08:04"}

工作站:USER-20170525WR验证:f4d88afaf4-f4d88afaf4

{"modtime":"2017-06-16 16:12:04","online":"1","lastime":"2017-06-16 16:10:05"}

工作站:USER-20170525WR验证:f4d88afaf4-f4d88afaf4

{"modtime":"2017-06-16 16:14:04","online":"1","lastime":"2017-06-16 16:12:04"}

工作站:USER-20170525WR验证:f4d88afaf4-f4d88afaf4

{"modtime":"2017-06-16 16:16:04","online":"1","lastime":"2017-06-16 16:14:04"}

工作站:USER-20170525WR验证:f4d88afaf4-f4d88afaf4

{"modtime":"2017-06-16 16:18:04","online":"1","lastime":"2017-06-16 16:16:04"}

工作站:USER-20170525WR验证:f4d88afaf4-f4d88afaf4

{"modtime":"2017-06-16 16:20:04","online":"1","lastime":"2017-06-16 16:18:04"}

工作站:USER-20170525WR验证:f4d88afaf4-f4d88afaf4

{"modtime":"2017-06-16 16:22:04","online":"1","lastime":"2017-06-16 16:20:04"}

工作站:USER-20170525WR验证:f4d88afaf4-f4d88afaf4

{"modtime":"2017-06-16 16:24:04","online":"1","lastime":"2017-06-16 16:22:04"}

工作站:USER-20170525WR验证:f4d88afaf4-f4d88afaf4

{"modtime":"2017-06-16 16:33:45","online":"1","lastime":"2017-06-16 16:24:04"}

工作站:USER-20170525WR验证:f4d88afaf4-f4d88afaf4

{"modtime":"2017-06-16 16:35:45","online":"1","lastime":"2017-06-16 16:33:45"}

工作站:USER-20170525WR验证:f4d88afaf4-f4d88afaf4

{"modtime":"2017-06-16 16:37:45","online":"1","lastime":"2017-06-16 16:35:45"}

工作站:USER-20170525WR验证:f4d88afaf4-f4d88afaf4

{"modtime":"2017-06-16 16:39:45","online":"1","lastime":"2017-06-16 16:37:45"}

工作站:USER-20170525WR验证:f4d88afaf4-f4d88afaf4

{"modtime":"2017-06-16 16:41:45","online":"1","lastime":"2017-06-16 16:39:45"}

工作站:USER-20170525WR验证:f4d88afaf4-f4d88afaf4

{"modtime":"2017-06-16 16:43:45","online":"1","lastime":"2017-06-16 16:41:45"}

工作站:USER-20170525WR验证:f4d88afaf4-f4d88afaf4

{"modtime":"2017-06-16 16:45:45","online":"1","lastime":"2017-06-16 16:43:45"}

工作站:USER-20170525WR验证:f4d88afaf4-f4d88afaf4

{"modtime":"2017-06-16 16:47:45","online":"1","lastime":"2017-06-16 16:45:45"}

工作站:USER-20170525WR验证:f4d88afaf4-f4d88afaf4

{"modtime":"2017-06-16 16:49:45","online":"1","lastime":"2017-06-16 16:47:45"}

工作站:USER-20170525WR验证:f4d88afaf4-f4d88afaf4

{"modtime":"2017-06-16 16:51:45","online":"1","lastime":"2017-06-16 16:49:45"}

工作站:USER-20170525WR验证:f4d88afaf4-f4d88afaf4

{"modtime":"2017-06-16 16:53:45","online":"1","lastime":"2017-06-16 16:51:45"}

工作站:USER-20170525WR验证:f4d88afaf4-f4d88afaf4

{"modtime":"2017-06-16 16:55:45","online":"1","lastime":"2017-06-16 16:53:45"}

工作站:USER-20170525WR验证:f4d88afaf4-f4d88afaf4

{"modtime":"2017-06-16 16:57:45","online":"1","lastime":"2017-06-16 16:55:45"}

工作站:USER-20170525WR验证:f4d88afaf4-f4d88afaf4

{"modtime":"2017-06-16 16:59:45","online":"1","lastime":"2017-06-16 16:57:45"}

工作站:USER-20170525WR验证:f4d88afaf4-f4d88afaf4

{"modtime":"2017-06-16 17:01:45","online":"1","lastime":"2017-06-16 16:59:45"}

工作站:USER-20170525WR验证:f4d88afaf4-f4d88afaf4

{"modtime":"2017-06-16 17:03:45","online":"1","lastime":"2017-06-16 17:01:45"}

工作站:USER-20170525WR验证:f4d88afaf4-f4d88afaf4

{"modtime":"2017-06-16 17:05:45","online":"1","lastime":"2017-06-16 17:03:45"}

工作站:USER-20170525WR验证:f4d88afaf4-f4d88afaf4

{"modtime":"2017-06-16 17:07:45","online":"1","lastime":"2017-06-16 17:05:45"}

工作站:USER-20170525WR验证:f4d88afaf4-f4d88afaf4

{"modtime":"2017-06-16 17:09:45","online":"1","lastime":"2017-06-16 17:07:45"}

工作站:USER-20170525WR验证:f4d88afaf4-f4d88afaf4

{"modtime":"2017-06-16 17:11:45","online":"1","lastime":"2017-06-16 17:09:45"}

工作站:USER-20170525WR验证:f4d88afaf4-f4d88afaf4

{"modtime":"2017-06-16 17:13:45","online":"1","lastime":"2017-06-16 17:11:45"}

工作站:USER-20170525WR验证:f4d88afaf4-f4d88afaf4

{"modtime":"2017-06-16 17:15:45","online":"1","lastime":"2017-06-16 17:13:45"}

工作站:USER-20170525WR验证:f4d88afaf4-f4d88afaf4

{"modtime":"2017-06-16 17:17:45","online":"1","lastime":"2017-06-16 17:15:45"}

工作站:USER-20170525WR验证:f4d88afaf4-f4d88afaf4

{"modtime":"2017-06-16 17:19:45","online":"1","lastime":"2017-06-16 17:17:45"}

工作站:USER-20170525WR验证:f4d88afaf4-f4d88afaf4

{"modtime":"2017-06-16 17:21:45","online":"1","lastime":"2017-06-16 17:19:45"}

工作站:USER-20170525WR验证:f4d88afaf4-f4d88afaf4

{"modtime":"2017-06-16 17:23:45","online":"1","lastime":"2017-06-16 17:21:45"}

工作站:USER-20170525WR验证:f4d88afaf4-f4d88afaf4

{"modtime":"2017-06-16 17:25:45","online":"1","lastime":"2017-06-16 17:23:45"}

工作站:USER-20170525WR验证:f4d88afaf4-f4d88afaf4

{"modtime":"2017-06-16 17:27:45","online":"1","lastime":"2017-06-16 17:25:45"}

工作站:USER-20170525WR验证:f4d88afaf4-f4d88afaf4

{"modtime":"2017-06-16 17:29:45","online":"1","lastime":"2017-06-16 17:27:45"}

工作站:USER-20170525WR验证:f4d88afaf4-f4d88afaf4

{"modtime":"2017-06-16 17:31:45","online":"1","lastime":"2017-06-16 17:29:45"}

工作站:USER-20170525WR验证:f4d88afaf4-f4d88afaf4

{"modtime":"2017-06-16 17:33:45","online":"1","lastime":"2017-06-16 17:31:45"}

工作站:USER-20170525WR验证:f4d88afaf4-f4d88afaf4

{"modtime":"2017-06-16 17:35:45","online":"1","lastime":"2017-06-16 17:33:45"}

工作站:USER-20170525WR验证:f4d88afaf4-f4d88afaf4

{"modtime":"2017-06-16 17:37:45","online":"1","lastime":"2017-06-16 17:35:45"}

工作站:USER-20170525WR验证:f4d88afaf4-f4d88afaf4

{"modtime":"2017-06-16 17:39:45","online":"1","lastime":"2017-06-16 17:37:45"}

工作站:USER-20170525WR验证:f4d88afaf4-f4d88afaf4

{"modtime":"2017-06-16 17:41:45","online":"1","lastime":"2017-06-16 17:39:45"}

工作站:USER-20170525WR验证:f4d88afaf4-f4d88afaf4

{"modtime":"2017-06-16 17:43:45","online":"1","lastime":"2017-06-16 17:41:45"}

工作站:USER-20170525WR验证:f4d88afaf4-f4d88afaf4

{"modtime":"2017-06-16 17:45:45","online":"1","lastime":"2017-06-16 17:43:45"}

工作站:USER-20170525WR验证:f4d88afaf4-f4d88afaf4

{"modtime":"2017-06-16 17:47:45","online":"1","lastime":"2017-06-16 17:45:45"}

工作站:USER-20170525WR验证:f4d88afaf4-f4d88afaf4

{"modtime":"2017-06-16 17:49:45","online":"1","lastime":"2017-06-16 17:47:45"}

工作站:USER-20170525WR验证:f4d88afaf4-f4d88afaf4

{"modtime":"2017-06-16 17:51:45","online":"1","lastime":"2017-06-16 17:49:45"}

工作站:USER-20170525WR验证:f4d88afaf4-f4d88afaf4

{"modtime":"2017-06-16 17:53:45","online":"1","lastime":"2017-06-16 17:51:45"}

工作站:USER-20170525WR验证:f4d88afaf4-f4d88afaf4

{"modtime":"2017-06-16 17:55:45","online":"1","lastime":"2017-06-16 17:53:45"}

工作站:USER-20170525WR验证:f4d88afaf4-f4d88afaf4

{"modtime":"2017-06-16 17:57:45","online":"1","lastime":"2017-06-16 17:55:45"}

工作站:USER-20170525WR验证:f4d88afaf4-f4d88afaf4

{"modtime":"2017-06-16 17:59:45","online":"1","lastime":"2017-06-16 17:57:45"}

工作站:USER-20170525WR验证:f4d88afaf4-f4d88afaf4

{"modtime":"2017-06-16 18:01:45","online":"1","lastime":"2017-06-16 17:59:45"}

工作站:USER-20170525WR验证:f4d88afaf4-f4d88afaf4

{"modtime":"2017-06-16 18:03:45","online":"1","lastime":"2017-06-16 18:01:45"}

工作站:USER-20170525WR验证:f4d88afaf4-f4d88afaf4

{"modtime":"2017-06-16 18:05:45","online":"1","lastime":"2017-06-16 18:03:45"}

工作站:USER-20170525WR验证:f4d88afaf4-f4d88afaf4

{"modtime":"2017-06-16 18:07:45","online":"1","lastime":"2017-06-16 18:05:45"}

工作站:USER-20170525WR验证:f4d88afaf4-f4d88afaf4

{"modtime":"2017-06-16 18:09:45","online":"1","lastime":"2017-06-16 18:07:45"}

工作站:USER-20170525WR验证:f4d88afaf4-f4d88afaf4

{"modtime":"2017-06-16 18:11:45","online":"1","lastime":"2017-06-16 18:09:45"}

工作站:USER-20170525WR验证:f4d88afaf4-f4d88afaf4

{"modtime":"2017-06-16 18:13:45","online":"1","lastime":"2017-06-16 18:11:45"}

工作站:USER-20170525WR验证:f4d88afaf4-f4d88afaf4

{"modtime":"2017-06-16 18:15:45","online":"1","lastime":"2017-06-16 18:13:45"}

工作站:USER-20170525WR验证:f4d88afaf4-f4d88afaf4

{"modtime":"2017-06-16 18:17:45","online":"1","lastime":"2017-06-16 18:15:45"}

工作站:USER-20170525WR验证:f4d88afaf4-f4d88afaf4

{"modtime":"2017-06-16 18:19:45","online":"1","lastime":"2017-06-16 18:17:45"}

工作站:USER-20170525WR验证:f4d88afaf4-f4d88afaf4

{"modtime":"2017-06-16 18:21:45","online":"1","lastime":"2017-06-16 18:19:45"}

工作站:USER-20170525WR验证:f4d88afaf4-f4d88afaf4

{"modtime":"2017-06-16 18:23:45","online":"1","lastime":"2017-06-16 18:21:45"}

工作站:USER-20170525WR验证:f4d88afaf4-f4d88afaf4

{"modtime":"2017-06-16 18:25:45","online":"1","lastime":"2017-06-16 18:23:45"}

工作站:USER-20170525WR验证:f4d88afaf4-f4d88afaf4

{"modtime":"2017-06-16 18:27:45","online":"1","lastime":"2017-06-16 18:25:45"}

工作站:USER-20170525WR验证:f4d88afaf4-f4d88afaf4

{"modtime":"2017-06-16 18:29:45","online":"1","lastime":"2017-06-16 18:27:45"}

工作站:USER-20170525WR验证:f4d88afaf4-f4d88afaf4

{"modtime":"2017-06-16 18:31:45","online":"1","lastime":"2017-06-16 18:29:45"}

工作站:USER-20170525WR验证:f4d88afaf4-f4d88afaf4

{"modtime":"2017-06-16 18:33:45","online":"1","lastime":"2017-06-16 18:31:45"}

工作站:USER-20170525WR验证:f4d88afaf4-f4d88afaf4

{"modtime":"2017-06-16 18:35:45","online":"1","lastime":"2017-06-16 18:33:45"}

工作站:USER-20170525WR验证:f4d88afaf4-f4d88afaf4

{"modtime":"2017-06-16 18:37:45","online":"1","lastime":"2017-06-16 18:35:45"}

工作站:USER-20170525WR验证:f4d88afaf4-f4d88afaf4

{"modtime":"2017-06-16 18:39:45","online":"1","lastime":"2017-06-16 18:37:45"}

工作站:USER-20170525WR验证:f4d88afaf4-f4d88afaf4

{"modtime":"2017-06-16 18:41:45","online":"1","lastime":"2017-06-16 18:39:45"}

工作站:USER-20170525WR验证:f4d88afaf4-f4d88afaf4

{"modtime":"2017-06-16 18:43:45","online":"1","lastime":"2017-06-16 18:41:45"}

工作站:USER-20170525WR验证:f4d88afaf4-f4d88afaf4

{"modtime":"2017-06-16 18:45:45","online":"1","lastime":"2017-06-16 18:43:45"}

工作站:USER-20170525WR验证:f4d88afaf4-f4d88afaf4

{"modtime":"2017-06-16 18:47:45","online":"1","lastime":"2017-06-16 18:45:45"}

工作站:USER-20170525WR验证:f4d88afaf4-f4d88afaf4

{"modtime":"2017-06-16 18:49:45","online":"1","lastime":"2017-06-16 18:47:45"}

工作站:USER-20170525WR验证:f4d88afaf4-f4d88afaf4

{"modtime":"2017-06-16 18:51:45","online":"1","lastime":"2017-06-16 18:49:45"}

工作站:USER-20170525WR验证:f4d88afaf4-f4d88afaf4

{"modtime":"2017-06-16 18:53:45","online":"1","lastime":"2017-06-16 18:51:45"}

工作站:USER-20170525WR验证:f4d88afaf4-f4d88afaf4

{"modtime":"2017-06-16 18:55:45","online":"1","lastime":"2017-06-16 18:53:45"}

工作站:USER-20170525WR验证:f4d88afaf4-f4d88afaf4

{"modtime":"2017-06-16 18:57:45","online":"1","lastime":"2017-06-16 18:55:45"}

工作站:USER-20170525WR验证:f4d88afaf4-f4d88afaf4

{"modtime":"2017-06-16 18:59:45","online":"1","lastime":"2017-06-16 18:57:45"}

工作站:USER-20170525WR验证:f4d88afaf4-f4d88afaf4

{"modtime":"2017-06-16 19:01:45","online":"1","lastime":"2017-06-16 18:59:45"}

工作站:USER-20170525WR验证:f4d88afaf4-f4d88afaf4

{"modtime":"2017-06-16 19:03:45","online":"1","lastime":"2017-06-16 19:01:45"}

工作站:USER-20170525WR验证:f4d88afaf4-f4d88afaf4

{"modtime":"2017-06-16 19:05:45","online":"1","lastime":"2017-06-16 19:03:45"}

工作站:USER-20170525WR验证:f4d88afaf4-f4d88afaf4

{"modtime":"2017-06-16 19:07:45","online":"1","lastime":"2017-06-16 19:05:45"}

工作站:USER-20170525WR验证:f4d88afaf4-f4d88afaf4

{"modtime":"2017-06-16 19:09:45","online":"1","lastime":"2017-06-16 19:07:45"}

工作站:USER-20170525WR验证:f4d88afaf4-f4d88afaf4

{"modtime":"2017-06-16 19:11:45","online":"1","lastime":"2017-06-16 19:09:45"}

工作站:USER-20170525WR验证:f4d88afaf4-f4d88afaf4

{"modtime":"2017-06-16 19:13:45","online":"1","lastime":"2017-06-16 19:11:45"}

工作站:USER-20170525WR验证:f4d88afaf4-f4d88afaf4

{"modtime":"2017-06-16 19:15:45","online":"1","lastime":"2017-06-16 19:13:45"}

工作站:USER-20170525WR验证:f4d88afaf4-f4d88afaf4

{"modtime":"2017-06-16 19:17:45","online":"1","lastime":"2017-06-16 19:15:45"}

工作站:USER-20170525WR验证:f4d88afaf4-f4d88afaf4

{"modtime":"2017-06-16 19:19:45","online":"1","lastime":"2017-06-16 19:17:45"}

工作站:USER-20170525WR验证:f4d88afaf4-f4d88afaf4

{"modtime":"2017-06-16 19:21:45","online":"1","lastime":"2017-06-16 19:19:45"}

工作站:USER-20170525WR验证:f4d88afaf4-f4d88afaf4

{"modtime":"2017-06-16 19:23:45","online":"1","lastime":"2017-06-16 19:21:45"}

工作站:USER-20170525WR验证:f4d88afaf4-f4d88afaf4

{"modtime":"2017-06-16 19:25:45","online":"1","lastime":"2017-06-16 19:23:45"}

工作站:USER-20170525WR验证:f4d88afaf4-f4d88afaf4

{"modtime":"2017-06-16 19:27:45","online":"1","lastime":"2017-06-16 19:25:45"}

工作站:USER-20170525WR验证:f4d88afaf4-f4d88afaf4

{"modtime":"2017-06-16 19:29:45","online":"1","lastime":"2017-06-16 19:27:45"}

工作站:USER-20170525WR验证:f4d88afaf4-f4d88afaf4

{"modtime":"2017-06-16 19:31:45","online":"1","lastime":"2017-06-16 19:29:45"}

工作站:USER-20170525WR验证:f4d88afaf4-f4d88afaf4

{"modtime":"2017-06-16 19:33:45","online":"1","lastime":"2017-06-16 19:31:45"}

工作站:USER-20170525WR验证:f4d88afaf4-f4d88afaf4

{"modtime":"2017-06-16 19:35:45","online":"1","lastime":"2017-06-16 19:33:45"}

工作站:USER-20170525WR验证:f4d88afaf4-f4d88afaf4

{"modtime":"2017-06-16 19:37:45","online":"1","lastime":"2017-06-16 19:35:45"}

工作站:USER-20170525WR验证:f4d88afaf4-f4d88afaf4

{"modtime":"2017-06-16 19:39:45","online":"1","lastime":"2017-06-16 19:37:45"}

工作站:USER-20170525WR验证:f4d88afaf4-f4d88afaf4

{"modtime":"2017-06-16 19:41:45","online":"1","lastime":"2017-06-16 19:39:45"}

工作站:USER-20170525WR验证:f4d88afaf4-f4d88afaf4

{"modtime":"2017-06-16 19:43:45","online":"1","lastime":"2017-06-16 19:41:45"}

工作站:USER-20170525WR验证:f4d88afaf4-f4d88afaf4

{"modtime":"2017-06-16 19:45:45","online":"1","lastime":"2017-06-16 19:43:45"}

工作站:USER-20170525WR验证:f4d88afaf4-f4d88afaf4

{"modtime":"2017-06-16 19:47:45","online":"1","lastime":"2017-06-16 19:45:45"}

工作站:USER-20170525WR验证:f4d88afaf4-f4d88afaf4

{"modtime":"2017-06-16 19:49:45","online":"1","lastime":"2017-06-16 19:47:45"}

工作站:USER-20170525WR验证:f4d88afaf4-f4d88afaf4

{"modtime":"2017-06-16 19:51:45","online":"1","lastime":"2017-06-16 19:49:45"}

工作站:USER-20170525WR验证:f4d88afaf4-f4d88afaf4

{"modtime":"2017-06-16 19:53:45","online":"1","lastime":"2017-06-16 19:51:45"}

工作站:USER-20170525WR验证:f4d88afaf4-f4d88afaf4

{"modtime":"2017-06-16 19:55:45","online":"1","lastime":"2017-06-16 19:53:45"}

工作站:USER-20170525WR验证:f4d88afaf4-f4d88afaf4

{"modtime":"2017-06-16 19:57:45","online":"1","lastime":"2017-06-16 19:55:45"}

工作站:USER-20170525WR验证:f4d88afaf4-f4d88afaf4

{"modtime":"2017-06-16 19:59:45","online":"1","lastime":"2017-06-16 19:57:45"}

工作站:USER-20170525WR验证:f4d88afaf4-f4d88afaf4

{"modtime":"2017-06-16 20:01:45","online":"1","lastime":"2017-06-16 19:59:45"}

工作站:USER-20170525WR验证:f4d88afaf4-f4d88afaf4

{"modtime":"2017-06-16 20:03:45","online":"1","lastime":"2017-06-16 20:01:45"}

工作站:USER-20170525WR验证:f4d88afaf4-f4d88afaf4

{"modtime":"2017-06-16 20:05:45","online":"1","lastime":"2017-06-16 20:03:45"}

工作站:USER-20170525WR验证:f4d88afaf4-f4d88afaf4

{"modtime":"2017-06-16 20:07:45","online":"1","lastime":"2017-06-16 20:05:45"}

工作站:USER-20170525WR验证:f4d88afaf4-f4d88afaf4

{"modtime":"2017-06-16 20:09:45","online":"1","lastime":"2017-06-16 20:07:45"}

工作站:USER-20170525WR验证:f4d88afaf4-f4d88afaf4

{"modtime":"2017-06-16 20:11:45","online":"1","lastime":"2017-06-16 20:09:45"}

工作站:USER-20170525WR验证:f4d88afaf4-f4d88afaf4

{"modtime":"2017-06-16 20:13:45","online":"1","lastime":"2017-06-16 20:11:45"}

工作站:USER-20170525WR验证:f4d88afaf4-f4d88afaf4

{"modtime":"2017-06-16 20:15:45","online":"1","lastime":"2017-06-16 20:13:45"}

工作站:USER-20170525WR验证:f4d88afaf4-f4d88afaf4

{"modtime":"2017-06-16 20:17:45","online":"1","lastime":"2017-06-16 20:15:45"}

工作站:USER-20170525WR验证:f4d88afaf4-f4d88afaf4

{"modtime":"2017-06-16 20:19:45","online":"1","lastime":"2017-06-16 20:17:45"}

工作站:USER-20170525WR验证:f4d88afaf4-f4d88afaf4

{"modtime":"2017-06-16 20:21:45","online":"1","lastime":"2017-06-16 20:19:45"}

工作站:USER-20170525WR验证:f4d88afaf4-f4d88afaf4

{"modtime":"2017-06-16 20:23:45","online":"1","lastime":"2017-06-16 20:21:45"}

工作站:USER-20170525WR验证:f4d88afaf4-f4d88afaf4

{"modtime":"2017-06-16 20:25:45","online":"1","lastime":"2017-06-16 20:23:45"}

工作站:USER-20170525WR验证:f4d88afaf4-f4d88afaf4

{"modtime":"2017-06-16 20:27:45","online":"1","lastime":"2017-06-16 20:25:45"}

工作站:USER-20170525WR验证:f4d88afaf4-f4d88afaf4

{"modtime":"2017-06-16 20:29:45","online":"1","lastime":"2017-06-16 20:27:45"}

工作站:USER-20170525WR验证:f4d88afaf4-f4d88afaf4

{"modtime":"2017-06-16 20:31:45","online":"1","lastime":"2017-06-16 20:29:45"}

工作站:USER-20170525WR验证:f4d88afaf4-f4d88afaf4

{"modtime":"2017-06-16 20:33:45","online":"1","lastime":"2017-06-16 20:31:45"}

工作站:USER-20170525WR验证:f4d88afaf4-f4d88afaf4

{"modtime":"2017-06-16 20:35:45","online":"1","lastime":"2017-06-16 20:33:45"}

工作站:USER-20170525WR验证:f4d88afaf4-f4d88afaf4

{"modtime":"2017-06-16 20:37:45","online":"1","lastime":"2017-06-16 20:35:45"}

工作站:USER-20170525WR验证:f4d88afaf4-f4d88afaf4

{"modtime":"2017-06-16 20:39:45","online":"1","lastime":"2017-06-16 20:37:45"}

工作站:USER-20170525WR验证:f4d88afaf4-f4d88afaf4

{"modtime":"2017-06-16 20:41:45","online":"1","lastime":"2017-06-16 20:39:45"}

工作站:USER-20170525WR验证:f4d88afaf4-f4d88afaf4

{"modtime":"2017-06-16 20:43:45","online":"1","lastime":"2017-06-16 20:41:45"}

工作站:USER-20170525WR验证:f4d88afaf4-f4d88afaf4

{"modtime":"2017-06-16 20:45:45","online":"1","lastime":"2017-06-16 20:43:45"}

工作站:USER-20170525WR验证:f4d88afaf4-f4d88afaf4

{"modtime":"2017-06-16 20:47:45","online":"1","lastime":"2017-06-16 20:45:45"}

工作站:USER-20170525WR验证:f4d88afaf4-f4d88afaf4

{"modtime":"2017-06-16 20:49:45","online":"1","lastime":"2017-06-16 20:47:45"}

工作站:USER-20170525WR验证:f4d88afaf4-f4d88afaf4

{"modtime":"2017-06-16 20:51:45","online":"1","lastime":"2017-06-16 20:49:45"}

工作站:USER-20170525WR验证:f4d88afaf4-f4d88afaf4

{"modtime":"2017-06-16 20:53:45","online":"1","lastime":"2017-06-16 20:51:45"}

工作站:USER-20170525WR验证:f4d88afaf4-f4d88afaf4

{"modtime":"2017-06-16 20:55:45","online":"1","lastime":"2017-06-16 20:53:45"}

工作站:USER-20170525WR验证:f4d88afaf4-f4d88afaf4

{"modtime":"2017-06-16 20:57:45","online":"1","lastime":"2017-06-16 20:55:45"}

工作站:USER-20170525WR验证:f4d88afaf4-f4d88afaf4

{"modtime":"2017-06-16 20:59:45","online":"1","lastime":"2017-06-16 20:57:45"}

工作站:USER-20170525WR验证:f4d88afaf4-f4d88afaf4

{"modtime":"2017-06-16 21:01:45","online":"1","lastime":"2017-06-16 20:59:45"}

工作站:USER-20170525WR验证:f4d88afaf4-f4d88afaf4

{"modtime":"2017-06-16 21:03:45","online":"1","lastime":"2017-06-16 21:01:45"}

工作站:USER-20170525WR验证:f4d88afaf4-f4d88afaf4

{"modtime":"2017-06-16 21:05:45","online":"1","lastime":"2017-06-16 21:03:45"}

工作站:USER-20170525WR验证:f4d88afaf4-f4d88afaf4

{"modtime":"2017-06-16 21:07:45","online":"1","lastime":"2017-06-16 21:05:45"}

工作站:USER-20170525WR验证:f4d88afaf4-f4d88afaf4

{"modtime":"2017-06-16 21:09:45","online":"1","lastime":"2017-06-16 21:07:45"}

工作站:USER-20170525WR验证:f4d88afaf4-f4d88afaf4

{"modtime":"2017-06-16 21:11:45","online":"1","lastime":"2017-06-16 21:09:45"}

工作站:USER-20170525WR验证:f4d88afaf4-f4d88afaf4

{"modtime":"2017-06-16 21:13:45","online":"1","lastime":"2017-06-16 21:11:45"}

工作站:USER-20170525WR验证:f4d88afaf4-f4d88afaf4

{"modtime":"2017-06-16 21:15:45","online":"1","lastime":"2017-06-16 21:13:45"}

工作站:USER-20170525WR验证:f4d88afaf4-f4d88afaf4

{"modtime":"2017-06-16 21:17:45","online":"1","lastime":"2017-06-16 21:15:45"}

工作站:USER-20170525WR验证:f4d88afaf4-f4d88afaf4

{"modtime":"2017-06-16 21:19:45","online":"1","lastime":"2017-06-16 21:17:45"}

工作站:USER-20170525WR验证:f4d88afaf4-f4d88afaf4

{"modtime":"2017-06-16 21:21:45","online":"1","lastime":"2017-06-16 21:19:45"}

工作站:USER-20170525WR验证:f4d88afaf4-f4d88afaf4

{"modtime":"2017-06-16 21:23:45","online":"1","lastime":"2017-06-16 21:21:45"}

工作站:USER-20170525WR验证:f4d88afaf4-f4d88afaf4

{"modtime":"2017-06-16 21:25:45","online":"1","lastime":"2017-06-16 21:23:45"}

工作站:USER-20170525WR验证:f4d88afaf4-f4d88afaf4

{"modtime":"2017-06-16 21:27:45","online":"1","lastime":"2017-06-16 21:25:45"}

工作站:USER-20170525WR验证:f4d88afaf4-f4d88afaf4

{"modtime":"2017-06-16 21:29:45","online":"1","lastime":"2017-06-16 21:27:45"}

工作站:USER-20170525WR验证:f4d88afaf4-f4d88afaf4

{"modtime":"2017-06-16 21:31:45","online":"1","lastime":"2017-06-16 21:29:45"}

工作站:USER-20170525WR验证:f4d88afaf4-f4d88afaf4

{"modtime":"2017-06-16 21:33:45","online":"1","lastime":"2017-06-16 21:31:45"}

工作站:USER-20170525WR验证:f4d88afaf4-f4d88afaf4

{"modtime":"2017-06-16 21:35:45","online":"1","lastime":"2017-06-16 21:33:45"}

工作站:USER-20170525WR验证:f4d88afaf4-f4d88afaf4

{"modtime":"2017-06-16 21:37:45","online":"1","lastime":"2017-06-16 21:35:45"}

工作站:USER-20170525WR验证:f4d88afaf4-f4d88afaf4

{"modtime":"2017-06-16 21:39:45","online":"1","lastime":"2017-06-16 21:37:45"}

工作站:USER-20170525WR验证:f4d88afaf4-f4d88afaf4

{"modtime":"2017-06-16 21:41:45","online":"1","lastime":"2017-06-16 21:39:45"}

工作站:USER-20170525WR验证:f4d88afaf4-f4d88afaf4

{"modtime":"2017-06-16 21:43:45","online":"1","lastime":"2017-06-16 21:41:45"}

工作站:USER-20170525WR验证:f4d88afaf4-f4d88afaf4

{"modtime":"2017-06-16 21:45:45","online":"1","lastime":"2017-06-16 21:43:45"}

工作站:USER-20170525WR验证:f4d88afaf4-f4d88afaf4

{"modtime":"2017-06-16 21:47:45","online":"1","lastime":"2017-06-16 21:45:45"}

工作站:USER-20170525WR验证:f4d88afaf4-f4d88afaf4

{"modtime":"2017-06-16 21:49:45","online":"1","lastime":"2017-06-16 21:47:45"}

工作站:USER-20170525WR验证:f4d88afaf4-f4d88afaf4

{"modtime":"2017-06-16 21:51:45","online":"1","lastime":"2017-06-16 21:49:45"}

工作站:USER-20170525WR验证:f4d88afaf4-f4d88afaf4

{"modtime":"2017-06-16 21:53:45","online":"1","lastime":"2017-06-16 21:51:45"}

工作站:USER-20170525WR验证:f4d88afaf4-f4d88afaf4

{"modtime":"2017-06-16 21:55:45","online":"1","lastime":"2017-06-16 21:53:45"}

工作站:USER-20170525WR验证:f4d88afaf4-f4d88afaf4

{"modtime":"2017-06-16 21:57:45","online":"1","lastime":"2017-06-16 21:55:45"}

工作站:USER-20170525WR验证:f4d88afaf4-f4d88afaf4

{"modtime":"2017-06-16 21:59:45","online":"1","lastime":"2017-06-16 21:57:45"}

工作站:USER-20170525WR验证:f4d88afaf4-f4d88afaf4

{"modtime":"2017-06-16 22:01:45","online":"1","lastime":"2017-06-16 21:59:45"}

工作站:USER-20170525WR验证:f4d88afaf4-f4d88afaf4

{"modtime":"2017-06-16 22:03:45","online":"1","lastime":"2017-06-16 22:01:45"}

工作站:USER-20170525WR验证:f4d88afaf4-f4d88afaf4

{"modtime":"2017-06-16 22:05:45","online":"1","lastime":"2017-06-16 22:03:45"}

工作站:USER-20170525WR验证:f4d88afaf4-f4d88afaf4

{"modtime":"2017-06-16 22:07:45","online":"1","lastime":"2017-06-16 22:05:45"}

工作站:USER-20170525WR验证:f4d88afaf4-f4d88afaf4

{"modtime":"2017-06-16 22:09:45","online":"1","lastime":"2017-06-16 22:07:45"}

工作站:USER-20170525WR验证:f4d88afaf4-f4d88afaf4

{"modtime":"2017-06-16 22:11:45","online":"1","lastime":"2017-06-16 22:09:45"}

工作站:USER-20170525WR验证:f4d88afaf4-f4d88afaf4

{"modtime":"2017-06-16 22:13:45","online":"1","lastime":"2017-06-16 22:11:45"}

工作站:USER-20170525WR验证:f4d88afaf4-f4d88afaf4

{"modtime":"2017-06-16 22:15:45","online":"1","lastime":"2017-06-16 22:13:45"}

工作站:USER-20170525WR验证:f4d88afaf4-f4d88afaf4

{"modtime":"2017-06-16 22:17:45","online":"1","lastime":"2017-06-16 22:15:45"}

工作站:USER-20170525WR验证:f4d88afaf4-f4d88afaf4

{"modtime":"2017-06-16 22:19:45","online":"1","lastime":"2017-06-16 22:17:45"}

工作站:USER-20170525WR验证:f4d88afaf4-f4d88afaf4

{"modtime":"2017-06-16 22:21:45","online":"1","lastime":"2017-06-16 22:19:45"}

工作站:USER-20170525WR验证:f4d88afaf4-f4d88afaf4

{"modtime":"2017-06-16 22:23:45","online":"1","lastime":"2017-06-16 22:21:45"}

工作站:USER-20170525WR验证:f4d88afaf4-f4d88afaf4

{"modtime":"2017-06-16 22:25:45","online":"1","lastime":"2017-06-16 22:23:45"}

工作站:USER-20170525WR验证:f4d88afaf4-f4d88afaf4

{"modtime":"2017-06-16 22:27:45","online":"1","lastime":"2017-06-16 22:25:45"}

工作站:USER-20170525WR验证:f4d88afaf4-f4d88afaf4

{"modtime":"2017-06-16 22:29:45","online":"1","lastime":"2017-06-16 22:27:45"}

工作站:USER-20170525WR验证:f4d88afaf4-f4d88afaf4

{"modtime":"2017-06-16 22:31:45","online":"1","lastime":"2017-06-16 22:29:45"}

工作站:USER-20170525WR验证:f4d88afaf4-f4d88afaf4

{"modtime":"2017-06-16 22:33:45","online":"1","lastime":"2017-06-16 22:31:45"}

工作站:USER-20170525WR验证:f4d88afaf4-f4d88afaf4

{"modtime":"2017-06-16 22:35:45","online":"1","lastime":"2017-06-16 22:33:45"}

工作站:USER-20170525WR验证:f4d88afaf4-f4d88afaf4

{"modtime":"2017-06-16 22:37:45","online":"1","lastime":"2017-06-16 22:35:45"}

工作站:USER-20170525WR验证:f4d88afaf4-f4d88afaf4

{"modtime":"2017-06-16 22:39:45","online":"1","lastime":"2017-06-16 22:37:45"}

工作站:USER-20170525WR验证:f4d88afaf4-f4d88afaf4

{"modtime":"2017-06-16 22:41:45","online":"1","lastime":"2017-06-16 22:39:45"}

工作站:USER-20170525WR验证:f4d88afaf4-f4d88afaf4

{"modtime":"2017-06-16 22:43:45","online":"1","lastime":"2017-06-16 22:41:45"}

工作站:USER-20170525WR验证:f4d88afaf4-f4d88afaf4

{"modtime":"2017-06-16 22:45:45","online":"1","lastime":"2017-06-16 22:43:45"}

工作站:USER-20170525WR验证:f4d88afaf4-f4d88afaf4

{"modtime":"2017-06-16 22:47:45","online":"1","lastime":"2017-06-16 22:45:45"}

工作站:USER-20170525WR验证:f4d88afaf4-f4d88afaf4

{"modtime":"2017-06-16 22:49:45","online":"1","lastime":"2017-06-16 22:47:45"}

工作站:USER-20170525WR验证:f4d88afaf4-f4d88afaf4

{"modtime":"2017-06-16 22:51:45","online":"1","lastime":"2017-06-16 22:49:45"}

工作站:USER-20170525WR验证:f4d88afaf4-f4d88afaf4

{"modtime":"2017-06-16 22:53:45","online":"1","lastime":"2017-06-16 22:51:45"}

工作站:USER-20170525WR验证:f4d88afaf4-f4d88afaf4

{"modtime":"2017-06-16 22:55:45","online":"1","lastime":"2017-06-16 22:53:45"}

工作站:USER-20170525WR验证:f4d88afaf4-f4d88afaf4

{"modtime":"2017-06-16 22:57:45","online":"1","lastime":"2017-06-16 22:55:45"}

工作站:USER-20170525WR验证:f4d88afaf4-f4d88afaf4

{"modtime":"2017-06-16 22:59:45","online":"1","lastime":"2017-06-16 22:57:45"}

工作站:USER-20170525WR验证:f4d88afaf4-f4d88afaf4

{"modtime":"2017-06-16 23:01:45","online":"1","lastime":"2017-06-16 22:59:45"}

工作站:USER-20170525WR验证:f4d88afaf4-f4d88afaf4

{"modtime":"2017-06-16 23:03:45","online":"1","lastime":"2017-06-16 23:01:45"}

工作站:USER-20170525WR验证:f4d88afaf4-f4d88afaf4

{"modtime":"2017-06-16 23:05:45","online":"1","lastime":"2017-06-16 23:03:45"}

工作站:USER-20170525WR验证:f4d88afaf4-f4d88afaf4

{"modtime":"2017-06-16 23:07:45","online":"1","lastime":"2017-06-16 23:05:45"}

工作站:USER-20170525WR验证:f4d88afaf4-f4d88afaf4

{"modtime":"2017-06-16 23:09:45","online":"1","lastime":"2017-06-16 23:07:45"}

工作站:USER-20170525WR验证:f4d88afaf4-f4d88afaf4

{"modtime":"2017-06-16 23:11:45","online":"1","lastime":"2017-06-16 23:09:45"}

工作站:USER-20170525WR验证:f4d88afaf4-f4d88afaf4

{"modtime":"2017-06-16 23:13:45","online":"1","lastime":"2017-06-16 23:11:45"}

工作站:USER-20170525WR验证:f4d88afaf4-f4d88afaf4

{"modtime":"2017-06-16 23:15:45","online":"1","lastime":"2017-06-16 23:13:45"}

工作站:USER-20170525WR验证:f4d88afaf4-f4d88afaf4

{"modtime":"2017-06-16 23:17:45","online":"1","lastime":"2017-06-16 23:15:45"}

工作站:USER-20170525WR验证:f4d88afaf4-f4d88afaf4

{"modtime":"2017-06-16 23:19:45","online":"1","lastime":"2017-06-16 23:17:45"}

工作站:USER-20170525WR验证:f4d88afaf4-f4d88afaf4

{"modtime":"2017-06-16 23:21:45","online":"1","lastime":"2017-06-16 23:19:45"}

工作站:USER-20170525WR验证:f4d88afaf4-f4d88afaf4

{"modtime":"2017-06-16 23:23:45","online":"1","lastime":"2017-06-16 23:21:45"}

工作站:USER-20170525WR验证:f4d88afaf4-f4d88afaf4

{"modtime":"2017-06-16 23:25:45","online":"1","lastime":"2017-06-16 23:23:45"}

工作站:USER-20170525WR验证:f4d88afaf4-f4d88afaf4

{"modtime":"2017-06-16 23:27:45","online":"1","lastime":"2017-06-16 23:25:45"}

工作站:USER-20170525WR验证:f4d88afaf4-f4d88afaf4

{"modtime":"2017-06-16 23:29:45","online":"1","lastime":"2017-06-16 23:27:45"}

工作站:USER-20170525WR验证:f4d88afaf4-f4d88afaf4

{"modtime":"2017-06-16 23:31:45","online":"1","lastime":"2017-06-16 23:29:45"}

工作站:USER-20170525WR验证:f4d88afaf4-f4d88afaf4

{"modtime":"2017-06-16 23:33:45","online":"1","lastime":"2017-06-16 23:31:45"}

工作站:USER-20170525WR验证:f4d88afaf4-f4d88afaf4

{"modtime":"2017-06-16 23:35:45","online":"1","lastime":"2017-06-16 23:33:45"}

工作站:USER-20170525WR验证:f4d88afaf4-f4d88afaf4

{"modtime":"2017-06-16 23:37:45","online":"1","lastime":"2017-06-16 23:35:45"}

工作站:USER-20170525WR验证:f4d88afaf4-f4d88afaf4

{"modtime":"2017-06-16 23:39:45","online":"1","lastime":"2017-06-16 23:37:45"}

工作站:USER-20170525WR验证:f4d88afaf4-f4d88afaf4

{"modtime":"2017-06-16 23:41:45","online":"1","lastime":"2017-06-16 23:39:45"}

工作站:USER-20170525WR验证:f4d88afaf4-f4d88afaf4

{"modtime":"2017-06-16 23:43:45","online":"1","lastime":"2017-06-16 23:41:45"}

工作站:USER-20170525WR验证:f4d88afaf4-f4d88afaf4

{"modtime":"2017-06-16 23:45:45","online":"1","lastime":"2017-06-16 23:43:45"}

工作站:USER-20170525WR验证:f4d88afaf4-f4d88afaf4

{"modtime":"2017-06-16 23:47:45","online":"1","lastime":"2017-06-16 23:45:45"}

工作站:USER-20170525WR验证:f4d88afaf4-f4d88afaf4

{"modtime":"2017-06-16 23:49:45","online":"1","lastime":"2017-06-16 23:47:45"}

工作站:USER-20170525WR验证:f4d88afaf4-f4d88afaf4

{"modtime":"2017-06-16 23:51:45","online":"1","lastime":"2017-06-16 23:49:45"}

工作站:USER-20170525WR验证:f4d88afaf4-f4d88afaf4

{"modtime":"2017-06-16 23:53:45","online":"1","lastime":"2017-06-16 23:51:45"}

工作站:USER-20170525WR验证:f4d88afaf4-f4d88afaf4

{"modtime":"2017-06-16 23:55:45","online":"1","lastime":"2017-06-16 23:53:45"}

工作站:USER-20170525WR验证:f4d88afaf4-f4d88afaf4

{"modtime":"2017-06-16 23:57:45","online":"1","lastime":"2017-06-16 23:55:45"}

工作站:USER-20170525WR验证:f4d88afaf4-f4d88afaf4

{"modtime":"2017-06-16 23:59:45","online":"1","lastime":"2017-06-16 23:57:45"}

