PHP Notice:  Undefined index: HTTP_HOST in /var/www/html/app/config/main.php on line 11
﻿PHP Warning:  date(): It is not safe to rely on the system's timezone settings. You are *required* to use the date.timezone setting or the date_default_timezone_set() function. In case you used any of those methods and you are still getting this warning, you most likely misspelled the timezone identifier. We selected 'Asia/Chongqing' for 'CST/8.0/no DST' instead in /var/www/html/TimeScript/auto_addrecorder.php on line 16
2017-05-28 03:00:01 [INFO] host=[localhost], use=[root]lianjie chenggong.
PHP Warning:  strtotime(): It is not safe to rely on the system's timezone settings. You are *required* to use the date.timezone setting or the date_default_timezone_set() function. In case you used any of those methods and you are still getting this warning, you most likely misspelled the timezone identifier. We selected 'Asia/Chongqing' for 'CST/8.0/no DST' instead in /var/www/html/TimeScript/auto_addrecorder.php on line 33
PHP Warning:  date(): It is not safe to rely on the system's timezone settings. You are *required* to use the date.timezone setting or the date_default_timezone_set() function. In case you used any of those methods and you are still getting this warning, you most likely misspelled the timezone identifier. We selected 'Asia/Chongqing' for 'CST/8.0/no DST' instead in /var/www/html/TimeScript/auto_addrecorder.php on line 33
PHP Warning:  date(): It is not safe to rely on the system's timezone settings. You are *required* to use the date.timezone setting or the date_default_timezone_set() function. In case you used any of those methods and you are still getting this warning, you most likely misspelled the timezone identifier. We selected 'Asia/Chongqing' for 'CST/8.0/no DST' instead in /var/www/html/TimeScript/auto_addrecorder.php on line 37
2017-05-28 03:00:01 [INFO] media_del=[SELECT DISTINCT t.hostbody, t.hostcode, t.hostname, t.danwei from zm_video_list t where t.uploaddate like '2017-05-27%'].
sql_deal=[INSERT INTO zm_device(hostbody, hostname, danwei, hostcode) VALUES('123456', '管理员', '1001', '00001')]<br>﻿PHP Notice:  Undefined index: HTTP_HOST in /var/www/html/app/config/main.php on line 11
﻿PHP Warning:  date(): It is not safe to rely on the system's timezone settings. You are *required* to use the date.timezone setting or the date_default_timezone_set() function. In case you used any of those methods and you are still getting this warning, you most likely misspelled the timezone identifier. We selected 'Asia/Chongqing' for 'CST/8.0/no DST' instead in /var/www/html/TimeScript/auto_addrecorder.php on line 16
2017-05-29 03:00:01 [INFO] host=[localhost], use=[root]lianjie chenggong.
PHP Warning:  strtotime(): It is not safe to rely on the system's timezone settings. You are *required* to use the date.timezone setting or the date_default_timezone_set() function. In case you used any of those methods and you are still getting this warning, you most likely misspelled the timezone identifier. We selected 'Asia/Chongqing' for 'CST/8.0/no DST' instead in /var/www/html/TimeScript/auto_addrecorder.php on line 33
PHP Warning:  date(): It is not safe to rely on the system's timezone settings. You are *required* to use the date.timezone setting or the date_default_timezone_set() function. In case you used any of those methods and you are still getting this warning, you most likely misspelled the timezone identifier. We selected 'Asia/Chongqing' for 'CST/8.0/no DST' instead in /var/www/html/TimeScript/auto_addrecorder.php on line 33
PHP Warning:  date(): It is not safe to rely on the system's timezone settings. You are *required* to use the date.timezone setting or the date_default_timezone_set() function. In case you used any of those methods and you are still getting this warning, you most likely misspelled the timezone identifier. We selected 'Asia/Chongqing' for 'CST/8.0/no DST' instead in /var/www/html/TimeScript/auto_addrecorder.php on line 37
2017-05-29 03:00:01 [INFO] media_del=[SELECT DISTINCT t.hostbody, t.hostcode, t.hostname, t.danwei from zm_video_list t where t.uploaddate like '2017-05-28%'].
﻿PHP Notice:  Undefined index: HTTP_HOST in /var/www/html/app/config/main.php on line 11
﻿PHP Warning:  date(): It is not safe to rely on the system's timezone settings. You are *required* to use the date.timezone setting or the date_default_timezone_set() function. In case you used any of those methods and you are still getting this warning, you most likely misspelled the timezone identifier. We selected 'Asia/Chongqing' for 'CST/8.0/no DST' instead in /var/www/html/TimeScript/auto_addrecorder.php on line 16
2017-05-30 03:00:02 [INFO] host=[localhost], use=[root]lianjie chenggong.
PHP Warning:  strtotime(): It is not safe to rely on the system's timezone settings. You are *required* to use the date.timezone setting or the date_default_timezone_set() function. In case you used any of those methods and you are still getting this warning, you most likely misspelled the timezone identifier. We selected 'Asia/Chongqing' for 'CST/8.0/no DST' instead in /var/www/html/TimeScript/auto_addrecorder.php on line 33
PHP Warning:  date(): It is not safe to rely on the system's timezone settings. You are *required* to use the date.timezone setting or the date_default_timezone_set() function. In case you used any of those methods and you are still getting this warning, you most likely misspelled the timezone identifier. We selected 'Asia/Chongqing' for 'CST/8.0/no DST' instead in /var/www/html/TimeScript/auto_addrecorder.php on line 33
PHP Warning:  date(): It is not safe to rely on the system's timezone settings. You are *required* to use the date.timezone setting or the date_default_timezone_set() function. In case you used any of those methods and you are still getting this warning, you most likely misspelled the timezone identifier. We selected 'Asia/Chongqing' for 'CST/8.0/no DST' instead in /var/www/html/TimeScript/auto_addrecorder.php on line 37
2017-05-30 03:00:02 [INFO] media_del=[SELECT DISTINCT t.hostbody, t.hostcode, t.hostname, t.danwei from zm_video_list t where t.uploaddate like '2017-05-29%'].
﻿PHP Notice:  Undefined index: HTTP_HOST in /var/www/html/app/config/main.php on line 11
﻿PHP Warning:  date(): It is not safe to rely on the system's timezone settings. You are *required* to use the date.timezone setting or the date_default_timezone_set() function. In case you used any of those methods and you are still getting this warning, you most likely misspelled the timezone identifier. We selected 'Asia/Chongqing' for 'CST/8.0/no DST' instead in /var/www/html/TimeScript/auto_addrecorder.php on line 16
2017-05-31 03:00:01 [INFO] host=[localhost], use=[root]lianjie chenggong.
PHP Warning:  strtotime(): It is not safe to rely on the system's timezone settings. You are *required* to use the date.timezone setting or the date_default_timezone_set() function. In case you used any of those methods and you are still getting this warning, you most likely misspelled the timezone identifier. We selected 'Asia/Chongqing' for 'CST/8.0/no DST' instead in /var/www/html/TimeScript/auto_addrecorder.php on line 33
PHP Warning:  date(): It is not safe to rely on the system's timezone settings. You are *required* to use the date.timezone setting or the date_default_timezone_set() function. In case you used any of those methods and you are still getting this warning, you most likely misspelled the timezone identifier. We selected 'Asia/Chongqing' for 'CST/8.0/no DST' instead in /var/www/html/TimeScript/auto_addrecorder.php on line 33
PHP Warning:  date(): It is not safe to rely on the system's timezone settings. You are *required* to use the date.timezone setting or the date_default_timezone_set() function. In case you used any of those methods and you are still getting this warning, you most likely misspelled the timezone identifier. We selected 'Asia/Chongqing' for 'CST/8.0/no DST' instead in /var/www/html/TimeScript/auto_addrecorder.php on line 37
2017-05-31 03:00:01 [INFO] media_del=[SELECT DISTINCT t.hostbody, t.hostcode, t.hostname, t.danwei from zm_video_list t where t.uploaddate like '2017-05-30%'].
