ε·¥δ½η«™:XIAODIAN2ιθ―:b16bf628e5-b16bf628e5

{"modtime":"2017-08-01 10:21:50","online":"1","startime":"2017-08-01 10:21:50","lastime":"2017-07-31 11:09:43"}

ε·¥δ½η«™:XIAODIAN2ιθ―:b16bf628e5-b16bf628e5

{"modtime":"2017-08-01 10:23:50","online":"1","lastime":"2017-08-01 10:21:50"}

ε·¥δ½η«™:XIAODIAN2ιθ―:b16bf628e5-b16bf628e5

{"modtime":"2017-08-01 10:25:50","online":"1","lastime":"2017-08-01 10:23:50"}

ε·¥δ½η«™:Π΅µκ¶ώ΄σ¶Σ¶ώΦΠιθ―:49e3a4d263-49e3a4d263

ε·¥δ½η«™:Π΅µκ¶ώ΄σ¶ΣΛΔΦΠιθ―:c659944651-c659944651

ε·¥δ½η«™:Π΅µκ¶ώ΄σ¶ΣΛΔΦΠιθ―:c659944651-c659944651

ε·¥δ½η«™:Π΅µκ¶ώ΄σ¶ΣΖίΦΠιθ―:b0d748e61c-b0d748e61c

ε·¥δ½η«™:Π΅µκ¶ώ΄σ¶ΣΖίΦΠιθ―:b0d748e61c-b0d748e61c

ε·¥δ½η«™:Π΅µκ¶ώ΄σ¶ΣΖίΦΠιθ―:b0d748e61c-b0d748e61c

ε·¥δ½η«™:Π΅µκ¶ώ΄σ¶ΣΞεΦΠιθ―:723ebc591b-723ebc591b

ε·¥δ½η«™:Π΅µκ¶ώ΄σ¶ΣΞεΦΠιθ―:723ebc591b-723ebc591b

ε·¥δ½η«™:Π΅µκ¶ώ΄σ¶ΣΞεΦΠιθ―:723ebc591b-723ebc591b

ε·¥δ½η«™:Π΅µκ¶ώ΄σ¶ΣΞεΦΠιθ―:723ebc591b-723ebc591b

ε·¥δ½η«™:Π΅µκ¶ώ΄σ¶ΣΞεΦΠιθ―:723ebc591b-723ebc591b

ε·¥δ½η«™:Π΅µκ¶ώ΄σ¶ΣΑωΦΠιθ―:900c566904-900c566904

ε·¥δ½η«™:Π΅µκ¶ώ΄σ¶ΣΑωΦΠιθ―:900c566904-900c566904

ε·¥δ½η«™:Π΅µκ¶ώ΄σ¶ΣΞεΦΠιθ―:723ebc591b-723ebc591b

ε·¥δ½η«™:Π΅µκ¶ώ΄σ¶ΣΞεΦΠιθ―:723ebc591b-723ebc591b

ε·¥δ½η«™:Π΅µκ¶ώ΄σ¶ΣΞεΦΠιθ―:723ebc591b-723ebc591b

ε·¥δ½η«™:Π΅µκ¶ώ΄σ¶ΣΧΫΊΟιθ―:7205684c27-7205684c27

ε·¥δ½η«™:Π΅µκ¶ώ΄σ¶ΣΞεΦΠιθ―:723ebc591b-723ebc591b

ε·¥δ½η«™:Π΅µκ¶ώ΄σ¶ΣΧΫΊΟιθ―:7205684c27-7205684c27

ε·¥δ½η«™:Π΅µκ¶ώ΄σ¶ΣΞεΦΠιθ―:723ebc591b-723ebc591b

ε·¥δ½η«™:Π΅µκ¶ώ΄σ¶ΣΧΫΊΟιθ―:7205684c27-7205684c27

ε·¥δ½η«™:Π΅µκ¶ώ΄σ¶ΣΞεΦΠιθ―:723ebc591b-723ebc591b

ε·¥δ½η«™:Π΅µκ¶ώ΄σ¶ΣΞεΦΠιθ―:723ebc591b-723ebc591b

ε·¥δ½η«™:Π΅µκ¶ώ΄σ¶ΣΞεΦΠιθ―:723ebc591b-723ebc591b

ε·¥δ½η«™:Π΅µκ¶ώ΄σ¶ΣΧΫΊΟιθ―:7205684c27-7205684c27

ε·¥δ½η«™:Π΅µκ¶ώ΄σ¶ΣΞεΦΠιθ―:723ebc591b-723ebc591b

ε·¥δ½η«™:Π΅µκ¶ώ΄σ¶ΣΧΫΊΟιθ―:7205684c27-7205684c27

ε·¥δ½η«™:Π΅µκ¶ώ΄σ¶ΣΞεΦΠιθ―:723ebc591b-723ebc591b

ε·¥δ½η«™:Π΅µκ¶ώ΄σ¶ΣΞεΦΠιθ―:723ebc591b-723ebc591b

ε·¥δ½η«™:Π΅µκ¶ώ΄σ¶ΣΞεΦΠιθ―:723ebc591b-723ebc591b

ε·¥δ½η«™:Π΅µκ¶ώ΄σ¶ΣΞεΦΠιθ―:723ebc591b-723ebc591b

ε·¥δ½η«™:Π΅µκ¶ώ΄σ¶ΣΞεΦΠιθ―:723ebc591b-723ebc591b

ε·¥δ½η«™:Π΅µκ¶ώ΄σ¶ΣΧΫΊΟιθ―:7205684c27-7205684c27

ε·¥δ½η«™:Π΅µκ¶ώ΄σ¶ΣΞεΦΠιθ―:723ebc591b-723ebc591b

ε·¥δ½η«™:Π΅µκ¶ώ΄σ¶ΣΧΫΊΟιθ―:7205684c27-7205684c27

ε·¥δ½η«™:Π΅µκ¶ώ΄σ¶ΣΞεΦΠιθ―:723ebc591b-723ebc591b

ε·¥δ½η«™:Π΅µκ¶ώ΄σ¶ΣΧΫΊΟιθ―:7205684c27-7205684c27

ε·¥δ½η«™:Π΅µκ¶ώ΄σ¶ΣΞεΦΠιθ―:723ebc591b-723ebc591b

ε·¥δ½η«™:Π΅µκ¶ώ΄σ¶ΣΧΫΊΟιθ―:7205684c27-7205684c27

ε·¥δ½η«™:Π΅µκ¶ώ΄σ¶ΣΞεΦΠιθ―:723ebc591b-723ebc591b

ε·¥δ½η«™:Π΅µκ¶ώ΄σ¶ΣΧΫΊΟιθ―:7205684c27-7205684c27

ε·¥δ½η«™:Π΅µκ¶ώ΄σ¶ΣΧΫΊΟιθ―:7205684c27-7205684c27

ε·¥δ½η«™:Π΅µκ¶ώ΄σ¶ΣΧΫΊΟιθ―:7205684c27-7205684c27

ε·¥δ½η«™:Π΅µκ¶ώ΄σ¶ΣΧΫΊΟιθ―:7205684c27-7205684c27

ε·¥δ½η«™:Π΅µκ¶ώ΄σ¶ΣΧΫΊΟιθ―:7205684c27-7205684c27

ε·¥δ½η«™:Π΅µκ¶ώ΄σ¶ΣΧΫΊΟιθ―:7205684c27-7205684c27

ε·¥δ½η«™:Π΅µκ¶ώ΄σ¶ΣΧΫΊΟιθ―:7205684c27-7205684c27

ε·¥δ½η«™:Π΅µκ¶ώ΄σ¶ΣΧΫΊΟιθ―:7205684c27-7205684c27

ε·¥δ½η«™:Π΅µκ¶ώ΄σ¶ΣΧΫΊΟιθ―:7205684c27-7205684c27

ε·¥δ½η«™:Π΅µκ¶ώ΄σ¶ΣΧΫΊΟιθ―:7205684c27-7205684c27

ε·¥δ½η«™:Π΅µκ¶ώ΄σ¶ΣΧΫΊΟιθ―:7205684c27-7205684c27

ε·¥δ½η«™:Π΅µκ¶ώ΄σ¶ΣΧΫΊΟιθ―:7205684c27-7205684c27

ε·¥δ½η«™:Π΅µκ¶ώ΄σ¶ΣΧΫΊΟιθ―:7205684c27-7205684c27

ε·¥δ½η«™:Π΅µκ¶ώ΄σ¶ΣΧΫΊΟιθ―:7205684c27-7205684c27

ε·¥δ½η«™:Π΅µκ¶ώ΄σ¶ΣΧΫΊΟιθ―:7205684c27-7205684c27

ε·¥δ½η«™:Π΅µκ¶ώ΄σ¶ΣΧΫΊΟιθ―:7205684c27-7205684c27

ε·¥δ½η«™:Π΅µκ¶ώ΄σ¶ΣΧΫΊΟιθ―:7205684c27-7205684c27

ε·¥δ½η«™:Π΅µκ¶ώ΄σ¶ΣΧΫΊΟιθ―:7205684c27-7205684c27

ε·¥δ½η«™:Π΅µκ¶ώ΄σ¶ΣΧΫΊΟιθ―:7205684c27-7205684c27

ε·¥δ½η«™:Π΅µκ¶ώ΄σ¶ΣΧΫΊΟιθ―:7205684c27-7205684c27

ε·¥δ½η«™:Π΅µκ¶ώ΄σ¶ΣΞεΦΠιθ―:723ebc591b-723ebc591b

ε·¥δ½η«™:Π΅µκ¶ώ΄σ¶ΣΞεΦΠιθ―:723ebc591b-723ebc591b

ε·¥δ½η«™:Π΅µκ¶ώ΄σ¶ΣΞεΦΠιθ―:723ebc591b-723ebc591b

ε·¥δ½η«™:Π΅µκ¶ώ΄σ¶ΣΞεΦΠιθ―:723ebc591b-723ebc591b

ε·¥δ½η«™:Π΅µκ¶ώ΄σ¶ΣΞεΦΠιθ―:723ebc591b-723ebc591b

ε·¥δ½η«™:Π΅µκ¶ώ΄σ¶ΣΞεΦΠιθ―:723ebc591b-723ebc591b

ε·¥δ½η«™:Π΅µκ¶ώ΄σ¶ΣΞεΦΠιθ―:723ebc591b-723ebc591b

ε·¥δ½η«™:Π΅µκ¶ώ΄σ¶ΣΞεΦΠιθ―:723ebc591b-723ebc591b

ε·¥δ½η«™:Π΅µκ¶ώ΄σ¶ΣΞεΦΠιθ―:723ebc591b-723ebc591b

ε·¥δ½η«™:Π΅µκ¶ώ΄σ¶ΣΞεΦΠιθ―:723ebc591b-723ebc591b

ε·¥δ½η«™:Π΅µκ¶ώ΄σ¶ΣΞεΦΠιθ―:723ebc591b-723ebc591b

ε·¥δ½η«™:Π΅µκ¶ώ΄σ¶ΣΞεΦΠιθ―:723ebc591b-723ebc591b

ε·¥δ½η«™:Π΅µκ¶ώ΄σ¶ΣΞεΦΠιθ―:723ebc591b-723ebc591b

ε·¥δ½η«™:Π΅µκ¶ώ΄σ¶ΣΞεΦΠιθ―:723ebc591b-723ebc591b

ε·¥δ½η«™:Π΅µκ¶ώ΄σ¶ΣΞεΦΠιθ―:723ebc591b-723ebc591b

ε·¥δ½η«™:Π΅µκ¶ώ΄σ¶ΣΞεΦΠιθ―:723ebc591b-723ebc591b

ε·¥δ½η«™:Π΅µκ¶ώ΄σ¶ΣΞεΦΠιθ―:723ebc591b-723ebc591b

ε·¥δ½η«™:Π΅µκ¶ώ΄σ¶ΣΞεΦΠιθ―:723ebc591b-723ebc591b

ε·¥δ½η«™:Π΅µκ¶ώ΄σ¶ΣΞεΦΠιθ―:723ebc591b-723ebc591b

ε·¥δ½η«™:Π΅µκ¶ώ΄σ¶ΣΞεΦΠιθ―:723ebc591b-723ebc591b

ε·¥δ½η«™:Π΅µκ¶ώ΄σ¶ΣΞεΦΠιθ―:723ebc591b-723ebc591b

ε·¥δ½η«™:Π΅µκ¶ώ΄σ¶ΣΞεΦΠιθ―:723ebc591b-723ebc591b

ε·¥δ½η«™:Π΅µκ¶ώ΄σ¶ΣΞεΦΠιθ―:723ebc591b-723ebc591b

ε·¥δ½η«™:Π΅µκ¶ώ΄σ¶ΣΞεΦΠιθ―:723ebc591b-723ebc591b

ε·¥δ½η«™:Π΅µκ¶ώ΄σ¶ΣΞεΦΠιθ―:723ebc591b-723ebc591b

ε·¥δ½η«™:Π΅µκ¶ώ΄σ¶ΣΞεΦΠιθ―:723ebc591b-723ebc591b

ε·¥δ½η«™:Π΅µκ¶ώ΄σ¶ΣΞεΦΠιθ―:723ebc591b-723ebc591b

ε·¥δ½η«™:Π΅µκ¶ώ΄σ¶ΣΞεΦΠιθ―:723ebc591b-723ebc591b

ε·¥δ½η«™:Π΅µκ¶ώ΄σ¶ΣΞεΦΠιθ―:723ebc591b-723ebc591b

ε·¥δ½η«™:Π΅µκ¶ώ΄σ¶ΣΞεΦΠιθ―:723ebc591b-723ebc591b

ε·¥δ½η«™:Π΅µκ¶ώ΄σ¶ΣΞεΦΠιθ―:723ebc591b-723ebc591b

ε·¥δ½η«™:Π΅µκ¶ώ΄σ¶ΣΞεΦΠιθ―:723ebc591b-723ebc591b

ε·¥δ½η«™:Π΅µκ¶ώ΄σ¶ΣΞεΦΠιθ―:723ebc591b-723ebc591b

ε·¥δ½η«™:Π΅µκ¶ώ΄σ¶ΣΞεΦΠιθ―:723ebc591b-723ebc591b

ε·¥δ½η«™:Π΅µκ¶ώ΄σ¶ΣΞεΦΠιθ―:723ebc591b-723ebc591b

ε·¥δ½η«™:Π΅µκ¶ώ΄σ¶ΣΞεΦΠιθ―:723ebc591b-723ebc591b

ε·¥δ½η«™:Π΅µκ¶ώ΄σ¶ΣΞεΦΠιθ―:723ebc591b-723ebc591b

ε·¥δ½η«™:Π΅µκ¶ώ΄σ¶ΣΞεΦΠιθ―:723ebc591b-723ebc591b

ε·¥δ½η«™:Π΅µκ¶ώ΄σ¶ΣΞεΦΠιθ―:723ebc591b-723ebc591b

ε·¥δ½η«™:Π΅µκ¶ώ΄σ¶ΣΞεΦΠιθ―:723ebc591b-723ebc591b

ε·¥δ½η«™:Π΅µκ¶ώ΄σ¶ΣΞεΦΠιθ―:723ebc591b-723ebc591b

ε·¥δ½η«™:Π΅µκ¶ώ΄σ¶ΣΞεΦΠιθ―:723ebc591b-723ebc591b

ε·¥δ½η«™:Π΅µκ¶ώ΄σ¶ΣΞεΦΠιθ―:723ebc591b-723ebc591b

ε·¥δ½η«™:Π΅µκ¶ώ΄σ¶ΣΞεΦΠιθ―:723ebc591b-723ebc591b

ε·¥δ½η«™:Π΅µκ¶ώ΄σ¶ΣΞεΦΠιθ―:723ebc591b-723ebc591b

ε·¥δ½η«™:Π΅µκ¶ώ΄σ¶ΣΞεΦΠιθ―:723ebc591b-723ebc591b

ε·¥δ½η«™:Π΅µκ¶ώ΄σ¶ΣΞεΦΠιθ―:723ebc591b-723ebc591b

ε·¥δ½η«™:Π΅µκ¶ώ΄σ¶ΣΞεΦΠιθ―:723ebc591b-723ebc591b

ε·¥δ½η«™:Π΅µκ¶ώ΄σ¶ΣΞεΦΠιθ―:723ebc591b-723ebc591b

ε·¥δ½η«™:Π΅µκ¶ώ΄σ¶ΣΞεΦΠιθ―:723ebc591b-723ebc591b

ε·¥δ½η«™:Π΅µκ¶ώ΄σ¶ΣΞεΦΠιθ―:723ebc591b-723ebc591b

ε·¥δ½η«™:Π΅µκ¶ώ΄σ¶ΣΞεΦΠιθ―:723ebc591b-723ebc591b

ε·¥δ½η«™:Π΅µκ¶ώ΄σ¶ΣΞεΦΠιθ―:723ebc591b-723ebc591b

ε·¥δ½η«™:Π΅µκ¶ώ΄σ¶ΣΞεΦΠιθ―:723ebc591b-723ebc591b

ε·¥δ½η«™:Π΅µκ¶ώ΄σ¶ΣΞεΦΠιθ―:723ebc591b-723ebc591b

ε·¥δ½η«™:Π΅µκ¶ώ΄σ¶ΣΞεΦΠιθ―:723ebc591b-723ebc591b

ε·¥δ½η«™:Π΅µκ¶ώ΄σ¶ΣΞεΦΠιθ―:723ebc591b-723ebc591b

ε·¥δ½η«™:Π΅µκ¶ώ΄σ¶ΣΞεΦΠιθ―:723ebc591b-723ebc591b

ε·¥δ½η«™:Π΅µκ¶ώ΄σ¶ΣΞεΦΠιθ―:723ebc591b-723ebc591b

ε·¥δ½η«™:AAAιθ―:444571b653-444571b653

{"modtime":"2017-08-01 14:33:54","online":"1","startime":"2017-08-01 14:33:54","lastime":"-0001-11-30 00:00:00"}

ε·¥δ½η«™:AAAιθ―:444571b653-444571b653

{"modtime":"2017-08-01 14:34:06","online":"1","lastime":"2017-08-01 14:33:54"}

ε·¥δ½η«™:AAAιθ―:444571b653-444571b653

{"modtime":"2017-08-01 14:34:53","online":"1","lastime":"2017-08-01 14:34:06"}

ε·¥δ½η«™:Π΅µκ¶ώ΄σ¶ΣΞεΦΠιθ―:723ebc591b-723ebc591b

ε·¥δ½η«™:Π΅µκ¶ώ΄σ¶ΣΞεΦΠιθ―:723ebc591b-723ebc591b

ε·¥δ½η«™:AAAιθ―:444571b653-444571b653

{"modtime":"2017-08-01 14:37:52","online":"1","lastime":"2017-08-01 14:34:53"}

ε·¥δ½η«™:AAAιθ―:444571b653-444571b653

{"modtime":"2017-08-01 14:38:04","online":"1","lastime":"2017-08-01 14:37:52"}

ε·¥δ½η«™:AAAιθ―:444571b653-444571b653

{"modtime":"2017-08-01 14:38:22","online":"1","lastime":"2017-08-01 14:38:04"}

ε·¥δ½η«™:AAAιθ―:444571b653-444571b653

{"modtime":"2017-08-01 14:38:34","online":"1","lastime":"2017-08-01 14:38:22"}

ε·¥δ½η«™:AAAιθ―:444571b653-444571b653

{"modtime":"2017-08-01 14:38:46","online":"1","lastime":"2017-08-01 14:38:34"}

ε·¥δ½η«™:AAAιθ―:444571b653-444571b653

{"modtime":"2017-08-01 14:38:53","online":"1","lastime":"2017-08-01 14:38:46"}

ε·¥δ½η«™:AAAιθ―:444571b653-444571b653

{"modtime":"2017-08-01 14:38:58","online":"1","lastime":"2017-08-01 14:38:53"}

ε·¥δ½η«™:AAAιθ―:444571b653-444571b653

{"modtime":"2017-08-01 14:39:10","online":"1","lastime":"2017-08-01 14:38:58"}

ε·¥δ½η«™:AAAιθ―:444571b653-444571b653

{"modtime":"2017-08-01 14:39:22","online":"1","lastime":"2017-08-01 14:39:10"}

ε·¥δ½η«™:AAAιθ―:444571b653-444571b653

{"modtime":"2017-08-01 14:39:34","online":"1","lastime":"2017-08-01 14:39:22"}

ε·¥δ½η«™:AAAιθ―:444571b653-444571b653

{"modtime":"2017-08-01 14:39:46","online":"1","lastime":"2017-08-01 14:39:34"}

ε·¥δ½η«™:AAAιθ―:444571b653-444571b653

{"modtime":"2017-08-01 14:39:58","online":"1","lastime":"2017-08-01 14:39:46"}

ε·¥δ½η«™:AAAιθ―:444571b653-444571b653

{"modtime":"2017-08-01 14:40:10","online":"1","lastime":"2017-08-01 14:39:58"}

ε·¥δ½η«™:AAAιθ―:444571b653-444571b653

{"modtime":"2017-08-01 14:40:22","online":"1","lastime":"2017-08-01 14:40:10"}

ε·¥δ½η«™:AAAιθ―:444571b653-444571b653

{"modtime":"2017-08-01 14:40:34","online":"1","lastime":"2017-08-01 14:40:22"}

ε·¥δ½η«™:AAAιθ―:444571b653-444571b653

{"modtime":"2017-08-01 14:40:46","online":"1","lastime":"2017-08-01 14:40:34"}

ε·¥δ½η«™:AAAιθ―:444571b653-444571b653

{"modtime":"2017-08-01 14:40:58","online":"1","lastime":"2017-08-01 14:40:46"}

ε·¥δ½η«™:AAAιθ―:444571b653-444571b653

{"modtime":"2017-08-01 14:41:10","online":"1","lastime":"2017-08-01 14:40:58"}

ε·¥δ½η«™:AAAιθ―:444571b653-444571b653

{"modtime":"2017-08-01 14:41:22","online":"1","lastime":"2017-08-01 14:41:10"}

ε·¥δ½η«™:AAAιθ―:444571b653-444571b653

{"modtime":"2017-08-01 14:41:34","online":"1","lastime":"2017-08-01 14:41:22"}

ε·¥δ½η«™:AAAιθ―:444571b653-444571b653

{"modtime":"2017-08-01 14:41:46","online":"1","lastime":"2017-08-01 14:41:34"}

ε·¥δ½η«™:AAAιθ―:444571b653-444571b653

{"modtime":"2017-08-01 14:41:58","online":"1","lastime":"2017-08-01 14:41:46"}

ε·¥δ½η«™:AAAιθ―:444571b653-444571b653

{"modtime":"2017-08-01 14:42:10","online":"1","lastime":"2017-08-01 14:41:58"}

ε·¥δ½η«™:AAAιθ―:444571b653-444571b653

{"modtime":"2017-08-01 14:42:22","online":"1","lastime":"2017-08-01 14:42:10"}

ε·¥δ½η«™:AAAιθ―:444571b653-444571b653

{"modtime":"2017-08-01 14:42:34","online":"1","lastime":"2017-08-01 14:42:22"}

ε·¥δ½η«™:AAAιθ―:444571b653-444571b653

{"modtime":"2017-08-01 14:42:46","online":"1","lastime":"2017-08-01 14:42:34"}

ε·¥δ½η«™:AAAιθ―:444571b653-444571b653

{"modtime":"2017-08-01 14:42:58","online":"1","lastime":"2017-08-01 14:42:46"}

ε·¥δ½η«™:AAAιθ―:444571b653-444571b653

{"modtime":"2017-08-01 14:43:10","online":"1","lastime":"2017-08-01 14:42:58"}

ε·¥δ½η«™:AAAιθ―:444571b653-444571b653

{"modtime":"2017-08-01 14:43:22","online":"1","lastime":"2017-08-01 14:43:10"}

ε·¥δ½η«™:AAAιθ―:444571b653-444571b653

{"modtime":"2017-08-01 14:43:34","online":"1","lastime":"2017-08-01 14:43:22"}

ε·¥δ½η«™:AAAιθ―:444571b653-444571b653

{"modtime":"2017-08-01 14:43:46","online":"1","lastime":"2017-08-01 14:43:34"}

ε·¥δ½η«™:AAAιθ―:444571b653-444571b653

{"modtime":"2017-08-01 14:43:58","online":"1","lastime":"2017-08-01 14:43:46"}

ε·¥δ½η«™:AAAιθ―:444571b653-444571b653

{"modtime":"2017-08-01 14:44:10","online":"1","lastime":"2017-08-01 14:43:58"}

ε·¥δ½η«™:AAAιθ―:444571b653-444571b653

{"modtime":"2017-08-01 14:45:46","online":"1","lastime":"2017-08-01 14:44:10"}

ε·¥δ½η«™:AAAιθ―:444571b653-444571b653

{"modtime":"2017-08-01 14:45:58","online":"1","lastime":"2017-08-01 14:45:46"}

ε·¥δ½η«™:AAAιθ―:444571b653-444571b653

{"modtime":"2017-08-01 14:46:10","online":"1","lastime":"2017-08-01 14:45:58"}

ε·¥δ½η«™:AAAιθ―:444571b653-444571b653

{"modtime":"2017-08-01 14:46:22","online":"1","lastime":"2017-08-01 14:46:10"}

ε·¥δ½η«™:AAAιθ―:444571b653-444571b653

{"modtime":"2017-08-01 14:46:34","online":"1","lastime":"2017-08-01 14:46:22"}

ε·¥δ½η«™:AAAιθ―:444571b653-444571b653

{"modtime":"2017-08-01 14:46:46","online":"1","lastime":"2017-08-01 14:46:34"}

ε·¥δ½η«™:AAAιθ―:444571b653-444571b653

{"modtime":"2017-08-01 14:46:58","online":"1","lastime":"2017-08-01 14:46:46"}

ε·¥δ½η«™:AAAιθ―:444571b653-444571b653

{"modtime":"2017-08-01 14:47:10","online":"1","lastime":"2017-08-01 14:46:58"}

ε·¥δ½η«™:AAAιθ―:444571b653-444571b653

{"modtime":"2017-08-01 14:47:22","online":"1","lastime":"2017-08-01 14:47:10"}

ε·¥δ½η«™:AAAιθ―:444571b653-444571b653

{"modtime":"2017-08-01 14:47:34","online":"1","lastime":"2017-08-01 14:47:22"}

ε·¥δ½η«™:AAAιθ―:444571b653-444571b653

{"modtime":"2017-08-01 14:47:46","online":"1","lastime":"2017-08-01 14:47:34"}

ε·¥δ½η«™:AAAιθ―:444571b653-444571b653

{"modtime":"2017-08-01 14:47:58","online":"1","lastime":"2017-08-01 14:47:46"}

ε·¥δ½η«™:AAAιθ―:444571b653-444571b653

{"modtime":"2017-08-01 14:48:10","online":"1","lastime":"2017-08-01 14:47:58"}

ε·¥δ½η«™:AAAιθ―:444571b653-444571b653

{"modtime":"2017-08-01 14:48:22","online":"1","lastime":"2017-08-01 14:48:10"}

ε·¥δ½η«™:AAAιθ―:444571b653-444571b653

{"modtime":"2017-08-01 14:48:34","online":"1","lastime":"2017-08-01 14:48:22"}

ε·¥δ½η«™:AAAιθ―:444571b653-444571b653

{"modtime":"2017-08-01 14:48:46","online":"1","lastime":"2017-08-01 14:48:34"}

ε·¥δ½η«™:AAAιθ―:444571b653-444571b653

{"modtime":"2017-08-01 14:48:58","online":"1","lastime":"2017-08-01 14:48:46"}

ε·¥δ½η«™:AAAιθ―:444571b653-444571b653

{"modtime":"2017-08-01 14:49:11","online":"1","lastime":"2017-08-01 14:48:58"}

ε·¥δ½η«™:AAAιθ―:444571b653-444571b653

{"modtime":"2017-08-01 14:49:23","online":"1","lastime":"2017-08-01 14:49:11"}

ε·¥δ½η«™:AAAιθ―:444571b653-444571b653

{"modtime":"2017-08-01 14:49:35","online":"1","lastime":"2017-08-01 14:49:23"}

ε·¥δ½η«™:AAAιθ―:444571b653-444571b653

{"modtime":"2017-08-01 14:49:47","online":"1","lastime":"2017-08-01 14:49:35"}

ε·¥δ½η«™:AAAιθ―:444571b653-444571b653

{"modtime":"2017-08-01 14:49:59","online":"1","lastime":"2017-08-01 14:49:47"}

ε·¥δ½η«™:AAAιθ―:444571b653-444571b653

{"modtime":"2017-08-01 14:50:11","online":"1","lastime":"2017-08-01 14:49:59"}

ε·¥δ½η«™:AAAιθ―:444571b653-444571b653

{"modtime":"2017-08-01 14:50:23","online":"1","lastime":"2017-08-01 14:50:11"}

ε·¥δ½η«™:AAAιθ―:444571b653-444571b653

{"modtime":"2017-08-01 14:50:35","online":"1","lastime":"2017-08-01 14:50:23"}

ε·¥δ½η«™:AAAιθ―:444571b653-444571b653

{"modtime":"2017-08-01 14:50:47","online":"1","lastime":"2017-08-01 14:50:35"}

ε·¥δ½η«™:AAAιθ―:444571b653-444571b653

{"modtime":"2017-08-01 14:50:59","online":"1","lastime":"2017-08-01 14:50:47"}

ε·¥δ½η«™:AAAιθ―:444571b653-444571b653

{"modtime":"2017-08-01 14:51:11","online":"1","lastime":"2017-08-01 14:50:59"}

ε·¥δ½η«™:AAAιθ―:444571b653-444571b653

{"modtime":"2017-08-01 14:51:23","online":"1","lastime":"2017-08-01 14:51:11"}

ε·¥δ½η«™:AAAιθ―:444571b653-444571b653

{"modtime":"2017-08-01 14:51:35","online":"1","lastime":"2017-08-01 14:51:23"}

ε·¥δ½η«™:AAAιθ―:444571b653-444571b653

{"modtime":"2017-08-01 14:51:47","online":"1","lastime":"2017-08-01 14:51:35"}

ε·¥δ½η«™:AAAιθ―:444571b653-444571b653

{"modtime":"2017-08-01 14:51:59","online":"1","lastime":"2017-08-01 14:51:47"}

ε·¥δ½η«™:AAAιθ―:444571b653-444571b653

{"modtime":"2017-08-01 14:52:11","online":"1","lastime":"2017-08-01 14:51:59"}

ε·¥δ½η«™:AAAιθ―:444571b653-444571b653

{"modtime":"2017-08-01 14:52:23","online":"1","lastime":"2017-08-01 14:52:11"}

ε·¥δ½η«™:AAAιθ―:444571b653-444571b653

{"modtime":"2017-08-01 14:52:35","online":"1","lastime":"2017-08-01 14:52:23"}

ε·¥δ½η«™:AAAιθ―:444571b653-444571b653

{"modtime":"2017-08-01 14:52:47","online":"1","lastime":"2017-08-01 14:52:35"}

ε·¥δ½η«™:AAAιθ―:444571b653-444571b653

{"modtime":"2017-08-01 14:56:20","online":"1","lastime":"2017-08-01 14:52:47"}

ε·¥δ½η«™:AAAιθ―:444571b653-444571b653

{"modtime":"2017-08-01 14:56:32","online":"1","lastime":"2017-08-01 14:56:20"}

ε·¥δ½η«™:AAAιθ―:444571b653-444571b653

{"modtime":"2017-08-01 14:56:44","online":"1","lastime":"2017-08-01 14:56:32"}

ε·¥δ½η«™:AAAιθ―:444571b653-444571b653

{"modtime":"2017-08-01 14:56:56","online":"1","lastime":"2017-08-01 14:56:44"}

ε·¥δ½η«™:AAAιθ―:444571b653-444571b653

{"modtime":"2017-08-01 14:57:08","online":"1","lastime":"2017-08-01 14:56:56"}

ε·¥δ½η«™:AAAιθ―:444571b653-444571b653

{"modtime":"2017-08-01 14:57:20","online":"1","lastime":"2017-08-01 14:57:08"}

ε·¥δ½η«™:AAAιθ―:444571b653-444571b653

{"modtime":"2017-08-01 14:57:32","online":"1","lastime":"2017-08-01 14:57:20"}

ε·¥δ½η«™:AAAιθ―:444571b653-444571b653

{"modtime":"2017-08-01 14:57:44","online":"1","lastime":"2017-08-01 14:57:32"}

ε·¥δ½η«™:AAAιθ―:444571b653-444571b653

{"modtime":"2017-08-01 14:57:56","online":"1","lastime":"2017-08-01 14:57:44"}

ε·¥δ½η«™:AAAιθ―:444571b653-444571b653

{"modtime":"2017-08-01 14:58:08","online":"1","lastime":"2017-08-01 14:57:56"}

ε·¥δ½η«™:AAAιθ―:444571b653-444571b653

{"modtime":"2017-08-01 14:58:20","online":"1","lastime":"2017-08-01 14:58:08"}

ε·¥δ½η«™:AAAιθ―:444571b653-444571b653

{"modtime":"2017-08-01 14:58:32","online":"1","lastime":"2017-08-01 14:58:20"}

ε·¥δ½η«™:AAAιθ―:444571b653-444571b653

{"modtime":"2017-08-01 14:58:44","online":"1","lastime":"2017-08-01 14:58:32"}

ε·¥δ½η«™:AAAιθ―:444571b653-444571b653

{"modtime":"2017-08-01 14:58:56","online":"1","lastime":"2017-08-01 14:58:44"}

ε·¥δ½η«™:AAAιθ―:444571b653-444571b653

{"modtime":"2017-08-01 14:59:08","online":"1","lastime":"2017-08-01 14:58:56"}

ε·¥δ½η«™:AAAιθ―:444571b653-444571b653

{"modtime":"2017-08-01 14:59:20","online":"1","lastime":"2017-08-01 14:59:08"}

ε·¥δ½η«™:AAAιθ―:444571b653-444571b653

{"modtime":"2017-08-01 14:59:32","online":"1","lastime":"2017-08-01 14:59:20"}

ε·¥δ½η«™:AAAιθ―:444571b653-444571b653

{"modtime":"2017-08-01 14:59:44","online":"1","lastime":"2017-08-01 14:59:32"}

ε·¥δ½η«™:AAAιθ―:444571b653-444571b653

{"modtime":"2017-08-01 14:59:56","online":"1","lastime":"2017-08-01 14:59:44"}

ε·¥δ½η«™:AAAιθ―:444571b653-444571b653

{"modtime":"2017-08-01 15:00:08","online":"1","lastime":"2017-08-01 14:59:56"}

ε·¥δ½η«™:AAAιθ―:444571b653-444571b653

{"modtime":"2017-08-01 15:00:20","online":"1","lastime":"2017-08-01 15:00:08"}

ε·¥δ½η«™:AAAιθ―:444571b653-444571b653

{"modtime":"2017-08-01 15:00:32","online":"1","lastime":"2017-08-01 15:00:20"}

ε·¥δ½η«™:AAAιθ―:444571b653-444571b653

{"modtime":"2017-08-01 15:00:44","online":"1","lastime":"2017-08-01 15:00:32"}

ε·¥δ½η«™:AAAιθ―:444571b653-444571b653

{"modtime":"2017-08-01 15:00:56","online":"1","lastime":"2017-08-01 15:00:44"}

ε·¥δ½η«™:AAAιθ―:444571b653-444571b653

{"modtime":"2017-08-01 15:01:08","online":"1","lastime":"2017-08-01 15:00:56"}

ε·¥δ½η«™:AAAιθ―:444571b653-444571b653

{"modtime":"2017-08-01 15:01:20","online":"1","lastime":"2017-08-01 15:01:08"}

ε·¥δ½η«™:AAAιθ―:444571b653-444571b653

{"modtime":"2017-08-01 15:01:32","online":"1","lastime":"2017-08-01 15:01:20"}

ε·¥δ½η«™:AAAιθ―:444571b653-444571b653

{"modtime":"2017-08-01 15:01:44","online":"1","lastime":"2017-08-01 15:01:32"}

ε·¥δ½η«™:AAAιθ―:444571b653-444571b653

{"modtime":"2017-08-01 15:01:56","online":"1","lastime":"2017-08-01 15:01:44"}

ε·¥δ½η«™:AAAιθ―:444571b653-444571b653

{"modtime":"2017-08-01 15:02:08","online":"1","lastime":"2017-08-01 15:01:56"}

ε·¥δ½η«™:AAAιθ―:444571b653-444571b653

{"modtime":"2017-08-01 15:02:20","online":"1","lastime":"2017-08-01 15:02:08"}

ε·¥δ½η«™:AAAιθ―:444571b653-444571b653

{"modtime":"2017-08-01 15:02:32","online":"1","lastime":"2017-08-01 15:02:20"}

ε·¥δ½η«™:AAAιθ―:444571b653-444571b653

{"modtime":"2017-08-01 15:02:44","online":"1","lastime":"2017-08-01 15:02:32"}

ε·¥δ½η«™:AAAιθ―:444571b653-444571b653

{"modtime":"2017-08-01 15:04:09","online":"1","lastime":"2017-08-01 15:02:44"}

ε·¥δ½η«™:AAAιθ―:444571b653-444571b653

{"modtime":"2017-08-01 15:04:21","online":"1","lastime":"2017-08-01 15:04:09"}

ε·¥δ½η«™:AAAιθ―:444571b653-444571b653

{"modtime":"2017-08-01 15:04:33","online":"1","lastime":"2017-08-01 15:04:21"}

ε·¥δ½η«™:AAAιθ―:444571b653-444571b653

{"modtime":"2017-08-01 15:04:45","online":"1","lastime":"2017-08-01 15:04:33"}

ε·¥δ½η«™:AAAιθ―:444571b653-444571b653

{"modtime":"2017-08-01 15:04:52","online":"1","lastime":"2017-08-01 15:04:45"}

ε·¥δ½η«™:AAAιθ―:444571b653-444571b653

{"modtime":"2017-08-01 15:04:57","online":"1","lastime":"2017-08-01 15:04:52"}

ε·¥δ½η«™:AAAιθ―:444571b653-444571b653

{"modtime":"2017-08-01 15:05:09","online":"1","lastime":"2017-08-01 15:04:57"}

ε·¥δ½η«™:AAAιθ―:444571b653-444571b653

{"modtime":"2017-08-01 15:05:21","online":"1","lastime":"2017-08-01 15:05:09"}

ε·¥δ½η«™:AAAιθ―:444571b653-444571b653

{"modtime":"2017-08-01 15:05:34","online":"1","lastime":"2017-08-01 15:05:21"}

ε·¥δ½η«™:AAAιθ―:444571b653-444571b653

{"modtime":"2017-08-01 15:05:46","online":"1","lastime":"2017-08-01 15:05:34"}

ε·¥δ½η«™:AAAιθ―:444571b653-444571b653

{"modtime":"2017-08-01 15:05:58","online":"1","lastime":"2017-08-01 15:05:46"}

ε·¥δ½η«™:AAAιθ―:444571b653-444571b653

{"modtime":"2017-08-01 15:06:10","online":"1","lastime":"2017-08-01 15:05:58"}

ε·¥δ½η«™:AAAιθ―:444571b653-444571b653

{"modtime":"2017-08-01 15:06:22","online":"1","lastime":"2017-08-01 15:06:10"}

ε·¥δ½η«™:AAAιθ―:444571b653-444571b653

{"modtime":"2017-08-01 15:06:34","online":"1","lastime":"2017-08-01 15:06:22"}

ε·¥δ½η«™:AAAιθ―:444571b653-444571b653

{"modtime":"2017-08-01 15:06:46","online":"1","lastime":"2017-08-01 15:06:34"}

ε·¥δ½η«™:AAAιθ―:444571b653-444571b653

{"modtime":"2017-08-01 15:06:58","online":"1","lastime":"2017-08-01 15:06:46"}

ε·¥δ½η«™:AAAιθ―:444571b653-444571b653

{"modtime":"2017-08-01 15:07:10","online":"1","lastime":"2017-08-01 15:06:58"}

ε·¥δ½η«™:AAAιθ―:444571b653-444571b653

{"modtime":"2017-08-01 15:07:22","online":"1","lastime":"2017-08-01 15:07:10"}

ε·¥δ½η«™:AAAιθ―:444571b653-444571b653

{"modtime":"2017-08-01 15:07:34","online":"1","lastime":"2017-08-01 15:07:22"}

ε·¥δ½η«™:AAAιθ―:444571b653-444571b653

{"modtime":"2017-08-01 15:07:46","online":"1","lastime":"2017-08-01 15:07:34"}

ε·¥δ½η«™:AAAιθ―:444571b653-444571b653

{"modtime":"2017-08-01 15:07:58","online":"1","lastime":"2017-08-01 15:07:46"}

ε·¥δ½η«™:AAAιθ―:444571b653-444571b653

{"modtime":"2017-08-01 15:08:10","online":"1","lastime":"2017-08-01 15:07:58"}

ε·¥δ½η«™:AAAιθ―:444571b653-444571b653

{"modtime":"2017-08-01 15:08:22","online":"1","lastime":"2017-08-01 15:08:10"}

ε·¥δ½η«™:AAAιθ―:444571b653-444571b653

{"modtime":"2017-08-01 15:08:34","online":"1","lastime":"2017-08-01 15:08:22"}

ε·¥δ½η«™:AAAιθ―:444571b653-444571b653

{"modtime":"2017-08-01 15:08:46","online":"1","lastime":"2017-08-01 15:08:34"}

ε·¥δ½η«™:AAAιθ―:444571b653-444571b653

{"modtime":"2017-08-01 15:08:58","online":"1","lastime":"2017-08-01 15:08:46"}

ε·¥δ½η«™:AAAιθ―:444571b653-444571b653

{"modtime":"2017-08-01 15:09:10","online":"1","lastime":"2017-08-01 15:08:58"}

ε·¥δ½η«™:AAAιθ―:444571b653-444571b653

{"modtime":"2017-08-01 15:09:22","online":"1","lastime":"2017-08-01 15:09:10"}

ε·¥δ½η«™:AAAιθ―:444571b653-444571b653

{"modtime":"2017-08-01 15:36:37","online":"1","startime":"2017-08-01 15:36:37","lastime":"2017-08-01 15:09:22"}

ε·¥δ½η«™:AAAιθ―:444571b653-444571b653

{"modtime":"2017-08-01 15:38:37","online":"1","lastime":"2017-08-01 15:36:37"}

ε·¥δ½η«™:AAAιθ―:444571b653-444571b653

{"modtime":"2017-08-01 15:40:37","online":"1","lastime":"2017-08-01 15:38:37"}

ε·¥δ½η«™:AAAιθ―:444571b653-444571b653

{"modtime":"2017-08-01 15:42:37","online":"1","lastime":"2017-08-01 15:40:37"}

ε·¥δ½η«™:AAAιθ―:444571b653-444571b653

{"modtime":"2017-08-01 15:44:37","online":"1","lastime":"2017-08-01 15:42:37"}

ε·¥δ½η«™:Π΅µκ¶ώ΄σ¶ΣΧΫΊΟιθ―:7205684c27-7205684c27

ε·¥δ½η«™:Π΅µκ¶ώ΄σ¶ΣΘύΦΠιθ―:1984e9bac0-1984e9bac0

ε·¥δ½η«™:Π΅µκ¶ώ΄σ¶ΣΛΔΦΠιθ―:c659944651-c659944651

ε·¥δ½η«™:Π΅µκ¶ώ΄σ¶ΣΧΫΊΟιθ―:7205684c27-7205684c27

ε·¥δ½η«™:Π΅µκ¶ώ΄σ¶ΣΧΫΊΟιθ―:7205684c27-7205684c27

ε·¥δ½η«™:Π΅µκ¶ώ΄σ¶ΣΧΫΊΟιθ―:7205684c27-7205684c27

ε·¥δ½η«™:Π΅µκ¶ώ΄σ¶ΣΛΔΦΠιθ―:c659944651-c659944651

ε·¥δ½η«™:Π΅µκ¶ώ΄σ¶ΣΧΫΊΟιθ―:7205684c27-7205684c27

ε·¥δ½η«™:Π΅µκ¶ώ΄σ¶ΣΧΫΊΟιθ―:7205684c27-7205684c27

ε·¥δ½η«™:Π΅µκ¶ώ΄σ¶ΣΧΫΊΟιθ―:7205684c27-7205684c27

ε·¥δ½η«™:Π΅µκ¶ώ΄σ¶ΣΛΔΦΠιθ―:c659944651-c659944651

ε·¥δ½η«™:Π΅µκ¶ώ΄σ¶ΣΧΫΊΟιθ―:7205684c27-7205684c27

ε·¥δ½η«™:Π΅µκ¶ώ΄σ¶ΣΧΫΊΟιθ―:7205684c27-7205684c27

ε·¥δ½η«™:Π΅µκ¶ώ΄σ¶ΣΛΔΦΠιθ―:c659944651-c659944651

ε·¥δ½η«™:Π΅µκ¶ώ΄σ¶ΣΧΫΊΟιθ―:7205684c27-7205684c27

ε·¥δ½η«™:Π΅µκ¶ώ΄σ¶ΣΛΔΦΠιθ―:c659944651-c659944651

ε·¥δ½η«™:Π΅µκ¶ώ΄σ¶ΣΧΫΊΟιθ―:7205684c27-7205684c27

ε·¥δ½η«™:Π΅µκ¶ώ΄σ¶ΣΧΫΊΟιθ―:7205684c27-7205684c27

ε·¥δ½η«™:Π΅µκ¶ώ΄σ¶ΣΧΫΊΟιθ―:7205684c27-7205684c27

ε·¥δ½η«™:Π΅µκ¶ώ΄σ¶ΣΧΫΊΟιθ―:7205684c27-7205684c27

ε·¥δ½η«™:Π΅µκ¶ώ΄σ¶ΣΧΫΊΟιθ―:7205684c27-7205684c27

ε·¥δ½η«™:Π΅µκ¶ώ΄σ¶ΣΧΫΊΟιθ―:7205684c27-7205684c27

ε·¥δ½η«™:Π΅µκ¶ώ΄σ¶ΣΧΫΊΟιθ―:7205684c27-7205684c27

ε·¥δ½η«™:Π΅µκ¶ώ΄σ¶ΣΧΫΊΟιθ―:7205684c27-7205684c27

ε·¥δ½η«™:Π΅µκ¶ώ΄σ¶ΣΘύΦΠιθ―:1984e9bac0-1984e9bac0

ε·¥δ½η«™:Π΅µκ¶ώ΄σ¶ΣΧΫΊΟιθ―:7205684c27-7205684c27

ε·¥δ½η«™:Π΅µκ¶ώ΄σ¶ΣΧΫΊΟιθ―:7205684c27-7205684c27

ε·¥δ½η«™:Π΅µκ¶ώ΄σ¶ΣΧΫΊΟιθ―:7205684c27-7205684c27

ε·¥δ½η«™:Π΅µκ¶ώ΄σ¶ΣΧΫΊΟιθ―:7205684c27-7205684c27

ε·¥δ½η«™:Π΅µκ¶ώ΄σ¶ΣΧΫΊΟιθ―:7205684c27-7205684c27

ε·¥δ½η«™:Π΅µκ¶ώ΄σ¶ΣΧΫΊΟιθ―:7205684c27-7205684c27

ε·¥δ½η«™:Π΅µκ¶ώ΄σ¶ΣΧΫΊΟιθ―:7205684c27-7205684c27

ε·¥δ½η«™:Π΅µκ¶ώ΄σ¶ΣΧΫΊΟιθ―:7205684c27-7205684c27

ε·¥δ½η«™:Π΅µκ¶ώ΄σ¶ΣΧΫΊΟιθ―:7205684c27-7205684c27

ε·¥δ½η«™:Π΅µκ¶ώ΄σ¶ΣΧΫΊΟιθ―:7205684c27-7205684c27

ε·¥δ½η«™:Π΅µκ¶ώ΄σ¶ΣΧΫΊΟιθ―:7205684c27-7205684c27

ε·¥δ½η«™:Π΅µκ¶ώ΄σ¶ΣΞεΦΠιθ―:723ebc591b-723ebc591b

ε·¥δ½η«™:Π΅µκ¶ώ΄σ¶ΣΧΫΊΟιθ―:7205684c27-7205684c27

ε·¥δ½η«™:Π΅µκ¶ώ΄σ¶ΣΧΫΊΟιθ―:7205684c27-7205684c27

ε·¥δ½η«™:Π΅µκ¶ώ΄σ¶ΣΧΫΊΟιθ―:7205684c27-7205684c27

ε·¥δ½η«™:Π΅µκ¶ώ΄σ¶ΣΧΫΊΟιθ―:7205684c27-7205684c27

ε·¥δ½η«™:Π΅µκ¶ώ΄σ¶ΣΞεΦΠιθ―:723ebc591b-723ebc591b

ε·¥δ½η«™:Π΅µκ¶ώ΄σ¶ΣΧΫΊΟιθ―:7205684c27-7205684c27

ε·¥δ½η«™:Π΅µκ¶ώ΄σ¶ΣΞεΦΠιθ―:723ebc591b-723ebc591b

ε·¥δ½η«™:Π΅µκ¶ώ΄σ¶ΣΞεΦΠιθ―:723ebc591b-723ebc591b

ε·¥δ½η«™:Π΅µκ¶ώ΄σ¶ΣΞεΦΠιθ―:723ebc591b-723ebc591b

ε·¥δ½η«™:Π΅µκ¶ώ΄σ¶ΣΧΫΊΟιθ―:7205684c27-7205684c27

ε·¥δ½η«™:Π΅µκ¶ώ΄σ¶ΣΧΫΊΟιθ―:7205684c27-7205684c27

ε·¥δ½η«™:Π΅µκ¶ώ΄σ¶ΣΧΫΊΟιθ―:7205684c27-7205684c27

ε·¥δ½η«™:Π΅µκ¶ώ΄σ¶ΣΧΫΊΟιθ―:7205684c27-7205684c27

ε·¥δ½η«™:Π΅µκ¶ώ΄σ¶ΣΧΫΊΟιθ―:7205684c27-7205684c27

ε·¥δ½η«™:Π΅µκ¶ώ΄σ¶ΣΧΫΊΟιθ―:7205684c27-7205684c27

ε·¥δ½η«™:Π΅µκ¶ώ΄σ¶ΣΧΫΊΟιθ―:7205684c27-7205684c27

ε·¥δ½η«™:Π΅µκ¶ώ΄σ¶ΣΧΫΊΟιθ―:7205684c27-7205684c27

ε·¥δ½η«™:Π΅µκ¶ώ΄σ¶ΣΧΫΊΟιθ―:7205684c27-7205684c27

ε·¥δ½η«™:Π΅µκ¶ώ΄σ¶ΣΧΫΊΟιθ―:7205684c27-7205684c27

ε·¥δ½η«™:Π΅µκ¶ώ΄σ¶ΣΧΫΊΟιθ―:7205684c27-7205684c27

ε·¥δ½η«™:Π΅µκ¶ώ΄σ¶ΣΧΫΊΟιθ―:7205684c27-7205684c27

ε·¥δ½η«™:Π΅µκ¶ώ΄σ¶ΣΧΫΊΟιθ―:7205684c27-7205684c27

ε·¥δ½η«™:Π΅µκ¶ώ΄σ¶ΣΧΫΊΟιθ―:7205684c27-7205684c27

ε·¥δ½η«™:Π΅µκ¶ώ΄σ¶ΣΧΫΊΟιθ―:7205684c27-7205684c27

ε·¥δ½η«™:Π΅µκ¶ώ΄σ¶ΣΧΫΊΟιθ―:7205684c27-7205684c27

ε·¥δ½η«™:Π΅µκ¶ώ΄σ¶ΣΧΫΊΟιθ―:7205684c27-7205684c27

ε·¥δ½η«™:Π΅µκ¶ώ΄σ¶ΣΧΫΊΟιθ―:7205684c27-7205684c27

ε·¥δ½η«™:Π΅µκ¶ώ΄σ¶ΣΧΫΊΟιθ―:7205684c27-7205684c27

ε·¥δ½η«™:Π΅µκ¶ώ΄σ¶ΣΧΫΊΟιθ―:7205684c27-7205684c27

ε·¥δ½η«™:Π΅µκ¶ώ΄σ¶ΣΧΫΊΟιθ―:7205684c27-7205684c27

ε·¥δ½η«™:Π΅µκ¶ώ΄σ¶ΣΧΫΊΟιθ―:7205684c27-7205684c27

ε·¥δ½η«™:Π΅µκ¶ώ΄σ¶ΣΧΫΊΟιθ―:7205684c27-7205684c27

ε·¥δ½η«™:Π΅µκ¶ώ΄σ¶ΣΧΫΊΟιθ―:7205684c27-7205684c27

ε·¥δ½η«™:Π΅µκ¶ώ΄σ¶ΣΧΫΊΟιθ―:7205684c27-7205684c27

ε·¥δ½η«™:Π΅µκ¶ώ΄σ¶ΣΧΫΊΟιθ―:7205684c27-7205684c27

ε·¥δ½η«™:Π΅µκ¶ώ΄σ¶ΣΧΫΊΟιθ―:7205684c27-7205684c27

ε·¥δ½η«™:Π΅µκ¶ώ΄σ¶ΣΧΫΊΟιθ―:7205684c27-7205684c27

ε·¥δ½η«™:Π΅µκ¶ώ΄σ¶ΣΧΫΊΟιθ―:7205684c27-7205684c27

ε·¥δ½η«™:Π΅µκ¶ώ΄σ¶ΣΧΫΊΟιθ―:7205684c27-7205684c27

ε·¥δ½η«™:Π΅µκ¶ώ΄σ¶ΣΧΫΊΟιθ―:7205684c27-7205684c27

ε·¥δ½η«™:Π΅µκ¶ώ΄σ¶ΣΧΫΊΟιθ―:7205684c27-7205684c27

ε·¥δ½η«™:Π΅µκ¶ώ΄σ¶ΣΧΫΊΟιθ―:7205684c27-7205684c27

ε·¥δ½η«™:Π΅µκ¶ώ΄σ¶ΣΧΫΊΟιθ―:7205684c27-7205684c27

ε·¥δ½η«™:Π΅µκ¶ώ΄σ¶ΣΧΫΊΟιθ―:7205684c27-7205684c27

ε·¥δ½η«™:Π΅µκ¶ώ΄σ¶ΣΧΫΊΟιθ―:7205684c27-7205684c27

ε·¥δ½η«™:Π΅µκ¶ώ΄σ¶ΣΧΫΊΟιθ―:7205684c27-7205684c27

ε·¥δ½η«™:Π΅µκ¶ώ΄σ¶ΣΧΫΊΟιθ―:7205684c27-7205684c27

ε·¥δ½η«™:Π΅µκ¶ώ΄σ¶ΣΧΫΊΟιθ―:7205684c27-7205684c27

ε·¥δ½η«™:Π΅µκ¶ώ΄σ¶ΣΧΫΊΟιθ―:7205684c27-7205684c27

ε·¥δ½η«™:Π΅µκ¶ώ΄σ¶ΣΧΫΊΟιθ―:7205684c27-7205684c27

ε·¥δ½η«™:Π΅µκ¶ώ΄σ¶ΣΧΫΊΟιθ―:7205684c27-7205684c27

ε·¥δ½η«™:Π΅µκ¶ώ΄σ¶ΣΧΫΊΟιθ―:7205684c27-7205684c27

ε·¥δ½η«™:Π΅µκ¶ώ΄σ¶ΣΧΫΊΟιθ―:7205684c27-7205684c27

ε·¥δ½η«™:Π΅µκ¶ώ΄σ¶ΣΧΫΊΟιθ―:7205684c27-7205684c27

ε·¥δ½η«™:Π΅µκ¶ώ΄σ¶ΣΧΫΊΟιθ―:7205684c27-7205684c27

ε·¥δ½η«™:Π΅µκ¶ώ΄σ¶ΣΧΫΊΟιθ―:7205684c27-7205684c27

ε·¥δ½η«™:Π΅µκ¶ώ΄σ¶ΣΧΫΊΟιθ―:7205684c27-7205684c27

ε·¥δ½η«™:Π΅µκ¶ώ΄σ¶ΣΧΫΊΟιθ―:7205684c27-7205684c27

ε·¥δ½η«™:Π΅µκ¶ώ΄σ¶ΣΧΫΊΟιθ―:7205684c27-7205684c27

ε·¥δ½η«™:Π΅µκ¶ώ΄σ¶ΣΧΫΊΟιθ―:7205684c27-7205684c27

ε·¥δ½η«™:Π΅µκ¶ώ΄σ¶ΣΧΫΊΟιθ―:7205684c27-7205684c27

ε·¥δ½η«™:Π΅µκ¶ώ΄σ¶ΣΧΫΊΟιθ―:7205684c27-7205684c27

ε·¥δ½η«™:Π΅µκ¶ώ΄σ¶ΣΧΫΊΟιθ―:7205684c27-7205684c27

ε·¥δ½η«™:Π΅µκ¶ώ΄σ¶ΣΧΫΊΟιθ―:7205684c27-7205684c27

ε·¥δ½η«™:Π΅µκ¶ώ΄σ¶ΣΧΫΊΟιθ―:7205684c27-7205684c27

ε·¥δ½η«™:Π΅µκ¶ώ΄σ¶ΣΧΫΊΟιθ―:7205684c27-7205684c27

ε·¥δ½η«™:Π΅µκ¶ώ΄σ¶ΣΧΫΊΟιθ―:7205684c27-7205684c27

ε·¥δ½η«™:Π΅µκ¶ώ΄σ¶ΣΧΫΊΟιθ―:7205684c27-7205684c27

ε·¥δ½η«™:Π΅µκ¶ώ΄σ¶ΣΧΫΊΟιθ―:7205684c27-7205684c27

ε·¥δ½η«™:Π΅µκ¶ώ΄σ¶ΣΧΫΊΟιθ―:7205684c27-7205684c27

ε·¥δ½η«™:Π΅µκ¶ώ΄σ¶ΣΧΫΊΟιθ―:7205684c27-7205684c27

ε·¥δ½η«™:Π΅µκ¶ώ΄σ¶ΣΧΫΊΟιθ―:7205684c27-7205684c27

ε·¥δ½η«™:Π΅µκ¶ώ΄σ¶ΣΧΫΊΟιθ―:7205684c27-7205684c27

ε·¥δ½η«™:Π΅µκ¶ώ΄σ¶ΣΧΫΊΟιθ―:7205684c27-7205684c27

ε·¥δ½η«™:Π΅µκ¶ώ΄σ¶ΣΧΫΊΟιθ―:7205684c27-7205684c27

ε·¥δ½η«™:Π΅µκ¶ώ΄σ¶ΣΧΫΊΟιθ―:7205684c27-7205684c27

ε·¥δ½η«™:Π΅µκ¶ώ΄σ¶ΣΧΫΊΟιθ―:7205684c27-7205684c27

ε·¥δ½η«™:Π΅µκ¶ώ΄σ¶ΣΧΫΊΟιθ―:7205684c27-7205684c27

ε·¥δ½η«™:Π΅µκ¶ώ΄σ¶ΣΧΫΊΟιθ―:7205684c27-7205684c27

ε·¥δ½η«™:Π΅µκ¶ώ΄σ¶ΣΧΫΊΟιθ―:7205684c27-7205684c27

ε·¥δ½η«™:Π΅µκ¶ώ΄σ¶ΣΧΫΊΟιθ―:7205684c27-7205684c27

ε·¥δ½η«™:Π΅µκ¶ώ΄σ¶ΣΧΫΊΟιθ―:7205684c27-7205684c27

ε·¥δ½η«™:Π΅µκ¶ώ΄σ¶ΣΧΫΊΟιθ―:7205684c27-7205684c27

ε·¥δ½η«™:Π΅µκ¶ώ΄σ¶ΣΧΫΊΟιθ―:7205684c27-7205684c27

ε·¥δ½η«™:Π΅µκ¶ώ΄σ¶ΣΧΫΊΟιθ―:7205684c27-7205684c27

ε·¥δ½η«™:Π΅µκ¶ώ΄σ¶ΣΧΫΊΟιθ―:7205684c27-7205684c27

ε·¥δ½η«™:Π΅µκ¶ώ΄σ¶ΣΧΫΊΟιθ―:7205684c27-7205684c27

ε·¥δ½η«™:Π΅µκ¶ώ΄σ¶ΣΧΫΊΟιθ―:7205684c27-7205684c27

ε·¥δ½η«™:Π΅µκ¶ώ΄σ¶ΣΧΫΊΟιθ―:7205684c27-7205684c27

ε·¥δ½η«™:Π΅µκ¶ώ΄σ¶ΣΧΫΊΟιθ―:7205684c27-7205684c27

ε·¥δ½η«™:Π΅µκ¶ώ΄σ¶ΣΧΫΊΟιθ―:7205684c27-7205684c27

ε·¥δ½η«™:Π΅µκ¶ώ΄σ¶ΣΧΫΊΟιθ―:7205684c27-7205684c27

ε·¥δ½η«™:Π΅µκ¶ώ΄σ¶ΣΧΫΊΟιθ―:7205684c27-7205684c27

ε·¥δ½η«™:Π΅µκ¶ώ΄σ¶ΣΧΫΊΟιθ―:7205684c27-7205684c27

ε·¥δ½η«™:Π΅µκ¶ώ΄σ¶ΣΧΫΊΟιθ―:7205684c27-7205684c27

ε·¥δ½η«™:Π΅µκ¶ώ΄σ¶ΣΧΫΊΟιθ―:7205684c27-7205684c27

ε·¥δ½η«™:Π΅µκ¶ώ΄σ¶ΣΧΫΊΟιθ―:7205684c27-7205684c27

ε·¥δ½η«™:Π΅µκ¶ώ΄σ¶ΣΧΫΊΟιθ―:7205684c27-7205684c27

ε·¥δ½η«™:Π΅µκ¶ώ΄σ¶ΣΧΫΊΟιθ―:7205684c27-7205684c27

ε·¥δ½η«™:Π΅µκ¶ώ΄σ¶ΣΧΫΊΟιθ―:7205684c27-7205684c27

ε·¥δ½η«™:Π΅µκ¶ώ΄σ¶ΣΧΫΊΟιθ―:7205684c27-7205684c27

ε·¥δ½η«™:Π΅µκ¶ώ΄σ¶ΣΧΫΊΟιθ―:7205684c27-7205684c27

ε·¥δ½η«™:Π΅µκ¶ώ΄σ¶ΣΧΫΊΟιθ―:7205684c27-7205684c27

ε·¥δ½η«™:Π΅µκ¶ώ΄σ¶ΣΧΫΊΟιθ―:7205684c27-7205684c27

ε·¥δ½η«™:Π΅µκ¶ώ΄σ¶ΣΧΫΊΟιθ―:7205684c27-7205684c27

ε·¥δ½η«™:Π΅µκ¶ώ΄σ¶ΣΧΫΊΟιθ―:7205684c27-7205684c27

ε·¥δ½η«™:Π΅µκ¶ώ΄σ¶ΣΧΫΊΟιθ―:7205684c27-7205684c27

ε·¥δ½η«™:Π΅µκ¶ώ΄σ¶ΣΧΫΊΟιθ―:7205684c27-7205684c27

ε·¥δ½η«™:Π΅µκ¶ώ΄σ¶ΣΧΫΊΟιθ―:7205684c27-7205684c27

ε·¥δ½η«™:Π΅µκ¶ώ΄σ¶ΣΧΫΊΟιθ―:7205684c27-7205684c27

ε·¥δ½η«™:Π΅µκ¶ώ΄σ¶ΣΧΫΊΟιθ―:7205684c27-7205684c27

ε·¥δ½η«™:Π΅µκ¶ώ΄σ¶ΣΧΫΊΟιθ―:7205684c27-7205684c27

ε·¥δ½η«™:Π΅µκ¶ώ΄σ¶ΣΧΫΊΟιθ―:7205684c27-7205684c27

ε·¥δ½η«™:Π΅µκ¶ώ΄σ¶ΣΧΫΊΟιθ―:7205684c27-7205684c27

ε·¥δ½η«™:Π΅µκ¶ώ΄σ¶ΣΧΫΊΟιθ―:7205684c27-7205684c27

ε·¥δ½η«™:Π΅µκ¶ώ΄σ¶ΣΧΫΊΟιθ―:7205684c27-7205684c27

ε·¥δ½η«™:Π΅µκ¶ώ΄σ¶ΣΧΫΊΟιθ―:7205684c27-7205684c27

ε·¥δ½η«™:Π΅µκ¶ώ΄σ¶ΣΧΫΊΟιθ―:7205684c27-7205684c27

ε·¥δ½η«™:Π΅µκ¶ώ΄σ¶ΣΧΫΊΟιθ―:7205684c27-7205684c27

ε·¥δ½η«™:Π΅µκ¶ώ΄σ¶ΣΧΫΊΟιθ―:7205684c27-7205684c27

ε·¥δ½η«™:Π΅µκ¶ώ΄σ¶ΣΧΫΊΟιθ―:7205684c27-7205684c27

ε·¥δ½η«™:Π΅µκ¶ώ΄σ¶ΣΧΫΊΟιθ―:7205684c27-7205684c27

ε·¥δ½η«™:Π΅µκ¶ώ΄σ¶ΣΧΫΊΟιθ―:7205684c27-7205684c27

ε·¥δ½η«™:Π΅µκ¶ώ΄σ¶ΣΧΫΊΟιθ―:7205684c27-7205684c27

ε·¥δ½η«™:Π΅µκ¶ώ΄σ¶ΣΧΫΊΟιθ―:7205684c27-7205684c27

ε·¥δ½η«™:Π΅µκ¶ώ΄σ¶ΣΧΫΊΟιθ―:7205684c27-7205684c27

ε·¥δ½η«™:Π΅µκ¶ώ΄σ¶ΣΧΫΊΟιθ―:7205684c27-7205684c27

ε·¥δ½η«™:Π΅µκ¶ώ΄σ¶ΣΧΫΊΟιθ―:7205684c27-7205684c27

ε·¥δ½η«™:Π΅µκ¶ώ΄σ¶ΣΧΫΊΟιθ―:7205684c27-7205684c27

ε·¥δ½η«™:Π΅µκ¶ώ΄σ¶ΣΧΫΊΟιθ―:7205684c27-7205684c27

ε·¥δ½η«™:Π΅µκ¶ώ΄σ¶ΣΧΫΊΟιθ―:7205684c27-7205684c27

ε·¥δ½η«™:Π΅µκ¶ώ΄σ¶ΣΧΫΊΟιθ―:7205684c27-7205684c27

ε·¥δ½η«™:Π΅µκ¶ώ΄σ¶ΣΧΫΊΟιθ―:7205684c27-7205684c27

ε·¥δ½η«™:Π΅µκ¶ώ΄σ¶ΣΧΫΊΟιθ―:7205684c27-7205684c27

ε·¥δ½η«™:Π΅µκ¶ώ΄σ¶ΣΧΫΊΟιθ―:7205684c27-7205684c27

ε·¥δ½η«™:Π΅µκ¶ώ΄σ¶ΣΧΫΊΟιθ―:7205684c27-7205684c27

ε·¥δ½η«™:Π΅µκ¶ώ΄σ¶ΣΧΫΊΟιθ―:7205684c27-7205684c27

ε·¥δ½η«™:Π΅µκ¶ώ΄σ¶ΣΧΫΊΟιθ―:7205684c27-7205684c27

ε·¥δ½η«™:Π΅µκ¶ώ΄σ¶ΣΧΫΊΟιθ―:7205684c27-7205684c27

ε·¥δ½η«™:Π΅µκ¶ώ΄σ¶ΣΧΫΊΟιθ―:7205684c27-7205684c27

ε·¥δ½η«™:Π΅µκ¶ώ΄σ¶ΣΧΫΊΟιθ―:7205684c27-7205684c27

ε·¥δ½η«™:Π΅µκ¶ώ΄σ¶ΣΧΫΊΟιθ―:7205684c27-7205684c27

ε·¥δ½η«™:Π΅µκ¶ώ΄σ¶ΣΧΫΊΟιθ―:7205684c27-7205684c27

ε·¥δ½η«™:Π΅µκ¶ώ΄σ¶ΣΧΫΊΟιθ―:7205684c27-7205684c27

ε·¥δ½η«™:Π΅µκ¶ώ΄σ¶ΣΧΫΊΟιθ―:7205684c27-7205684c27

ε·¥δ½η«™:Π΅µκ¶ώ΄σ¶ΣΧΫΊΟιθ―:7205684c27-7205684c27

ε·¥δ½η«™:Π΅µκ¶ώ΄σ¶ΣΧΫΊΟιθ―:7205684c27-7205684c27

ε·¥δ½η«™:Π΅µκ¶ώ΄σ¶ΣΧΫΊΟιθ―:7205684c27-7205684c27

ε·¥δ½η«™:Π΅µκ¶ώ΄σ¶ΣΧΫΊΟιθ―:7205684c27-7205684c27

ε·¥δ½η«™:Π΅µκ¶ώ΄σ¶ΣΧΫΊΟιθ―:7205684c27-7205684c27

ε·¥δ½η«™:Π΅µκ¶ώ΄σ¶ΣΧΫΊΟιθ―:7205684c27-7205684c27

ε·¥δ½η«™:Π΅µκ¶ώ΄σ¶ΣΧΫΊΟιθ―:7205684c27-7205684c27

ε·¥δ½η«™:Π΅µκ¶ώ΄σ¶ΣΧΫΊΟιθ―:7205684c27-7205684c27

ε·¥δ½η«™:Π΅µκ¶ώ΄σ¶ΣΧΫΊΟιθ―:7205684c27-7205684c27

ε·¥δ½η«™:Π΅µκ¶ώ΄σ¶ΣΧΫΊΟιθ―:7205684c27-7205684c27

ε·¥δ½η«™:Π΅µκ¶ώ΄σ¶ΣΧΫΊΟιθ―:7205684c27-7205684c27

ε·¥δ½η«™:Π΅µκ¶ώ΄σ¶ΣΧΫΊΟιθ―:7205684c27-7205684c27

ε·¥δ½η«™:Π΅µκ¶ώ΄σ¶ΣΧΫΊΟιθ―:7205684c27-7205684c27

ε·¥δ½η«™:Π΅µκ¶ώ΄σ¶ΣΧΫΊΟιθ―:7205684c27-7205684c27

ε·¥δ½η«™:Π΅µκ¶ώ΄σ¶ΣΧΫΊΟιθ―:7205684c27-7205684c27

ε·¥δ½η«™:Π΅µκ¶ώ΄σ¶ΣΧΫΊΟιθ―:7205684c27-7205684c27

ε·¥δ½η«™:Π΅µκ¶ώ΄σ¶ΣΧΫΊΟιθ―:7205684c27-7205684c27

ε·¥δ½η«™:Π΅µκ¶ώ΄σ¶ΣΧΫΊΟιθ―:7205684c27-7205684c27

ε·¥δ½η«™:Π΅µκ¶ώ΄σ¶ΣΧΫΊΟιθ―:7205684c27-7205684c27

ε·¥δ½η«™:Π΅µκ¶ώ΄σ¶ΣΧΫΊΟιθ―:7205684c27-7205684c27

ε·¥δ½η«™:Π΅µκ¶ώ΄σ¶ΣΧΫΊΟιθ―:7205684c27-7205684c27

ε·¥δ½η«™:Π΅µκ¶ώ΄σ¶ΣΧΫΊΟιθ―:7205684c27-7205684c27

ε·¥δ½η«™:Π΅µκ¶ώ΄σ¶ΣΧΫΊΟιθ―:7205684c27-7205684c27

ε·¥δ½η«™:Π΅µκ¶ώ΄σ¶ΣΧΫΊΟιθ―:7205684c27-7205684c27

ε·¥δ½η«™:Π΅µκ¶ώ΄σ¶ΣΧΫΊΟιθ―:7205684c27-7205684c27

ε·¥δ½η«™:Π΅µκ¶ώ΄σ¶ΣΧΫΊΟιθ―:7205684c27-7205684c27

ε·¥δ½η«™:Π΅µκ¶ώ΄σ¶ΣΧΫΊΟιθ―:7205684c27-7205684c27

ε·¥δ½η«™:Π΅µκ¶ώ΄σ¶ΣΧΫΊΟιθ―:7205684c27-7205684c27

ε·¥δ½η«™:Π΅µκ¶ώ΄σ¶ΣΧΫΊΟιθ―:7205684c27-7205684c27

ε·¥δ½η«™:Π΅µκ¶ώ΄σ¶ΣΧΫΊΟιθ―:7205684c27-7205684c27

ε·¥δ½η«™:Π΅µκ¶ώ΄σ¶ΣΧΫΊΟιθ―:7205684c27-7205684c27

ε·¥δ½η«™:Π΅µκ¶ώ΄σ¶ΣΧΫΊΟιθ―:7205684c27-7205684c27

ε·¥δ½η«™:Π΅µκ¶ώ΄σ¶ΣΧΫΊΟιθ―:7205684c27-7205684c27

ε·¥δ½η«™:Π΅µκ¶ώ΄σ¶ΣΧΫΊΟιθ―:7205684c27-7205684c27

ε·¥δ½η«™:Π΅µκ¶ώ΄σ¶ΣΧΫΊΟιθ―:7205684c27-7205684c27

ε·¥δ½η«™:Π΅µκ¶ώ΄σ¶ΣΧΫΊΟιθ―:7205684c27-7205684c27

ε·¥δ½η«™:Π΅µκ¶ώ΄σ¶ΣΧΫΊΟιθ―:7205684c27-7205684c27

ε·¥δ½η«™:Π΅µκ¶ώ΄σ¶ΣΧΫΊΟιθ―:7205684c27-7205684c27

ε·¥δ½η«™:Π΅µκ¶ώ΄σ¶ΣΧΫΊΟιθ―:7205684c27-7205684c27

ε·¥δ½η«™:Π΅µκ¶ώ΄σ¶ΣΧΫΊΟιθ―:7205684c27-7205684c27

ε·¥δ½η«™:Π΅µκ¶ώ΄σ¶ΣΧΫΊΟιθ―:7205684c27-7205684c27

ε·¥δ½η«™:Π΅µκ¶ώ΄σ¶ΣΧΫΊΟιθ―:7205684c27-7205684c27

ε·¥δ½η«™:Π΅µκ¶ώ΄σ¶ΣΧΫΊΟιθ―:7205684c27-7205684c27

ε·¥δ½η«™:Π΅µκ¶ώ΄σ¶ΣΧΫΊΟιθ―:7205684c27-7205684c27

ε·¥δ½η«™:Π΅µκ¶ώ΄σ¶ΣΧΫΊΟιθ―:7205684c27-7205684c27

ε·¥δ½η«™:Π΅µκ¶ώ΄σ¶ΣΧΫΊΟιθ―:7205684c27-7205684c27

ε·¥δ½η«™:Π΅µκ¶ώ΄σ¶ΣΧΫΊΟιθ―:7205684c27-7205684c27

ε·¥δ½η«™:Π΅µκ¶ώ΄σ¶ΣΧΫΊΟιθ―:7205684c27-7205684c27

ε·¥δ½η«™:Π΅µκ¶ώ΄σ¶ΣΧΫΊΟιθ―:7205684c27-7205684c27

ε·¥δ½η«™:Π΅µκ¶ώ΄σ¶ΣΧΫΊΟιθ―:7205684c27-7205684c27

ε·¥δ½η«™:Π΅µκ¶ώ΄σ¶ΣΧΫΊΟιθ―:7205684c27-7205684c27

ε·¥δ½η«™:Π΅µκ¶ώ΄σ¶ΣΧΫΊΟιθ―:7205684c27-7205684c27

ε·¥δ½η«™:Π΅µκ¶ώ΄σ¶ΣΧΫΊΟιθ―:7205684c27-7205684c27

ε·¥δ½η«™:Π΅µκ¶ώ΄σ¶ΣΧΫΊΟιθ―:7205684c27-7205684c27

