еЈ•дљЬзЂЩ:XIAODIAN2й™МиѓБ:b16bf628e5-b16bf628e5

{"modtime":"2017-07-31 10:07:31","online":"1","startime":"2017-07-31 10:07:31","lastime":"2017-07-28 14:53:55"}

еЈ•дљЬзЂЩ:XIAODIAN2й™МиѓБ:b16bf628e5-b16bf628e5

{"modtime":"2017-07-31 10:09:31","online":"1","lastime":"2017-07-31 10:07:31"}

еЈ•дљЬзЂЩ:XIAODIAN2й™МиѓБ:b16bf628e5-b16bf628e5

{"modtime":"2017-07-31 10:27:06","online":"1","startime":"2017-07-31 10:27:06","lastime":"2017-07-31 10:09:31"}

еЈ•дљЬзЂЩ:XIAODIAN2й™МиѓБ:b16bf628e5-b16bf628e5

{"modtime":"2017-07-31 10:29:06","online":"1","lastime":"2017-07-31 10:27:06"}

еЈ•дљЬзЂЩ:XIAODIAN2й™МиѓБ:b16bf628e5-b16bf628e5

{"modtime":"2017-07-31 10:31:06","online":"1","lastime":"2017-07-31 10:29:06"}

еЈ•дљЬзЂЩ:XIAODIAN2й™МиѓБ:b16bf628e5-b16bf628e5

{"modtime":"2017-07-31 10:33:06","online":"1","lastime":"2017-07-31 10:31:06"}

еЈ•дљЬзЂЩ:XIAODIAN2й™МиѓБ:b16bf628e5-b16bf628e5

{"modtime":"2017-07-31 10:35:06","online":"1","lastime":"2017-07-31 10:33:06"}

еЈ•дљЬзЂЩ:XIAODIAN2й™МиѓБ:b16bf628e5-b16bf628e5

{"modtime":"2017-07-31 10:37:06","online":"1","lastime":"2017-07-31 10:35:06"}

еЈ•дљЬзЂЩ:XIAODIAN2й™МиѓБ:b16bf628e5-b16bf628e5

{"modtime":"2017-07-31 10:39:06","online":"1","lastime":"2017-07-31 10:37:06"}

еЈ•дљЬзЂЩ:XIAODIAN2й™МиѓБ:b16bf628e5-b16bf628e5

{"modtime":"2017-07-31 10:41:06","online":"1","lastime":"2017-07-31 10:39:06"}

еЈ•дљЬзЂЩ:XIAODIAN2й™МиѓБ:b16bf628e5-b16bf628e5

{"modtime":"2017-07-31 10:43:06","online":"1","lastime":"2017-07-31 10:41:06"}

еЈ•дљЬзЂЩ:XIAODIAN2й™МиѓБ:b16bf628e5-b16bf628e5

{"modtime":"2017-07-31 10:45:06","online":"1","lastime":"2017-07-31 10:43:06"}

еЈ•дљЬзЂЩ:XIAODIAN2й™МиѓБ:b16bf628e5-b16bf628e5

{"modtime":"2017-07-31 10:47:06","online":"1","lastime":"2017-07-31 10:45:06"}

еЈ•дљЬзЂЩ:XIAODIAN2й™МиѓБ:b16bf628e5-b16bf628e5

{"modtime":"2017-07-31 10:49:06","online":"1","lastime":"2017-07-31 10:47:06"}

еЈ•дљЬзЂЩ:XIAODIAN2й™МиѓБ:b16bf628e5-b16bf628e5

{"modtime":"2017-07-31 11:01:43","online":"1","startime":"2017-07-31 11:01:43","lastime":"2017-07-31 10:49:06"}

еЈ•дљЬзЂЩ:XIAODIAN2й™МиѓБ:b16bf628e5-b16bf628e5

{"modtime":"2017-07-31 11:03:43","online":"1","lastime":"2017-07-31 11:01:43"}

еЈ•дљЬзЂЩ:XIAODIAN2й™МиѓБ:b16bf628e5-b16bf628e5

{"modtime":"2017-07-31 11:05:43","online":"1","lastime":"2017-07-31 11:03:43"}

еЈ•дљЬзЂЩ:XIAODIAN2й™МиѓБ:b16bf628e5-b16bf628e5

{"modtime":"2017-07-31 11:07:43","online":"1","lastime":"2017-07-31 11:05:43"}

еЈ•дљЬзЂЩ:XIAODIAN2й™МиѓБ:b16bf628e5-b16bf628e5

{"modtime":"2017-07-31 11:09:43","online":"1","lastime":"2017-07-31 11:07:43"}

еЈ•дљЬзЂЩ:–°µкґюіуґ”»э÷–й™МиѓБ:1984e9bac0-1984e9bac0

еЈ•дљЬзЂЩ:–°µкґюіуґ”»э÷–й™МиѓБ:1984e9bac0-1984e9bac0

еЈ•дљЬзЂЩ:–°µкґюіуґ”“ї÷–й™МиѓБ:3435495ce8-3435495ce8

еЈ•дљЬзЂЩ:–°µкґюіуґ”“ї÷–й™МиѓБ:3435495ce8-3435495ce8

еЈ•дљЬзЂЩ:–°µкґюіуґ”»э÷–й™МиѓБ:1984e9bac0-1984e9bac0

еЈ•дљЬзЂЩ:–°µкґюіуґ”»э÷–й™МиѓБ:1984e9bac0-1984e9bac0

еЈ•дљЬзЂЩ:–°µкґюіуґ”»э÷–й™МиѓБ:1984e9bac0-1984e9bac0

еЈ•дљЬзЂЩ:–°µкґюіуґ”»э÷–й™МиѓБ:1984e9bac0-1984e9bac0

еЈ•дљЬзЂЩ:–°µкґюіуґ”»э÷–й™МиѓБ:1984e9bac0-1984e9bac0

